printing nodes:
0) 39.4 - 84.0
1) 79.8 - 78.3
2) 19.8 - 91.2
3) 76.8 - 33.5
4) 55.4 - 27.8
5) 62.9 - 47.7
6) 51.3 - 36.5
7) 91.6 - 95.2
8) 71.7 - 63.6
9) 60.7 - 14.2
10) 24.3 - 1.6
11) 80.4 - 13.7
12) 40.1 - 15.7
13) 10.9 - 13.0
14) 21.8 - 99.9
15) 83.9 - 51.3
16) 29.6 - 61.3
17) 52.4 - 63.8
18) 97.3 - 49.4
19) 77.1 - 29.3
20) 77.0 - 52.7
21) 89.2 - 40.0
22) 35.2 - 28.3
23) 91.9 - 80.8
24) 94.9 - 7.0
25) 8.6 - 52.6
26) 66.3 - 19.2
27) 34.9 - 89.0
28) 2.0 - 6.4
29) 6.3 - 45.8
30) 97.1 - 23.8
31) 85.1 - 90.2
32) 54.0 - 26.7
33) 76.0 - 37.5
34) 66.8 - 51.3
35) 3.9 - 53.2
36) 93.2 - 43.8
37) 72.1 - 93.1
38) 73.9 - 28.4
39) 35.4 - 64.0
40) 16.6 - 68.8
41) 88.0 - 44.0
42) 33.0 - 82.9
43) 89.3 - 22.9
44) 68.7 - 35.0
45) 58.9 - 95.6
46) 85.9 - 65.7
47) 92.4 - 44.0
48) 81.5 - 39.8
49) 91.1 - 68.4
50) 21.6 - 48.2
51) 92.0 - 95.0
52) 88.1 - 14.8
53) 43.2 - 64.1
54) 28.1 - 62.0
55) 30.7 - 78.6
56) 22.6 - 44.7
57) 27.6 - 18.8
58) 41.7 - 55.6
59) 90.7 - 17.0
-----------
initializing population
operation on population will be launched on 16 blocks with dim (32, 2)
operation on offspring will be launched on 48 blocks with dim (32, 2)
running main loop
Iterated 500 times, elapsed time is 2416.58 ms, for 4.83 ms/it
summary of iterations:
2507.43 ->
2451.48 ->2452.93 ->2346.85 ->2271.59 ->2250.81 ->2175.27 ->2115.61 ->2060.20 ->2087.78 ->1974.25 ->
1976.93 ->1932.71 ->1925.64 ->1916.41 ->1926.34 ->1906.62 ->1874.98 ->1831.47 ->1846.15 ->1815.04 ->
1778.91 ->1769.89 ->1742.47 ->1753.87 ->1653.76 ->1645.48 ->1628.55 ->1605.34 ->1619.91 ->1610.51 ->
1629.31 ->1614.69 ->1634.18 ->1612.41 ->1562.39 ->1626.51 ->1628.40 ->1603.78 ->1579.55 ->1574.66 ->
1542.66 ->1539.72 ->1560.47 ->1530.88 ->1535.78 ->1521.75 ->1516.07 ->1466.67 ->1474.97 ->1468.16 ->
1491.14 ->1515.83 ->1466.49 ->1467.40 ->1440.93 ->1415.04 ->1473.50 ->1472.77 ->1452.11 ->1483.52 ->
1440.70 ->1426.11 ->1462.13 ->1435.51 ->1418.97 ->1394.75 ->1405.34 ->1398.41 ->1379.13 ->1427.06 ->
1353.61 ->1344.24 ->1364.40 ->1373.09 ->1328.64 ->1309.37 ->1305.46 ->1307.43 ->1337.70 ->1325.09 ->
1328.18 ->1331.84 ->1290.01 ->1334.19 ->1288.97 ->1261.76 ->1256.80 ->1228.70 ->1255.67 ->1272.46 ->
1298.57 ->1327.32 ->1283.38 ->1289.93 ->1289.93 ->1289.11 ->1309.71 ->1320.99 ->1321.29 ->1275.23 ->
1277.53 ->1275.09 ->1274.09 ->1239.20 ->1237.52 ->1237.52 ->1165.08 ->1256.56 ->1244.67 ->1225.56 ->
1182.19 ->1169.48 ->1200.99 ->1200.39 ->1193.41 ->1218.10 ->1193.15 ->1192.45 ->1188.06 ->1188.06 ->
1187.86 ->1194.33 ->1226.12 ->1223.68 ->1250.61 ->1197.22 ->1198.77 ->1202.92 ->1213.66 ->1222.25 ->
1217.04 ->1203.03 ->1222.17 ->1205.36 ->1241.98 ->1218.91 ->1200.89 ->1226.97 ->1184.76 ->1178.94 ->
1224.51 ->1210.27 ->1218.99 ->1255.23 ->1228.34 ->1208.09 ->1232.83 ->1223.91 ->1222.17 ->1209.08 ->
1228.29 ->1199.28 ->1199.28 ->1204.99 ->1201.38 ->1208.27 ->1211.23 ->1243.88 ->1211.49 ->1223.15 ->
1187.65 ->1138.14 ->1158.08 ->1174.33 ->1143.33 ->1135.38 ->1097.62 ->1127.85 ->1146.54 ->1155.18 ->
1176.49 ->1176.18 ->1159.68 ->1184.11 ->1162.06 ->1175.02 ->1162.75 ->1128.43 ->1160.38 ->1178.48 ->
1199.95 ->1184.18 ->1183.75 ->1138.27 ->1162.81 ->1171.07 ->1189.42 ->1189.04 ->1104.38 ->1199.36 ->
1169.93 ->1104.36 ->1112.37 ->1112.37 ->1155.43 ->1175.50 ->1151.41 ->1180.45 ->1144.15 ->1137.79 ->
1149.15 ->1134.59 ->1161.64 ->1141.34 ->1092.96 ->1156.96 ->1149.15 ->1167.37 ->1150.12 ->1177.49 ->
1173.51 ->1114.98 ->1155.15 ->1159.73 ->1170.88 ->1101.20 ->1135.98 ->1182.16 ->1182.52 ->1176.36 ->
1186.35 ->1180.21 ->1142.60 ->1153.17 ->1164.78 ->1151.00 ->1150.55 ->1149.67 ->1125.47 ->1085.59 ->
1105.20 ->1089.01 ->1105.21 ->1068.42 ->1073.24 ->1083.25 ->1084.83 ->1094.61 ->1075.35 ->1090.24 ->
1065.14 ->1073.59 ->1063.95 ->1052.97 ->1072.40 ->1013.47 ->1035.80 ->1068.87 ->1049.75 ->1039.40 ->
1028.64 ->1027.85 ->1040.30 ->997.05 ->1013.24 ->1049.97 ->991.13 ->1008.94 ->1006.12 ->1006.12 ->
979.80 ->950.48 ->933.44 ->941.74 ->910.99 ->966.71 ->982.54 ->889.45 ->949.73 ->943.47 ->
930.65 ->940.30 ->900.37 ->914.20 ->880.09 ->892.00 ->904.74 ->857.67 ->877.56 ->877.56 ->
885.60 ->867.15 ->839.71 ->881.28 ->859.65 ->825.30 ->825.30 ->812.37 ->816.41 ->814.47 ->
828.19 ->823.37 ->817.26 ->807.07 ->796.90 ->796.90 ->788.13 ->767.74 ->783.92 ->753.42 ->
754.89 ->754.89 ->767.95 ->767.95 ->746.80 ->741.50 ->736.85 ->741.12 ->727.64 ->741.56 ->
736.64 ->725.40 ->728.96 ->730.46 ->723.37 ->711.89 ->731.52 ->720.69 ->715.23 ->701.97 ->
701.00 ->692.79 ->693.01 ->701.97 ->691.49 ->704.11 ->704.11 ->695.67 ->687.69 ->687.69 ->
694.77 ->690.51 ->695.33 ->691.20 ->685.05 ->682.88 ->697.12 ->691.88 ->689.69 ->686.34 ->
687.84 ->685.04 ->687.84 ->687.50 ->681.93 ->686.71 ->689.67 ->684.65 ->685.41 ->685.53 ->
682.29 ->683.19 ->681.32 ->676.57 ->674.23 ->667.65 ->669.26 ->662.50 ->662.97 ->661.89 ->
666.34 ->662.50 ->662.50 ->662.50 ->665.91 ->664.20 ->665.13 ->661.70 ->664.08 ->662.01 ->
662.73 ->662.73 ->660.51 ->657.18 ->657.07 ->657.07 ->656.29 ->656.29 ->654.79 ->654.79 ->
654.79 ->654.79 ->654.79 ->654.79 ->654.79 ->654.79 ->654.79 ->654.79 ->654.79 ->654.79 ->
654.79 ->654.79 ->654.79 ->654.79 ->654.79 ->654.79 ->654.79 ->654.79 ->654.79 ->654.79 ->
654.79 ->654.79 ->654.79 ->654.79 ->654.79 ->654.79 ->654.79 ->654.79 ->654.79 ->654.79 ->
654.79 ->654.79 ->654.79 ->654.79 ->654.79 ->654.79 ->654.79 ->654.79 ->654.79 ->654.79 ->
654.79 ->654.79 ->654.79 ->654.79 ->654.79 ->654.79 ->654.79 ->654.79 ->654.79 ->654.79 ->
654.79 ->654.79 ->654.79 ->654.79 ->654.79 ->654.79 ->654.79 ->653.84 ->654.79 ->654.79 ->
653.84 ->653.84 ->653.84 ->653.84 ->653.84 ->653.84 ->653.84 ->653.84 ->653.84 ->653.84 ->
653.84 ->653.84 ->653.84 ->653.84 ->653.84 ->653.84 ->653.84 ->653.84 ->653.84 ->653.84 ->
653.84 ->653.84 ->653.84 ->653.84 ->653.84 ->653.84 ->653.84 ->653.84 ->653.84 ->653.84 ->
653.84 ->653.84 ->653.84 ->653.84 ->653.84 ->653.84 ->653.84 ->653.84 ->653.84 ->653.84 ->
653.84 ->653.84 ->653.84 ->653.84 ->653.84 ->653.84 ->653.84 ->653.84 ->653.84 ->653.84 ->
653.84 ->653.84 ->653.84 ->653.84 ->654.79 ->654.79 ->654.79 ->654.79 ->654.79 ->
printing the worst solution as a metric for diversity in the population:
46 18 36 47 41 21 30 43 59 24 52 11 38 19 3 33 48 15 20 8 34 5 44 26 9 32 4 6 12 10 28 13 57 22 56 50 29 35 25 40 54 16 39 58 17 53 55 42 2 14 27 0 45 37 31 7 51 23 1 49 
best solution found has path length 653.84
46 ->1 ->23 ->51 ->7 ->31 ->37 ->45 ->0 ->27 ->14 ->2 ->42 ->55 ->53 ->17 ->58 ->39 ->16 ->54 ->40 ->25 ->35 ->29 ->50 ->56 ->22 ->57 ->13 ->28 ->10 ->12 ->6 ->4 ->32 ->9 ->26 ->44 ->5 ->34 ->8 ->20 ->15 ->48 ->33 ->3 ->19 ->38 ->11 ->52 ->24 ->59 ->43 ->30 ->21 ->41 ->47 ->36 ->18 ->49 ->
