printing nodes:
0) 39.4 - 84.0
1) 79.8 - 78.3
2) 19.8 - 91.2
3) 76.8 - 33.5
4) 55.4 - 27.8
5) 62.9 - 47.7
6) 51.3 - 36.5
7) 91.6 - 95.2
8) 71.7 - 63.6
9) 60.7 - 14.2
10) 24.3 - 1.6
11) 80.4 - 13.7
12) 40.1 - 15.7
13) 10.9 - 13.0
14) 21.8 - 99.9
15) 83.9 - 51.3
16) 29.6 - 61.3
17) 52.4 - 63.8
18) 97.3 - 49.4
19) 77.1 - 29.3
20) 77.0 - 52.7
21) 89.2 - 40.0
22) 35.2 - 28.3
23) 91.9 - 80.8
24) 94.9 - 7.0
25) 8.6 - 52.6
26) 66.3 - 19.2
27) 34.9 - 89.0
28) 2.0 - 6.4
29) 6.3 - 45.8
30) 97.1 - 23.8
31) 85.1 - 90.2
32) 54.0 - 26.7
33) 76.0 - 37.5
34) 66.8 - 51.3
35) 3.9 - 53.2
36) 93.2 - 43.8
37) 72.1 - 93.1
38) 73.9 - 28.4
39) 35.4 - 64.0
40) 16.6 - 68.8
41) 88.0 - 44.0
42) 33.0 - 82.9
43) 89.3 - 22.9
44) 68.7 - 35.0
45) 58.9 - 95.6
46) 85.9 - 65.7
47) 92.4 - 44.0
-----------
initializing population
operation on population will be launched on 16 blocks with dim (32, 2)
operation on offspring will be launched on 32 blocks with dim (32, 2)
running main loop
Iterated 500 times, elapsed time is 1698.32 ms, for 3.40 ms/it
summary of iterations:
1996.29 ->
2254.48 ->2185.29 ->2147.08 ->2263.13 ->2187.10 ->2156.17 ->2197.45 ->2135.24 ->2234.09 ->2316.98 ->
2279.25 ->2284.57 ->2227.95 ->2192.41 ->2168.94 ->2105.04 ->2158.45 ->2129.84 ->2137.52 ->2143.37 ->
2161.98 ->2088.27 ->2173.63 ->2121.83 ->2114.72 ->2092.46 ->2117.41 ->2115.43 ->2157.26 ->2209.56 ->
2227.48 ->2206.27 ->2178.29 ->2190.98 ->2115.65 ->2112.72 ->1973.74 ->2059.61 ->2027.71 ->1996.98 ->
1970.41 ->1922.65 ->2010.53 ->2069.51 ->2016.49 ->2040.26 ->2057.83 ->2049.86 ->2001.02 ->2018.88 ->
2000.52 ->2066.88 ->2022.63 ->1995.24 ->2035.69 ->2110.50 ->2078.41 ->2032.63 ->1981.77 ->1877.08 ->
2095.76 ->2084.05 ->2037.74 ->1984.83 ->1991.21 ->1943.99 ->1836.91 ->1856.93 ->1891.43 ->1862.17 ->
1813.09 ->1889.07 ->1859.22 ->1840.36 ->1925.85 ->1898.03 ->1826.65 ->1795.36 ->1763.53 ->1782.65 ->
1780.86 ->1825.04 ->1867.52 ->1806.44 ->1825.04 ->1851.22 ->1863.39 ->1855.55 ->1905.18 ->1938.59 ->
1926.79 ->1918.21 ->1956.52 ->1933.96 ->1886.35 ->1856.74 ->1844.31 ->1913.31 ->1989.23 ->1916.55 ->
1980.78 ->2037.87 ->1991.55 ->2087.62 ->2036.02 ->2099.82 ->2105.40 ->2066.90 ->2058.66 ->2076.29 ->
1980.77 ->2019.19 ->1997.32 ->1940.84 ->1997.94 ->1929.20 ->1929.28 ->1880.78 ->1835.56 ->1803.41 ->
1759.29 ->1816.43 ->1852.91 ->1903.55 ->1889.60 ->1944.78 ->2005.11 ->1996.10 ->1982.07 ->2072.95 ->
2024.80 ->2001.81 ->1968.11 ->2045.55 ->1997.11 ->2045.84 ->2024.06 ->1989.28 ->1957.87 ->1934.65 ->
1950.55 ->1933.38 ->1863.64 ->1832.55 ->1868.54 ->1938.61 ->1961.04 ->1917.59 ->2026.31 ->1975.14 ->
1951.14 ->1916.05 ->2034.10 ->2026.26 ->2006.82 ->2016.72 ->2003.10 ->2068.51 ->1994.61 ->2050.30 ->
2035.99 ->2001.57 ->2061.13 ->2010.39 ->1997.18 ->2003.88 ->1979.93 ->2024.36 ->2054.80 ->2056.00 ->
2075.40 ->1960.40 ->1972.82 ->1956.94 ->2038.32 ->1991.55 ->1887.68 ->1931.33 ->1925.56 ->1917.97 ->
1867.86 ->1856.95 ->1819.43 ->1777.29 ->1823.47 ->1866.46 ->1916.42 ->1783.27 ->1959.27 ->1857.93 ->
1824.75 ->1850.99 ->1915.87 ->1939.79 ->2038.95 ->2080.32 ->2066.11 ->2120.46 ->2091.46 ->2230.23 ->
2124.23 ->2092.44 ->2083.32 ->2117.40 ->2218.47 ->2207.24 ->2160.13 ->2101.01 ->2102.94 ->2113.73 ->
2156.53 ->2188.73 ->2147.23 ->2145.04 ->2096.33 ->2096.61 ->2135.15 ->2123.34 ->2096.35 ->2158.66 ->
2093.19 ->2077.54 ->2135.05 ->2109.54 ->2163.90 ->2140.74 ->2134.64 ->2006.85 ->2027.20 ->1997.18 ->
2026.17 ->2064.04 ->2082.79 ->1973.24 ->1993.42 ->2057.07 ->2028.99 ->2073.47 ->2031.32 ->1978.25 ->
1936.50 ->1938.38 ->1847.45 ->2002.39 ->1964.26 ->2015.30 ->2018.68 ->1980.55 ->1954.37 ->2028.72 ->
2032.21 ->1972.72 ->1981.30 ->2029.78 ->1927.93 ->1947.96 ->2042.78 ->1977.00 ->1958.85 ->1910.56 ->
1903.19 ->1857.79 ->1921.54 ->1971.01 ->1969.52 ->1998.92 ->1955.02 ->2065.51 ->2062.50 ->2017.56 ->
2062.86 ->2105.25 ->2075.44 ->2203.24 ->2188.61 ->2142.47 ->2032.31 ->1931.31 ->1855.73 ->1826.56 ->
1850.62 ->1885.64 ->1893.31 ->1908.28 ->1937.84 ->1904.61 ->1973.08 ->1985.15 ->1992.32 ->2018.59 ->
1995.83 ->1984.81 ->1888.68 ->1969.09 ->1970.20 ->1947.81 ->1863.08 ->1874.53 ->1963.86 ->1934.16 ->
1961.32 ->1924.12 ->1931.14 ->1835.56 ->1799.74 ->1853.26 ->1930.38 ->1969.88 ->1957.83 ->1926.58 ->
1893.16 ->1812.53 ->1843.54 ->1797.74 ->1779.55 ->1858.36 ->1924.94 ->1968.56 ->1874.55 ->1869.02 ->
1832.48 ->1919.96 ->1946.93 ->1941.33 ->1862.71 ->1863.49 ->1903.50 ->1844.24 ->1803.37 ->1825.42 ->
1790.17 ->1758.66 ->1715.76 ->1664.19 ->1732.80 ->1673.61 ->1707.01 ->1795.21 ->1796.76 ->1842.73 ->
1838.73 ->1785.46 ->1843.30 ->1802.74 ->1769.39 ->1781.61 ->1782.82 ->1816.26 ->1706.81 ->1731.87 ->
1712.94 ->1730.85 ->1727.75 ->1682.83 ->1641.11 ->1579.57 ->1596.95 ->1611.82 ->1678.26 ->1739.12 ->
1703.29 ->1723.82 ->1752.15 ->1832.41 ->1775.72 ->1745.16 ->1729.35 ->1607.41 ->1764.59 ->1749.07 ->
1755.07 ->1722.14 ->1761.76 ->1769.85 ->1788.18 ->1825.28 ->1778.64 ->1943.62 ->1884.03 ->1822.03 ->
1867.92 ->1993.49 ->2002.30 ->1986.05 ->1977.31 ->1983.06 ->1992.14 ->1980.02 ->1969.10 ->2001.60 ->
1991.13 ->1999.17 ->2088.70 ->2067.89 ->2084.87 ->2099.86 ->2156.03 ->2096.81 ->2040.48 ->2074.39 ->
2148.70 ->2121.79 ->2095.06 ->2152.16 ->2162.51 ->2101.04 ->1914.50 ->2202.89 ->2148.14 ->2060.09 ->
1945.96 ->1970.63 ->1969.96 ->1963.87 ->1952.18 ->1928.80 ->1911.71 ->1910.91 ->1910.11 ->1891.19 ->
2014.18 ->1992.48 ->1951.02 ->1908.93 ->1956.64 ->1957.63 ->1938.08 ->1866.23 ->1845.56 ->1892.40 ->
1854.23 ->1919.06 ->1934.14 ->1842.57 ->1996.36 ->2032.21 ->1961.90 ->1925.24 ->1963.95 ->1919.32 ->
1942.35 ->1858.19 ->1907.13 ->1932.33 ->1873.25 ->1958.68 ->1916.14 ->1824.01 ->1851.87 ->1890.50 ->
1912.20 ->1957.14 ->1930.93 ->1997.71 ->1929.24 ->1930.07 ->1986.58 ->1941.40 ->1930.32 ->1951.88 ->
1932.45 ->1918.22 ->1913.53 ->1852.16 ->1861.76 ->1834.91 ->1797.47 ->1707.99 ->1746.37 ->1790.98 ->
1684.32 ->1747.80 ->1771.17 ->1689.46 ->1751.80 ->1722.98 ->1720.81 ->1723.37 ->1713.85 ->1737.41 ->
1733.71 ->1777.33 ->1802.80 ->1836.64 ->1799.42 ->1916.84 ->1895.15 ->1869.33 ->1815.26 ->1782.44 ->
1792.86 ->1708.81 ->1744.72 ->1798.23 ->1811.89 ->1689.50 ->1747.26 ->1809.75 ->1738.50 ->
printing the worst solution as a metric for diversity in the population:
46 17 23 7 18 14 8 27 2 34 36 33 1 45 5 15 32 40 42 0 41 44 38 19 22 47 3 4 11 29 35 25 16 10 28 9 6 21 20 31 39 30 43 26 24 12 13 37 
best solution found has path length 1579.57
3 ->33 ->38 ->30 ->34 ->29 ->6 ->39 ->2 ->14 ->0 ->8 ->17 ->46 ->7 ->31 ->1 ->45 ->21 ->24 ->47 ->41 ->12 ->5 ->26 ->32 ->43 ->10 ->25 ->35 ->22 ->4 ->20 ->40 ->37 ->42 ->27 ->23 ->19 ->11 ->28 ->13 ->44 ->15 ->16 ->9 ->18 ->36 ->
