printing nodes:
0) 39.4 - 84.0
1) 79.8 - 78.3
2) 19.8 - 91.2
3) 76.8 - 33.5
4) 55.4 - 27.8
5) 62.9 - 47.7
6) 51.3 - 36.5
7) 91.6 - 95.2
8) 71.7 - 63.6
9) 60.7 - 14.2
10) 24.3 - 1.6
11) 80.4 - 13.7
12) 40.1 - 15.7
13) 10.9 - 13.0
14) 21.8 - 99.9
15) 83.9 - 51.3
16) 29.6 - 61.3
17) 52.4 - 63.8
18) 97.3 - 49.4
19) 77.1 - 29.3
20) 77.0 - 52.7
21) 89.2 - 40.0
22) 35.2 - 28.3
23) 91.9 - 80.8
24) 94.9 - 7.0
25) 8.6 - 52.6
26) 66.3 - 19.2
27) 34.9 - 89.0
28) 2.0 - 6.4
29) 6.3 - 45.8
30) 97.1 - 23.8
31) 85.1 - 90.2
-----------
initializing population
operation on population will be launched on 8 blocks with dim (32, 4)
operation on offspring will be launched on 32 blocks with dim (32, 4)
running main loop
Iterated 500 times, elapsed time is 1346.60 ms, for 2.69 ms/it
summary of iterations:
1301.20 ->
1283.14 ->1203.02 ->1166.08 ->1106.37 ->1085.75 ->1075.06 ->1013.26 ->981.10 ->971.17 ->867.61 ->
866.65 ->854.64 ->854.04 ->840.01 ->803.95 ->803.95 ->787.62 ->787.94 ->771.78 ->735.42 ->
760.28 ->773.80 ->779.75 ->787.34 ->733.64 ->747.24 ->760.26 ->747.11 ->743.80 ->749.80 ->
749.37 ->744.13 ->733.61 ->701.40 ->698.80 ->693.58 ->679.13 ->687.03 ->669.50 ->695.23 ->
664.11 ->645.24 ->669.66 ->663.15 ->667.79 ->660.66 ->653.59 ->645.44 ->635.69 ->622.25 ->
620.51 ->626.83 ->608.81 ->626.83 ->626.21 ->593.08 ->585.18 ->593.33 ->581.00 ->588.54 ->
591.09 ->591.09 ->577.50 ->569.42 ->570.10 ->559.81 ->541.86 ->541.86 ->555.20 ->541.25 ->
536.12 ->535.19 ->524.52 ->524.52 ->521.93 ->515.83 ->516.56 ->516.56 ->514.28 ->511.77 ->
511.18 ->511.18 ->511.18 ->511.18 ->511.18 ->511.18 ->511.18 ->511.18 ->511.18 ->511.18 ->
511.18 ->511.18 ->511.18 ->511.18 ->511.18 ->511.18 ->511.18 ->511.18 ->511.18 ->511.18 ->
511.18 ->511.18 ->511.18 ->511.18 ->511.18 ->511.18 ->511.18 ->511.18 ->511.18 ->511.18 ->
511.18 ->511.18 ->511.18 ->511.18 ->511.18 ->511.18 ->511.18 ->511.18 ->511.18 ->511.18 ->
511.18 ->511.18 ->511.18 ->511.18 ->511.18 ->511.18 ->511.18 ->511.18 ->511.18 ->511.18 ->
511.18 ->511.18 ->511.18 ->511.18 ->511.18 ->511.18 ->511.18 ->511.18 ->511.18 ->511.18 ->
511.18 ->511.18 ->511.18 ->511.18 ->511.18 ->511.18 ->511.18 ->511.18 ->511.18 ->511.18 ->
511.18 ->511.18 ->511.18 ->511.18 ->511.18 ->511.18 ->511.18 ->511.18 ->511.18 ->511.18 ->
511.18 ->511.18 ->511.18 ->511.18 ->511.18 ->511.18 ->511.18 ->511.18 ->511.18 ->511.18 ->
511.18 ->511.18 ->511.18 ->511.18 ->511.18 ->511.18 ->511.18 ->511.18 ->511.18 ->511.18 ->
511.18 ->511.18 ->511.18 ->511.18 ->511.18 ->511.18 ->511.18 ->511.18 ->511.18 ->511.18 ->
511.18 ->511.18 ->511.18 ->511.18 ->511.18 ->511.18 ->511.18 ->511.18 ->511.18 ->511.18 ->
511.18 ->511.18 ->511.18 ->511.18 ->511.18 ->511.18 ->511.18 ->511.18 ->511.18 ->511.18 ->
511.18 ->511.18 ->511.18 ->511.18 ->511.18 ->511.18 ->511.18 ->511.18 ->511.18 ->511.18 ->
511.18 ->511.18 ->511.18 ->511.18 ->511.18 ->511.18 ->511.18 ->511.18 ->511.18 ->511.18 ->
511.18 ->511.18 ->511.18 ->511.18 ->511.18 ->511.18 ->511.18 ->511.18 ->511.18 ->511.18 ->
511.18 ->511.18 ->511.18 ->511.18 ->511.18 ->511.18 ->511.18 ->511.18 ->511.18 ->511.18 ->
511.18 ->511.18 ->511.18 ->511.18 ->511.18 ->511.18 ->511.18 ->511.18 ->511.18 ->511.18 ->
511.18 ->511.18 ->511.18 ->511.18 ->511.18 ->511.18 ->511.18 ->511.18 ->511.18 ->511.18 ->
511.18 ->511.18 ->511.18 ->511.18 ->511.18 ->511.18 ->511.18 ->511.18 ->511.18 ->511.18 ->
511.18 ->511.18 ->511.18 ->511.18 ->511.18 ->511.18 ->511.18 ->511.18 ->511.18 ->511.18 ->
511.18 ->511.18 ->511.18 ->511.18 ->511.18 ->511.18 ->511.18 ->511.18 ->511.18 ->511.18 ->
511.18 ->511.18 ->511.18 ->511.18 ->511.18 ->511.18 ->511.18 ->511.18 ->511.18 ->511.18 ->
511.18 ->511.18 ->511.18 ->511.18 ->511.18 ->511.18 ->511.18 ->511.18 ->511.18 ->511.18 ->
511.18 ->511.18 ->511.18 ->511.18 ->511.18 ->511.18 ->511.18 ->511.18 ->511.18 ->511.18 ->
511.18 ->511.18 ->511.18 ->511.18 ->511.18 ->511.18 ->511.18 ->511.18 ->511.18 ->511.18 ->
511.18 ->511.18 ->511.18 ->511.18 ->511.18 ->511.18 ->511.18 ->511.18 ->511.18 ->511.18 ->
511.18 ->511.18 ->511.18 ->511.18 ->511.18 ->511.18 ->511.18 ->511.18 ->511.18 ->511.18 ->
511.18 ->511.18 ->511.18 ->511.18 ->511.18 ->511.18 ->511.18 ->511.18 ->511.18 ->511.18 ->
511.18 ->511.18 ->511.18 ->511.18 ->511.18 ->511.18 ->511.18 ->511.18 ->511.18 ->511.18 ->
511.18 ->511.18 ->511.18 ->511.18 ->511.18 ->511.18 ->511.18 ->511.18 ->511.18 ->511.18 ->
511.18 ->511.18 ->511.18 ->511.18 ->511.18 ->511.18 ->511.18 ->511.18 ->511.18 ->511.18 ->
511.18 ->511.18 ->511.18 ->511.18 ->511.18 ->511.18 ->511.18 ->511.18 ->511.18 ->511.18 ->
511.18 ->511.18 ->511.18 ->511.18 ->511.18 ->511.18 ->511.18 ->511.18 ->511.18 ->511.18 ->
511.18 ->511.18 ->511.18 ->511.18 ->511.18 ->511.18 ->511.18 ->511.18 ->511.18 ->511.18 ->
511.18 ->511.18 ->511.18 ->511.18 ->511.18 ->511.18 ->511.18 ->511.18 ->511.18 ->511.18 ->
511.18 ->511.18 ->511.18 ->511.18 ->511.18 ->511.18 ->511.18 ->511.18 ->511.18 ->511.18 ->
511.18 ->511.18 ->511.18 ->511.18 ->511.18 ->511.18 ->511.18 ->511.18 ->511.18 ->511.18 ->
511.18 ->511.18 ->511.18 ->511.18 ->511.18 ->511.18 ->511.18 ->511.18 ->511.18 ->511.18 ->
511.18 ->511.18 ->511.18 ->511.18 ->511.18 ->511.18 ->511.18 ->511.18 ->511.18 ->511.18 ->
511.18 ->511.18 ->511.18 ->511.18 ->511.18 ->511.18 ->511.18 ->511.18 ->511.18 ->511.18 ->
511.18 ->511.18 ->511.18 ->511.18 ->511.18 ->511.18 ->511.18 ->511.18 ->511.18 ->
printing the worst solution as a metric for diversity in the population:
4 6 22 12 10 28 13 29 25 16 2 14 27 0 17 5 8 1 31 7 23 20 15 18 21 3 19 30 24 11 26 9 
best solution found has path length 511.18
4 ->9 ->26 ->11 ->24 ->30 ->19 ->3 ->21 ->18 ->15 ->20 ->23 ->7 ->31 ->1 ->8 ->5 ->17 ->0 ->27 ->14 ->2 ->16 ->25 ->29 ->13 ->28 ->10 ->12 ->22 ->6 ->
