==8257== NVPROF is profiling process 8257, command: ./a.out
==8257== Warning: Unified Memory Profiling is not supported on the underlying platform. System requirements for unified memory can be found at: http://docs.nvidia.com/cuda/cuda-c-programming-guide/index.html#um-requirements
==8257== Profiling application: ./a.out
==8257== Profiling result:
            Type  Time(%)      Time     Calls       Avg       Min       Max  Name
 GPU activities:   73.51%  3.22986s       500  6.4597ms  3.7393ms  9.4238ms  naive_generation(int*, int*, unsigned int*)
                    9.93%  436.41ms      1000  436.41us  369.43us  511.83us  swap_with_positions(int*, int*, int*, int, int)
                    7.68%  337.27ms       500  674.55us  574.96us  1.0548ms  evaluate_kernel(int*, int, float const *, float*, int*)
                    4.24%  186.24ms         1  186.24ms  186.24ms  186.24ms  generate_seed_pseudo(__int64, __int64, __int64, curandOrdering, curandStateXORWOW*, unsigned int*)
                    1.07%  47.204ms         1  47.204ms  47.204ms  47.204ms  init_pop_s(int*, int, int, unsigned int*)
                    0.96%  42.157ms      1001  42.114us  22.241us  171.15us  void gen_sequenced<curandStateXORWOW, unsigned int, int, __operator_&__(unsigned int curand_noargs<curandStateXORWOW>(curandStateXORWOW*, int)), rng_config<curandStateXORWOW>>(curandStateXORWOW*, unsigned int*, unsigned long, unsigned long, int)
                    0.64%  28.139ms       500  56.277us  53.595us  64.116us  [CUDA memcpy DtoD]
                    0.43%  18.958ms      2000  9.4790us  3.1250us  18.177us  void thrust::cuda_cub::cub::DeviceRadixSortDownsweepKernel<thrust::cuda_cub::cub::DeviceRadixSortPolicy<float, int, int>::Policy700, bool=0, bool=0, float, int, int>(thrust::cuda_cub::cub::DeviceRadixSortPolicy<float, int, int>::Policy700 const *, thrust::cuda_cub::cub::DeviceRadixSortDownsweepKernel<thrust::cuda_cub::cub::DeviceRadixSortPolicy<float, int, int>::Policy700, bool=0, bool=0, float, int, int>*, bool=0 const *, thrust::cuda_cub::cub::DeviceRadixSortDownsweepKernel<thrust::cuda_cub::cub::DeviceRadixSortPolicy<float, int, int>::Policy700, bool=0, bool=0, float, int, int>**, bool=0*, thrust::cuda_cub::cub::DeviceRadixSortDownsweepKernel<thrust::cuda_cub::cub::DeviceRadixSortPolicy<float, int, int>::Policy700, bool=0, bool=0, float, int, int>**, int, int, thrust::cuda_cub::cub::GridEvenShare<thrust::cuda_cub::cub::DeviceRadixSortDownsweepKernel<thrust::cuda_cub::cub::DeviceRadixSortPolicy<float, int, int>::Policy700, bool=0, bool=0, float, int, int>**>)
                    0.38%  16.653ms      1500  11.101us  7.5000us  18.281us  void thrust::cuda_cub::cub::DeviceRadixSortDownsweepKernel<thrust::cuda_cub::cub::DeviceRadixSortPolicy<float, int, int>::Policy700, bool=1, bool=0, float, int, int>(thrust::cuda_cub::cub::DeviceRadixSortPolicy<float, int, int>::Policy700 const *, thrust::cuda_cub::cub::DeviceRadixSortDownsweepKernel<thrust::cuda_cub::cub::DeviceRadixSortPolicy<float, int, int>::Policy700, bool=1, bool=0, float, int, int>*, bool=1 const *, thrust::cuda_cub::cub::DeviceRadixSortDownsweepKernel<thrust::cuda_cub::cub::DeviceRadixSortPolicy<float, int, int>::Policy700, bool=1, bool=0, float, int, int>**, bool=0*, thrust::cuda_cub::cub::DeviceRadixSortDownsweepKernel<thrust::cuda_cub::cub::DeviceRadixSortPolicy<float, int, int>::Policy700, bool=1, bool=0, float, int, int>**, int, int, thrust::cuda_cub::cub::GridEvenShare<thrust::cuda_cub::cub::DeviceRadixSortDownsweepKernel<thrust::cuda_cub::cub::DeviceRadixSortPolicy<float, int, int>::Policy700, bool=1, bool=0, float, int, int>**>)
                    0.35%  15.333ms      3500  4.3800us  4.0100us  7.3440us  void thrust::cuda_cub::cub::RadixSortScanBinsKernel<thrust::cuda_cub::cub::DeviceRadixSortPolicy<float, int, int>::Policy700, int>(int*, int)
                    0.28%  12.397ms       500  24.794us  24.116us  31.562us  void thrust::cuda_cub::cub::DeviceRadixSortSingleTileKernel<thrust::cuda_cub::cub::DeviceRadixSortPolicy<unsigned int, int, int>::Policy700, bool=0, unsigned int, int, int>(int const *, thrust::cuda_cub::cub::DeviceRadixSortSingleTileKernel<thrust::cuda_cub::cub::DeviceRadixSortPolicy<unsigned int, int, int>::Policy700, bool=0, unsigned int, int, int>*, thrust::cuda_cub::cub::DeviceRadixSortPolicy<unsigned int, int, int>::Policy700 const *, thrust::cuda_cub::cub::DeviceRadixSortSingleTileKernel<thrust::cuda_cub::cub::DeviceRadixSortPolicy<unsigned int, int, int>::Policy700, bool=0, unsigned int, int, int>**, bool=0, int, int)
                    0.24%  10.560ms      2000  5.2790us  4.3750us  13.543us  void thrust::cuda_cub::cub::DeviceRadixSortUpsweepKernel<thrust::cuda_cub::cub::DeviceRadixSortPolicy<float, int, int>::Policy700, bool=0, bool=0, float, int>(thrust::cuda_cub::cub::DeviceRadixSortPolicy<float, int, int>::Policy700 const *, bool=0*, thrust::cuda_cub::cub::DeviceRadixSortPolicy<float, int, int>::Policy700 const *, int, int, thrust::cuda_cub::cub::GridEvenShare<thrust::cuda_cub::cub::DeviceRadixSortPolicy<float, int, int>::Policy700 const *>)
                    0.16%  6.8568ms      1500  4.5710us  3.1780us  8.7500us  void thrust::cuda_cub::cub::DeviceRadixSortUpsweepKernel<thrust::cuda_cub::cub::DeviceRadixSortPolicy<float, int, int>::Policy700, bool=1, bool=0, float, int>(thrust::cuda_cub::cub::DeviceRadixSortPolicy<float, int, int>::Policy700 const *, bool=1*, thrust::cuda_cub::cub::DeviceRadixSortPolicy<float, int, int>::Policy700 const *, int, int, thrust::cuda_cub::cub::GridEvenShare<thrust::cuda_cub::cub::DeviceRadixSortPolicy<float, int, int>::Policy700 const *>)
                    0.04%  1.9315ms      1000  1.9310us  1.3020us  4.4270us  void thrust::cuda_cub::core::_kernel_agent<thrust::cuda_cub::__parallel_for::ParallelForAgent<thrust::cuda_cub::__transform::unary_transform_f<int*, int*, thrust::cuda_cub::__transform::no_stencil_tag, thrust::identity<int>, thrust::cuda_cub::__transform::always_true_predicate>, long>, thrust::cuda_cub::__transform::unary_transform_f<int*, int*, thrust::cuda_cub::__transform::no_stencil_tag, thrust::identity<int>, thrust::cuda_cub::__transform::always_true_predicate>, long>(int*, thrust::cuda_cub::__transform::no_stencil_tag)
                    0.03%  1.3792ms       500  2.7580us  2.1350us  5.5730us  swap_best(int*, float*, int, int*, float*)
                    0.03%  1.2957ms       500  2.5910us  2.0830us  4.7930us  void thrust::cuda_cub::core::_kernel_agent<thrust::cuda_cub::__parallel_for::ParallelForAgent<thrust::cuda_cub::__transform::unary_transform_f<float*, float*, thrust::cuda_cub::__transform::no_stencil_tag, thrust::identity<float>, thrust::cuda_cub::__transform::always_true_predicate>, long>, thrust::cuda_cub::__transform::unary_transform_f<float*, float*, thrust::cuda_cub::__transform::no_stencil_tag, thrust::identity<float>, thrust::cuda_cub::__transform::always_true_predicate>, long>(float*, thrust::cuda_cub::__transform::no_stencil_tag)
                    0.02%  1.0465ms       500  2.0930us  1.7190us  3.1770us  void thrust::cuda_cub::core::_kernel_agent<thrust::cuda_cub::__parallel_for::ParallelForAgent<thrust::cuda_cub::__transform::unary_transform_f<unsigned int*, unsigned int*, thrust::cuda_cub::__transform::no_stencil_tag, thrust::identity<unsigned int>, thrust::cuda_cub::__transform::always_true_predicate>, long>, thrust::cuda_cub::__transform::unary_transform_f<unsigned int*, unsigned int*, thrust::cuda_cub::__transform::no_stencil_tag, thrust::identity<unsigned int>, thrust::cuda_cub::__transform::always_true_predicate>, long>(unsigned int*, thrust::cuda_cub::__transform::no_stencil_tag)
                    0.01%  274.68us       503     546ns     468ns  2.2400us  [CUDA memcpy DtoH]
                    0.00%  64.637us         2  32.318us  2.2920us  62.345us  [CUDA memcpy HtoD]
      API calls:   46.08%  4.71649s      1012  4.6606ms  12.604us  4.64890s  cudaMalloc
                   29.83%  3.05305s      2001  1.5258ms  7.9170us  48.719ms  cudaDeviceSynchronize
                   12.29%  1.25836s     16503  76.250us  29.635us  1.1508ms  cudaLaunchKernel
                    4.76%  487.21ms      1014  480.49us  2.1350us  257.40ms  cudaFree
                    2.80%  286.15ms      1005  284.73us  59.635us  2.1933ms  cudaMemcpy
                    2.21%  226.05ms         1  226.05ms  226.05ms  226.05ms  cudaDeviceReset
                    0.84%  86.389ms      4000  21.597us  8.8020us  204.69us  cudaFuncGetAttributes
                    0.39%  39.999ms       503  79.521us  36.198us  353.75us  cudaGetDeviceProperties
                    0.31%  32.108ms      6000  5.3510us  1.6140us  1.6926ms  cudaOccupancyMaxActiveBlocksPerMultiprocessorWithFlags
                    0.21%  21.100ms     15000  1.4060us     520ns  192.45us  cudaPeekAtLastError
                    0.11%  11.285ms      3001  3.7600us  1.5620us  76.562us  cudaGetDevice
                    0.10%  10.025ms      3000  3.3410us  1.3540us  72.448us  cudaDeviceGetAttribute
                    0.06%  6.4752ms      4004  1.6170us     521ns  57.396us  cudaGetLastError
                    0.00%  324.90us         1  324.90us  324.90us  324.90us  cudaEventSynchronize
                    0.00%  232.29us       191  1.2160us     572ns  33.177us  cuDeviceGetAttribute
                    0.00%  167.34us         2  83.671us  77.239us  90.104us  cudaEventRecord
                    0.00%  33.802us         2  16.901us  5.3650us  28.437us  cudaEventCreate
                    0.00%  27.813us         1  27.813us  27.813us  27.813us  cudaThreadSynchronize
                    0.00%  18.698us         2  9.3490us  8.3850us  10.313us  cuDeviceTotalMem
                    0.00%  15.053us         1  15.053us  15.053us  15.053us  cudaEventElapsedTime
                    0.00%  12.552us         2  6.2760us  3.6980us  8.8540us  cudaEventDestroy
                    0.00%  9.1670us         4  2.2910us  1.2500us  3.2290us  cuDeviceGetCount
                    0.00%  4.6880us         3  1.5620us  1.2500us  2.0310us  cuDeviceGet
                    0.00%  4.4270us         2  2.2130us  1.9790us  2.4480us  cuDeviceGetName
                    0.00%  4.4270us         1  4.4270us  4.4270us  4.4270us  cuInit
                    0.00%  2.3430us         2  1.1710us     989ns  1.3540us  cuDeviceGetUuid
                    0.00%  2.0830us         1  2.0830us  2.0830us  2.0830us  cuDriverGetVersion
