printing nodes:
0) 39.4 - 84.0
1) 79.8 - 78.3
2) 19.8 - 91.2
3) 76.8 - 33.5
4) 55.4 - 27.8
5) 62.9 - 47.7
6) 51.3 - 36.5
7) 91.6 - 95.2
8) 71.7 - 63.6
9) 60.7 - 14.2
10) 24.3 - 1.6
11) 80.4 - 13.7
12) 40.1 - 15.7
13) 10.9 - 13.0
14) 21.8 - 99.9
15) 83.9 - 51.3
16) 29.6 - 61.3
17) 52.4 - 63.8
18) 97.3 - 49.4
19) 77.1 - 29.3
20) 77.0 - 52.7
21) 89.2 - 40.0
22) 35.2 - 28.3
23) 91.9 - 80.8
24) 94.9 - 7.0
25) 8.6 - 52.6
26) 66.3 - 19.2
27) 34.9 - 89.0
28) 2.0 - 6.4
29) 6.3 - 45.8
30) 97.1 - 23.8
31) 85.1 - 90.2
32) 54.0 - 26.7
33) 76.0 - 37.5
34) 66.8 - 51.3
35) 3.9 - 53.2
36) 93.2 - 43.8
37) 72.1 - 93.1
38) 73.9 - 28.4
39) 35.4 - 64.0
40) 16.6 - 68.8
41) 88.0 - 44.0
42) 33.0 - 82.9
43) 89.3 - 22.9
44) 68.7 - 35.0
45) 58.9 - 95.6
46) 85.9 - 65.7
47) 92.4 - 44.0
48) 81.5 - 39.8
49) 91.1 - 68.4
50) 21.6 - 48.2
51) 92.0 - 95.0
52) 88.1 - 14.8
53) 43.2 - 64.1
54) 28.1 - 62.0
55) 30.7 - 78.6
56) 22.6 - 44.7
57) 27.6 - 18.8
58) 41.7 - 55.6
59) 90.7 - 17.0
60) 12.6 - 10.3
61) 76.0 - 49.5
62) 93.5 - 98.5
63) 38.3 - 68.4
64) 36.9 - 75.0
65) 23.2 - 29.4
66) 24.4 - 58.4
67) 73.2 - 15.2
68) 79.3 - 12.5
69) 74.5 - 16.4
70) 95.0 - 7.5
71) 52.2 - 5.3
72) 24.0 - 17.6
73) 73.3 - 79.8
74) 96.7 - 65.7
75) 76.0 - 63.9
76) 13.5 - 9.3
77) 7.8 - 52.0
78) 20.5 - 7.0
79) 82.0 - 46.1
80) 75.6 - 57.3
81) 15.8 - 5.2
82) 20.4 - 100.0
83) 12.5 - 89.0
84) 5.4 - 99.8
85) 7.2 - 87.1
86) 92.3 - 0.4
87) 18.0 - 59.4
88) 39.2 - 16.3
89) 82.0 - 91.3
90) 55.2 - 35.9
91) 45.3 - 57.9
92) 10.0 - 68.7
93) 75.7 - 53.1
94) 99.2 - 30.4
95) 87.8 - 57.7
-----------
operation on population will be launched on 8 blocks with dim (32, 4)
operation on offspring will be launched on 32 blocks with dim (32, 4)
Iterated 500 times, elapsed time is 5025.39 ms, for 10.05 ms/it
summary of iterations:
4455.48 ->4273.50 ->4212.42 ->4076.69 ->4019.09 ->3944.89 ->3814.15 ->3714.66 ->3618.91 ->3541.36 ->3519.86 ->3478.88 ->3477.50 ->3315.76 ->3266.46 ->3242.86 ->3198.36 ->3126.81 ->3103.38 ->3069.87 ->3004.80 ->2964.23 ->2982.05 ->2943.69 ->2910.88 ->2875.65 ->2756.82 ->2763.61 ->2801.68 ->2790.35 ->2710.77 ->2703.03 ->2648.61 ->2692.88 ->2602.92 ->2602.21 ->2569.67 ->2580.26 ->2572.00 ->2565.65 ->2561.92 ->2575.87 ->2571.86 ->2553.07 ->2535.82 ->2419.80 ->2464.80 ->2461.57 ->2494.29 ->2460.49 ->2407.82 ->2397.22 ->2375.83 ->2380.85 ->2319.10 ->2327.34 ->2337.97 ->2340.60 ->2288.60 ->2286.48 ->2286.53 ->2251.24 ->2254.27 ->2243.64 ->2295.22 ->2288.18 ->2279.92 ->2255.92 ->2255.92 ->2224.76 ->2120.03 ->2147.83 ->2189.41 ->2123.89 ->2135.39 ->2155.14 ->2107.67 ->2107.02 ->2142.06 ->2176.56 ->2157.42 ->2128.62 ->2128.62 ->2111.88 ->2102.39 ->2089.63 ->2047.53 ->1964.66 ->1960.63 ->1912.87 ->1913.04 ->1928.57 ->1908.70 ->1889.78 ->1892.15 ->1909.42 ->1893.28 ->1921.98 ->1851.85 ->1858.80 ->1866.54 ->1893.40 ->1834.83 ->1863.13 ->1856.60 ->1824.26 ->1828.04 ->1808.03 ->1785.41 ->1770.78 ->1759.23 ->1756.71 ->1759.37 ->1751.77 ->1720.73 ->1703.54 ->1716.42 ->1722.02 ->1701.13 ->1698.08 ->1691.64 ->1691.64 ->1692.30 ->1685.10 ->1690.17 ->1658.84 ->1647.69 ->1653.14 ->1651.34 ->1651.03 ->1638.70 ->1642.95 ->1599.96 ->1596.99 ->1593.56 ->1593.56 ->1564.12 ->1562.49 ->1543.66 ->1550.86 ->1551.85 ->1548.67 ->1528.12 ->1517.84 ->1537.63 ->1528.49 ->1533.91 ->1499.95 ->1487.62 ->1487.62 ->1478.12 ->1478.12 ->1491.85 ->1480.97 ->1465.10 ->1474.52 ->1451.31 ->1440.61 ->1444.14 ->1446.87 ->1431.56 ->1439.78 ->1409.05 ->1426.41 ->1397.16 ->1404.72 ->1407.20 ->1423.32 ->1408.71 ->1393.38 ->1393.33 ->1381.95 ->1374.82 ->1370.32 ->1345.41 ->1378.73 ->1360.08 ->1359.57 ->1351.76 ->1329.50 ->1322.51 ->1341.89 ->1341.89 ->1331.55 ->1343.25 ->1330.04 ->1299.96 ->1306.22 ->1306.22 ->1305.68 ->1307.71 ->1286.36 ->1260.41 ->1257.74 ->1257.74 ->1251.94 ->1240.94 ->1231.73 ->1235.55 ->1241.28 ->1221.20 ->1221.20 ->1221.20 ->1216.61 ->1179.11 ->1190.00 ->1190.00 ->1190.09 ->1183.97 ->1184.54 ->1166.95 ->1166.95 ->1155.69 ->1150.43 ->1139.52 ->1137.62 ->1136.07 ->1140.05 ->1133.52 ->1128.23 ->1128.23 ->1130.19 ->1120.84 ->1123.24 ->1119.34 ->1115.25 ->1115.37 ->1109.47 ->1107.43 ->1103.47 ->1103.64 ->1100.00 ->1100.40 ->1097.25 ->1082.56 ->1082.56 ->1082.56 ->1081.05 ->1079.06 ->1074.07 ->1063.83 ->1063.32 ->1063.08 ->1063.08 ->1061.14 ->1049.09 ->1054.88 ->1049.95 ->1049.37 ->1030.40 ->1048.40 ->1045.47 ->1044.60 ->1043.52 ->1040.54 ->1044.20 ->1033.32 ->1028.95 ->1028.95 ->1028.95 ->1018.93 ->1017.80 ->1017.80 ->1017.61 ->1017.61 ->1017.80 ->1018.68 ->1018.68 ->1017.56 ->1017.47 ->1017.48 ->1016.51 ->1017.47 ->1015.36 ->1012.36 ->1012.70 ->1008.47 ->1007.72 ->1011.75 ->1011.75 ->1011.33 ->1011.15 ->1009.62 ->1009.62 ->1009.62 ->1010.29 ->1010.86 ->1010.86 ->1010.19 ->1009.71 ->1009.71 ->1009.86 ->1001.66 ->1001.84 ->1009.43 ->1009.43 ->1009.43 ->1009.43 ->1009.43 ->1009.08 ->1003.40 ->1003.08 ->986.26 ->986.26 ->984.65 ->984.91 ->984.46 ->984.54 ->984.54 ->981.77 ->981.77 ->984.34 ->981.23 ->984.46 ->983.56 ->984.07 ->970.95 ->970.95 ->976.33 ->976.33 ->976.33 ->976.33 ->978.78 ->976.33 ->976.33 ->976.33 ->982.74 ->982.74 ->975.21 ->975.00 ->975.00 ->975.00 ->975.00 ->975.00 ->975.00 ->975.00 ->974.56 ->974.56 ->973.73 ->972.20 ->972.20 ->970.63 ->971.27 ->971.27 ->971.27 ->970.59 ->971.27 ->970.00 ->970.00 ->970.00 ->970.00 ->969.70 ->969.70 ->969.70 ->965.22 ->963.32 ->963.32 ->963.32 ->961.14 ->963.32 ->963.32 ->963.32 ->963.32 ->962.29 ->955.02 ->955.02 ->951.27 ->955.02 ->955.02 ->954.51 ->954.51 ->954.51 ->955.02 ->955.02 ->955.02 ->955.02 ->955.02 ->955.02 ->955.02 ->951.31 ->951.31 ->954.01 ->954.01 ->954.01 ->954.01 ->954.01 ->954.01 ->954.01 ->953.35 ->953.35 ->954.01 ->954.01 ->953.50 ->953.78 ->953.78 ->953.29 ->954.01 ->954.01 ->952.95 ->954.01 ->954.01 ->954.01 ->954.01 ->954.01 ->954.01 ->954.01 ->954.01 ->954.01 ->954.01 ->952.55 ->952.55 ->952.55 ->940.48 ->952.55 ->952.55 ->952.55 ->952.55 ->952.55 ->952.55 ->940.00 ->952.55 ->952.55 ->952.55 ->948.20 ->948.20 ->948.20 ->948.20 ->944.20 ->947.42 ->948.20 ->948.20 ->943.12 ->941.02 ->941.02 ->941.02 ->948.20 ->948.20 ->948.20 ->948.20 ->948.20 ->948.20 ->944.20 ->944.20 ->948.20 ->944.20 ->944.20 ->948.20 ->948.20 ->948.20 ->944.20 ->938.76 ->938.76 ->940.59 ->939.39 ->939.39 ->937.68 ->939.18 ->933.68 ->935.24 ->935.24 ->935.24 ->935.24 ->935.24 ->935.24 ->935.24 ->935.24 ->935.24 ->935.24 ->935.24 ->929.24 ->935.24 ->935.24 ->935.24 ->935.24 ->935.24 ->935.24 ->935.24 ->935.24 ->935.24 ->935.24 ->935.24 ->935.24 ->935.24 ->935.24 ->935.24 ->930.09 ->935.24 ->916.77 ->916.77 ->916.77 ->909.16 ->916.77 ->916.77 ->916.77 ->916.77 ->909.16 ->916.77 ->916.77 ->916.77 ->916.77 ->
printing the worst solution as a metric for diversity in the population:
5 
90 32 26 59 86 70 24 68 9 71 
12 88 22 65 57 72 78 10 81 76 
60 13 28 29 35 77 25 56 50 66 
54 16 39 63 53 17 89 31 7 51 
62 37 45 0 64 55 42 27 2 14 
82 84 83 85 92 40 87 58 91 6 
4 44 34 8 75 73 1 23 74 49 
46 95 15 41 18 36 47 21 94 30 
43 52 11 67 69 38 19 3 33 48 
79 61 20 80 93 
best solution found has path length 909.16
5 ->4 ->32 ->26 ->59 ->86 ->70 ->24 ->68 ->9 ->71 ->12 ->88 ->22 ->65 ->57 ->72 ->78 ->10 ->81 ->76 ->60 ->13 ->28 ->29 ->35 ->77 ->25 ->56 ->50 ->66 ->16 ->39 ->63 ->53 ->17 ->75 ->8 ->34 ->44 ->90 ->6 ->91 ->58 ->54 ->87 ->40 ->92 ->85 ->83 ->84 ->82 ->14 ->2 ->27 ->42 ->55 ->64 ->0 ->45 ->37 ->62 ->51 ->7 ->31 ->89 ->73 ->1 ->23 ->74 ->49 ->46 ->95 ->15 ->41 ->18 ->36 ->47 ->21 ->94 ->30 ->43 ->52 ->11 ->67 ->69 ->38 ->19 ->3 ->33 ->48 ->79 ->61 ->20 ->80 ->93 ->
