printing nodes:
0) 39.4 - 84.0
1) 79.8 - 78.3
2) 19.8 - 91.2
3) 76.8 - 33.5
4) 55.4 - 27.8
5) 62.9 - 47.7
6) 51.3 - 36.5
7) 91.6 - 95.2
8) 71.7 - 63.6
9) 60.7 - 14.2
10) 24.3 - 1.6
11) 80.4 - 13.7
12) 40.1 - 15.7
13) 10.9 - 13.0
14) 21.8 - 99.9
15) 83.9 - 51.3
16) 29.6 - 61.3
17) 52.4 - 63.8
18) 97.3 - 49.4
19) 77.1 - 29.3
20) 77.0 - 52.7
21) 89.2 - 40.0
22) 35.2 - 28.3
23) 91.9 - 80.8
24) 94.9 - 7.0
25) 8.6 - 52.6
26) 66.3 - 19.2
27) 34.9 - 89.0
28) 2.0 - 6.4
29) 6.3 - 45.8
30) 97.1 - 23.8
31) 85.1 - 90.2
32) 54.0 - 26.7
33) 76.0 - 37.5
34) 66.8 - 51.3
35) 3.9 - 53.2
36) 93.2 - 43.8
37) 72.1 - 93.1
38) 73.9 - 28.4
39) 35.4 - 64.0
40) 16.6 - 68.8
41) 88.0 - 44.0
42) 33.0 - 82.9
43) 89.3 - 22.9
44) 68.7 - 35.0
45) 58.9 - 95.6
46) 85.9 - 65.7
47) 92.4 - 44.0
-----------
initializing population
operation on population will be launched on 8 blocks with dim (32, 4)
operation on offspring will be launched on 32 blocks with dim (32, 4)
running main loop
Iterated 500 times, elapsed time is 2013.26 ms, for 4.03 ms/it
summary of iterations:
1922.50 ->
1926.45 ->1814.18 ->1800.98 ->1737.71 ->1681.51 ->1666.23 ->1596.49 ->1542.43 ->1511.03 ->1500.70 ->
1506.10 ->1451.80 ->1430.31 ->1399.48 ->1381.92 ->1338.55 ->1312.86 ->1303.95 ->1310.75 ->1240.48 ->
1253.24 ->1242.27 ->1218.81 ->1185.49 ->1198.20 ->1156.29 ->1133.54 ->1123.72 ->1120.30 ->1120.93 ->
1110.94 ->1064.97 ->1093.39 ->1064.97 ->1019.15 ->1039.78 ->1053.79 ->999.64 ->1005.57 ->988.43 ->
1042.55 ->1025.75 ->984.88 ->972.62 ->986.91 ->960.40 ->937.26 ->928.30 ->923.91 ->868.67 ->
868.20 ->867.21 ->874.25 ->865.06 ->865.19 ->874.23 ->848.89 ->824.14 ->822.06 ->787.80 ->
787.40 ->787.40 ->829.15 ->814.15 ->788.00 ->759.91 ->764.12 ->764.12 ->744.60 ->775.19 ->
771.70 ->761.74 ->770.35 ->752.08 ->742.45 ->721.18 ->720.82 ->713.78 ->712.55 ->714.67 ->
716.94 ->714.20 ->684.01 ->694.97 ->695.14 ->689.87 ->682.36 ->687.86 ->679.98 ->672.95 ->
673.98 ->668.97 ->665.92 ->665.92 ->657.60 ->658.97 ->649.28 ->644.35 ->646.79 ->633.02 ->
636.11 ->639.75 ->631.27 ->629.77 ->628.12 ->627.85 ->629.06 ->626.88 ->624.05 ->627.85 ->
624.11 ->622.59 ->621.51 ->620.01 ->621.65 ->621.97 ->620.90 ->620.90 ->620.98 ->619.76 ->
619.76 ->618.79 ->618.79 ->618.79 ->618.79 ->618.79 ->618.79 ->618.79 ->618.79 ->618.79 ->
618.79 ->618.79 ->618.79 ->618.79 ->618.79 ->618.79 ->618.79 ->618.79 ->618.79 ->618.79 ->
618.79 ->618.79 ->618.79 ->618.79 ->618.79 ->618.79 ->618.79 ->618.79 ->618.79 ->618.79 ->
618.79 ->618.79 ->618.79 ->618.79 ->618.79 ->618.79 ->618.79 ->618.79 ->618.79 ->618.79 ->
618.79 ->618.79 ->618.79 ->618.79 ->618.79 ->618.79 ->618.79 ->618.79 ->618.79 ->618.79 ->
618.79 ->618.79 ->618.79 ->618.79 ->618.79 ->618.79 ->618.79 ->618.79 ->618.79 ->618.79 ->
618.79 ->618.79 ->618.79 ->618.79 ->618.79 ->618.79 ->618.79 ->618.79 ->618.79 ->618.79 ->
618.79 ->618.79 ->618.79 ->618.79 ->618.79 ->618.79 ->618.79 ->618.79 ->618.79 ->618.79 ->
618.79 ->618.79 ->618.79 ->618.79 ->618.79 ->618.79 ->618.79 ->618.79 ->618.79 ->618.79 ->
618.79 ->618.79 ->618.79 ->618.79 ->618.79 ->618.79 ->618.79 ->618.79 ->618.79 ->618.79 ->
618.79 ->618.79 ->618.79 ->618.79 ->618.79 ->618.79 ->618.79 ->618.79 ->618.79 ->618.79 ->
618.79 ->618.79 ->618.79 ->618.79 ->618.79 ->618.79 ->618.79 ->618.79 ->618.79 ->618.79 ->
618.79 ->618.79 ->618.79 ->618.79 ->618.79 ->618.79 ->618.79 ->618.79 ->618.79 ->618.79 ->
618.79 ->618.79 ->618.79 ->618.79 ->618.79 ->618.79 ->618.79 ->618.79 ->618.79 ->618.79 ->
618.79 ->618.79 ->618.79 ->618.79 ->618.79 ->618.79 ->618.79 ->618.79 ->618.79 ->618.79 ->
618.79 ->618.79 ->618.79 ->618.79 ->618.79 ->618.79 ->618.79 ->618.79 ->618.79 ->618.79 ->
618.79 ->618.79 ->618.79 ->618.79 ->618.79 ->618.79 ->618.79 ->618.79 ->618.79 ->618.79 ->
618.79 ->618.79 ->618.79 ->618.79 ->618.79 ->618.79 ->618.79 ->618.79 ->618.79 ->618.79 ->
618.79 ->618.79 ->618.79 ->618.79 ->618.79 ->618.79 ->618.79 ->618.79 ->618.79 ->618.79 ->
618.79 ->618.79 ->618.79 ->618.79 ->618.79 ->618.79 ->618.79 ->618.79 ->618.79 ->618.79 ->
618.79 ->618.79 ->618.79 ->618.79 ->618.79 ->618.79 ->618.79 ->618.79 ->618.79 ->618.79 ->
618.79 ->618.79 ->618.79 ->618.79 ->618.79 ->618.79 ->618.79 ->618.79 ->618.79 ->618.79 ->
618.79 ->618.79 ->618.79 ->618.79 ->618.79 ->618.79 ->618.79 ->618.79 ->618.79 ->618.79 ->
618.79 ->618.79 ->618.79 ->618.79 ->618.79 ->618.79 ->618.79 ->618.79 ->618.79 ->618.79 ->
618.79 ->618.79 ->618.79 ->618.79 ->618.79 ->618.79 ->618.79 ->618.79 ->618.79 ->618.79 ->
618.79 ->618.79 ->618.79 ->618.79 ->618.79 ->618.79 ->618.79 ->618.79 ->618.79 ->618.79 ->
618.79 ->618.79 ->618.79 ->618.79 ->618.79 ->618.79 ->618.79 ->618.79 ->618.79 ->618.79 ->
618.79 ->618.79 ->618.79 ->618.79 ->618.79 ->618.79 ->618.79 ->618.79 ->618.79 ->618.79 ->
618.79 ->618.79 ->618.79 ->618.79 ->618.79 ->618.79 ->618.79 ->618.79 ->618.79 ->618.79 ->
618.79 ->618.79 ->618.79 ->618.79 ->618.79 ->618.79 ->618.79 ->618.79 ->618.79 ->618.79 ->
618.79 ->618.79 ->618.79 ->618.79 ->618.79 ->618.79 ->618.79 ->618.79 ->618.79 ->618.79 ->
618.79 ->618.79 ->618.79 ->618.79 ->618.79 ->618.79 ->618.79 ->618.79 ->618.79 ->618.79 ->
618.79 ->618.79 ->618.79 ->618.79 ->618.79 ->618.79 ->618.79 ->618.79 ->618.79 ->618.79 ->
618.79 ->618.79 ->618.79 ->618.79 ->618.79 ->618.79 ->618.79 ->618.79 ->618.79 ->618.79 ->
618.79 ->618.79 ->618.79 ->618.79 ->618.79 ->618.79 ->618.79 ->618.79 ->618.79 ->618.79 ->
618.79 ->618.79 ->618.79 ->618.79 ->618.79 ->618.79 ->618.79 ->618.79 ->618.79 ->618.79 ->
618.79 ->618.79 ->618.79 ->618.79 ->618.79 ->618.79 ->618.79 ->618.79 ->618.79 ->618.79 ->
618.79 ->618.79 ->618.79 ->618.79 ->618.79 ->618.79 ->618.79 ->618.79 ->618.79 ->
printing the worst solution as a metric for diversity in the population:
29 35 25 40 2 14 27 0 42 39 16 22 6 32 4 44 5 34 17 45 37 31 7 23 1 46 8 20 15 18 36 47 41 21 33 3 38 19 43 30 24 11 26 9 12 10 28 13 
best solution found has path length 618.79
13 ->29 ->35 ->25 ->40 ->2 ->14 ->27 ->0 ->42 ->39 ->16 ->22 ->6 ->32 ->4 ->44 ->5 ->34 ->17 ->45 ->37 ->31 ->7 ->23 ->1 ->46 ->8 ->20 ->15 ->18 ->36 ->47 ->41 ->21 ->33 ->3 ->38 ->19 ->43 ->30 ->24 ->11 ->26 ->9 ->12 ->10 ->28 ->
