==13026== NVPROF is profiling process 13026, command: ./a.out
==13026== Warning: Unified Memory Profiling is not supported on the underlying platform. System requirements for unified memory can be found at: http://docs.nvidia.com/cuda/cuda-c-programming-guide/index.html#um-requirements
==13026== Profiling application: ./a.out
==13026== Profiling result:
            Type  Time(%)      Time     Calls       Avg       Min       Max  Name
 GPU activities:   51.30%  1.01563s       500  2.0313ms  1.3648ms  4.8310ms  naive_generation(int*, int, int, int*, int, unsigned int*)
                   16.55%  327.58ms         1  327.58ms  327.58ms  327.58ms  generate_seed_pseudo(__int64, __int64, __int64, curandOrdering, curandStateXORWOW*, unsigned int*)
                   11.93%  236.08ms      1000  236.08us  188.34us  401.06us  swap_with_positions(int*, int*, int*, int, int)
                   10.46%  207.08ms       500  414.16us  306.16us  875.71us  evaluate_kernel(int*, int, float*, float*, int*)
                    2.60%  51.455ms      1001  51.403us  22.501us  195.74us  void gen_sequenced<curandStateXORWOW, unsigned int, int, __operator_&__(unsigned int curand_noargs<curandStateXORWOW>(curandStateXORWOW*, int)), rng_config<curandStateXORWOW>>(curandStateXORWOW*, unsigned int*, unsigned long, unsigned long, int)
                    1.21%  23.858ms      2000  11.929us  3.8020us  29.950us  void thrust::cuda_cub::cub::DeviceRadixSortDownsweepKernel<thrust::cuda_cub::cub::DeviceRadixSortPolicy<float, int, int>::Policy700, bool=0, bool=0, float, int, int>(thrust::cuda_cub::cub::DeviceRadixSortPolicy<float, int, int>::Policy700 const *, thrust::cuda_cub::cub::DeviceRadixSortDownsweepKernel<thrust::cuda_cub::cub::DeviceRadixSortPolicy<float, int, int>::Policy700, bool=0, bool=0, float, int, int>*, bool=0 const *, thrust::cuda_cub::cub::DeviceRadixSortDownsweepKernel<thrust::cuda_cub::cub::DeviceRadixSortPolicy<float, int, int>::Policy700, bool=0, bool=0, float, int, int>**, bool=0*, thrust::cuda_cub::cub::DeviceRadixSortDownsweepKernel<thrust::cuda_cub::cub::DeviceRadixSortPolicy<float, int, int>::Policy700, bool=0, bool=0, float, int, int>**, int, int, thrust::cuda_cub::cub::GridEvenShare<thrust::cuda_cub::cub::DeviceRadixSortDownsweepKernel<thrust::cuda_cub::cub::DeviceRadixSortPolicy<float, int, int>::Policy700, bool=0, bool=0, float, int, int>**>)
                    1.04%  20.497ms      1500  13.664us  8.2810us  28.073us  void thrust::cuda_cub::cub::DeviceRadixSortDownsweepKernel<thrust::cuda_cub::cub::DeviceRadixSortPolicy<float, int, int>::Policy700, bool=1, bool=0, float, int, int>(thrust::cuda_cub::cub::DeviceRadixSortPolicy<float, int, int>::Policy700 const *, thrust::cuda_cub::cub::DeviceRadixSortDownsweepKernel<thrust::cuda_cub::cub::DeviceRadixSortPolicy<float, int, int>::Policy700, bool=1, bool=0, float, int, int>*, bool=1 const *, thrust::cuda_cub::cub::DeviceRadixSortDownsweepKernel<thrust::cuda_cub::cub::DeviceRadixSortPolicy<float, int, int>::Policy700, bool=1, bool=0, float, int, int>**, bool=0*, thrust::cuda_cub::cub::DeviceRadixSortDownsweepKernel<thrust::cuda_cub::cub::DeviceRadixSortPolicy<float, int, int>::Policy700, bool=1, bool=0, float, int, int>**, int, int, thrust::cuda_cub::cub::GridEvenShare<thrust::cuda_cub::cub::DeviceRadixSortDownsweepKernel<thrust::cuda_cub::cub::DeviceRadixSortPolicy<float, int, int>::Policy700, bool=1, bool=0, float, int, int>**>)
                    1.01%  20.035ms         1  20.035ms  20.035ms  20.035ms  init_pop_s(int*, int, int, unsigned int*)
                    0.96%  18.987ms      3500  5.4240us  4.0100us  11.719us  void thrust::cuda_cub::cub::RadixSortScanBinsKernel<thrust::cuda_cub::cub::DeviceRadixSortPolicy<float, int, int>::Policy700, int>(int*, int)
                    0.82%  16.285ms       500  32.569us  27.137us  51.304us  [CUDA memcpy DtoD]
                    0.76%  14.980ms       500  29.959us  24.167us  53.075us  void thrust::cuda_cub::cub::DeviceRadixSortSingleTileKernel<thrust::cuda_cub::cub::DeviceRadixSortPolicy<unsigned int, int, int>::Policy700, bool=0, unsigned int, int, int>(int const *, thrust::cuda_cub::cub::DeviceRadixSortSingleTileKernel<thrust::cuda_cub::cub::DeviceRadixSortPolicy<unsigned int, int, int>::Policy700, bool=0, unsigned int, int, int>*, thrust::cuda_cub::cub::DeviceRadixSortPolicy<unsigned int, int, int>::Policy700 const *, thrust::cuda_cub::cub::DeviceRadixSortSingleTileKernel<thrust::cuda_cub::cub::DeviceRadixSortPolicy<unsigned int, int, int>::Policy700, bool=0, unsigned int, int, int>**, bool=0, int, int)
                    0.66%  13.049ms      2000  6.5240us  4.5310us  14.324us  void thrust::cuda_cub::cub::DeviceRadixSortUpsweepKernel<thrust::cuda_cub::cub::DeviceRadixSortPolicy<float, int, int>::Policy700, bool=0, bool=0, float, int>(thrust::cuda_cub::cub::DeviceRadixSortPolicy<float, int, int>::Policy700 const *, bool=0*, thrust::cuda_cub::cub::DeviceRadixSortPolicy<float, int, int>::Policy700 const *, int, int, thrust::cuda_cub::cub::GridEvenShare<thrust::cuda_cub::cub::DeviceRadixSortPolicy<float, int, int>::Policy700 const *>)
                    0.41%  8.0914ms      1500  5.3940us  3.1770us  12.605us  void thrust::cuda_cub::cub::DeviceRadixSortUpsweepKernel<thrust::cuda_cub::cub::DeviceRadixSortPolicy<float, int, int>::Policy700, bool=1, bool=0, float, int>(thrust::cuda_cub::cub::DeviceRadixSortPolicy<float, int, int>::Policy700 const *, bool=1*, thrust::cuda_cub::cub::DeviceRadixSortPolicy<float, int, int>::Policy700 const *, int, int, thrust::cuda_cub::cub::GridEvenShare<thrust::cuda_cub::cub::DeviceRadixSortPolicy<float, int, int>::Policy700 const *>)
                    0.12%  2.2841ms      1000  2.2840us  1.3020us  5.9380us  void thrust::cuda_cub::core::_kernel_agent<thrust::cuda_cub::__parallel_for::ParallelForAgent<thrust::cuda_cub::__transform::unary_transform_f<int*, int*, thrust::cuda_cub::__transform::no_stencil_tag, thrust::identity<int>, thrust::cuda_cub::__transform::always_true_predicate>, long>, thrust::cuda_cub::__transform::unary_transform_f<int*, int*, thrust::cuda_cub::__transform::no_stencil_tag, thrust::identity<int>, thrust::cuda_cub::__transform::always_true_predicate>, long>(int*, thrust::cuda_cub::__transform::no_stencil_tag)
                    0.08%  1.5742ms       500  3.1480us  1.9280us  5.7820us  void thrust::cuda_cub::core::_kernel_agent<thrust::cuda_cub::__parallel_for::ParallelForAgent<thrust::cuda_cub::__transform::unary_transform_f<float*, float*, thrust::cuda_cub::__transform::no_stencil_tag, thrust::identity<float>, thrust::cuda_cub::__transform::always_true_predicate>, long>, thrust::cuda_cub::__transform::unary_transform_f<float*, float*, thrust::cuda_cub::__transform::no_stencil_tag, thrust::identity<float>, thrust::cuda_cub::__transform::always_true_predicate>, long>(float*, thrust::cuda_cub::__transform::no_stencil_tag)
                    0.06%  1.2683ms       500  2.5360us  1.9790us  4.5310us  void thrust::cuda_cub::core::_kernel_agent<thrust::cuda_cub::__parallel_for::ParallelForAgent<thrust::cuda_cub::__transform::unary_transform_f<unsigned int*, unsigned int*, thrust::cuda_cub::__transform::no_stencil_tag, thrust::identity<unsigned int>, thrust::cuda_cub::__transform::always_true_predicate>, long>, thrust::cuda_cub::__transform::unary_transform_f<unsigned int*, unsigned int*, thrust::cuda_cub::__transform::no_stencil_tag, thrust::identity<unsigned int>, thrust::cuda_cub::__transform::always_true_predicate>, long>(unsigned int*, thrust::cuda_cub::__transform::no_stencil_tag)
                    0.04%  879.37us      1001     878ns     677ns  3.3330us  [CUDA memcpy DtoH]
                    0.00%  17.291us         1  17.291us  17.291us  17.291us  [CUDA memcpy HtoD]
      API calls:   28.74%  841.73ms     16003  52.598us  28.438us  1.6637ms  cudaLaunchKernel
                   27.85%  815.59ms      2001  407.59us  7.0320us  19.899ms  cudaDeviceSynchronize
                   16.47%  482.25ms      1008  478.42us  9.8960us  331.83ms  cudaFree
                   14.00%  410.15ms      1010  406.09us  12.083us  356.60ms  cudaMalloc
                    7.99%  234.15ms      1502  155.89us  45.990us  908.70us  cudaMemcpy
                    2.19%  64.006ms      4000  16.001us  8.5410us  809.17us  cudaFuncGetAttributes
                    0.86%  25.182ms       503  50.063us  30.834us  259.48us  cudaGetDeviceProperties
                    0.70%  20.532ms      6000  3.4210us  1.5620us  111.98us  cudaOccupancyMaxActiveBlocksPerMultiprocessorWithFlags
                    0.51%  14.866ms     15000     991ns     468ns  113.28us  cudaPeekAtLastError
                    0.27%  7.7859ms      3001  2.5940us  1.3540us  205.31us  cudaGetDevice
                    0.24%  7.1339ms      3000  2.3770us  1.1460us  81.302us  cudaDeviceGetAttribute
                    0.16%  4.6474ms      4004  1.1600us     520ns  14.167us  cudaGetLastError
                    0.01%  285.54us       191  1.4940us     625ns  50.729us  cuDeviceGetAttribute
                    0.01%  172.76us         1  172.76us  172.76us  172.76us  cudaEventSynchronize
                    0.00%  124.22us         2  62.109us  32.344us  91.875us  cudaEventRecord
                    0.00%  80.573us         1  80.573us  80.573us  80.573us  cudaThreadSynchronize
                    0.00%  17.447us         2  8.7230us  8.6450us  8.8020us  cuDeviceTotalMem
                    0.00%  14.063us         2  7.0310us  3.5420us  10.521us  cudaEventCreate
                    0.00%  9.9990us         2  4.9990us  3.0200us  6.9790us  cudaEventDestroy
                    0.00%  7.1370us         4  1.7840us  1.3020us  2.8130us  cuDeviceGetCount
                    0.00%  6.5110us         1  6.5110us  6.5110us  6.5110us  cudaEventElapsedTime
                    0.00%  4.7920us         3  1.5970us  1.1980us  2.2400us  cuDeviceGet
                    0.00%  4.4790us         1  4.4790us  4.4790us  4.4790us  cuInit
                    0.00%  3.6460us         2  1.8230us  1.8230us  1.8230us  cuDeviceGetName
                    0.00%  2.2390us         2  1.1190us     989ns  1.2500us  cuDeviceGetUuid
                    0.00%  1.9280us         1  1.9280us  1.9280us  1.9280us  cuDriverGetVersion
