printing nodes:
0) 39.4 - 84.0
1) 79.8 - 78.3
2) 19.8 - 91.2
3) 76.8 - 33.5
4) 55.4 - 27.8
5) 62.9 - 47.7
6) 51.3 - 36.5
7) 91.6 - 95.2
8) 71.7 - 63.6
9) 60.7 - 14.2
10) 24.3 - 1.6
11) 80.4 - 13.7
12) 40.1 - 15.7
13) 10.9 - 13.0
14) 21.8 - 99.9
15) 83.9 - 51.3
16) 29.6 - 61.3
17) 52.4 - 63.8
18) 97.3 - 49.4
19) 77.1 - 29.3
20) 77.0 - 52.7
21) 89.2 - 40.0
22) 35.2 - 28.3
23) 91.9 - 80.8
24) 94.9 - 7.0
25) 8.6 - 52.6
26) 66.3 - 19.2
27) 34.9 - 89.0
28) 2.0 - 6.4
29) 6.3 - 45.8
30) 97.1 - 23.8
31) 85.1 - 90.2
32) 54.0 - 26.7
33) 76.0 - 37.5
34) 66.8 - 51.3
35) 3.9 - 53.2
36) 93.2 - 43.8
37) 72.1 - 93.1
38) 73.9 - 28.4
39) 35.4 - 64.0
40) 16.6 - 68.8
41) 88.0 - 44.0
42) 33.0 - 82.9
43) 89.3 - 22.9
44) 68.7 - 35.0
45) 58.9 - 95.6
46) 85.9 - 65.7
47) 92.4 - 44.0
48) 81.5 - 39.8
49) 91.1 - 68.4
50) 21.6 - 48.2
51) 92.0 - 95.0
52) 88.1 - 14.8
53) 43.2 - 64.1
54) 28.1 - 62.0
55) 30.7 - 78.6
56) 22.6 - 44.7
57) 27.6 - 18.8
58) 41.7 - 55.6
59) 90.7 - 17.0
-----------
operation on population will be launched on 16 blocks with dim (32, 2)
operation on offspring will be launched on 48 blocks with dim (32, 2)
Iterated 500 times, elapsed time is 2451.28 ms, for 4.90 ms/it
summary of iterations:
2507.43 ->2473.58 ->2397.89 ->2348.78 ->2247.37 ->2179.45 ->2106.95 ->2132.06 ->2033.88 ->2031.22 ->2014.48 ->1937.18 ->1879.23 ->1838.91 ->1828.78 ->1826.75 ->1812.02 ->1801.48 ->1815.57 ->1784.10 ->1782.35 ->1761.70 ->1692.47 ->1724.97 ->1750.62 ->1724.49 ->1693.43 ->1698.71 ->1576.23 ->1605.68 ->1525.81 ->1564.98 ->1546.06 ->1558.25 ->1570.40 ->1589.86 ->1566.47 ->1523.66 ->1398.79 ->1545.48 ->1519.98 ->1550.34 ->1498.15 ->1509.33 ->1452.64 ->1423.14 ->1407.89 ->1401.73 ->1381.64 ->1382.24 ->1465.28 ->1389.23 ->1409.26 ->1403.72 ->1429.75 ->1433.30 ->1380.37 ->1368.22 ->1357.08 ->1367.37 ->1384.85 ->1374.97 ->1361.66 ->1345.45 ->1332.07 ->1294.79 ->1308.11 ->1330.82 ->1337.69 ->1329.08 ->1229.96 ->1337.05 ->1348.75 ->1303.79 ->1288.88 ->1290.70 ->1306.48 ->1268.42 ->1243.32 ->1218.69 ->1295.56 ->1285.55 ->1294.05 ->1286.55 ->1291.48 ->1241.54 ->1230.67 ->1201.21 ->1197.49 ->1194.99 ->1174.87 ->1195.57 ->1214.72 ->1223.97 ->1182.92 ->1163.93 ->1177.79 ->1128.89 ->1133.15 ->1125.19 ->1131.05 ->1145.58 ->1136.39 ->1080.18 ->1122.25 ->1097.55 ->1080.84 ->1055.87 ->1071.96 ->1033.06 ->1033.06 ->1055.04 ->1056.24 ->1047.81 ->1052.84 ->1010.74 ->1017.06 ->986.97 ->969.99 ->969.99 ->969.99 ->1001.67 ->981.98 ->974.66 ->971.51 ->914.17 ->926.58 ->930.80 ->931.05 ->933.81 ->905.98 ->880.77 ->887.00 ->887.00 ->875.78 ->830.30 ->819.73 ->819.73 ->876.73 ->874.47 ->858.53 ->882.82 ->844.66 ->845.20 ->846.22 ->824.30 ->798.79 ->815.80 ->817.20 ->820.15 ->820.15 ->831.57 ->813.45 ->800.89 ->802.23 ->798.35 ->812.20 ->806.39 ->783.11 ->787.46 ->788.85 ->794.08 ->778.20 ->776.69 ->762.35 ->745.58 ->748.30 ->748.30 ->747.43 ->740.39 ->735.79 ->735.46 ->741.68 ->737.55 ->745.02 ->735.37 ->737.98 ->731.61 ->736.83 ->736.42 ->740.16 ->728.31 ->728.34 ->733.59 ->734.03 ->727.78 ->715.84 ->720.72 ->725.62 ->727.26 ->710.73 ->711.65 ->713.65 ->716.55 ->713.80 ->706.75 ->713.28 ->707.09 ->712.79 ->705.14 ->705.08 ->705.08 ->707.70 ->705.14 ->701.17 ->701.17 ->699.45 ->702.06 ->708.06 ->699.68 ->699.68 ->701.42 ->700.96 ->701.17 ->701.10 ->698.16 ->700.38 ->696.84 ->696.84 ->696.89 ->698.88 ->695.79 ->697.37 ->694.91 ->692.69 ->693.09 ->689.40 ->690.29 ->690.29 ->687.55 ->690.29 ->688.93 ->690.40 ->690.40 ->690.40 ->687.36 ->685.86 ->687.72 ->689.49 ->689.02 ->687.99 ->686.32 ->687.18 ->687.28 ->686.70 ->685.00 ->683.05 ->685.00 ->683.51 ->683.42 ->682.44 ->682.44 ->683.99 ->683.69 ->683.05 ->682.44 ->682.71 ->682.31 ->680.61 ->680.61 ->680.61 ->681.91 ->681.91 ->682.29 ->682.21 ->681.91 ->679.84 ->679.84 ->679.84 ->679.84 ->679.84 ->679.84 ->679.84 ->679.84 ->679.84 ->679.84 ->679.84 ->679.63 ->679.24 ->679.84 ->679.84 ->679.84 ->679.63 ->679.03 ->679.84 ->679.84 ->679.84 ->679.84 ->679.84 ->679.84 ->679.84 ->679.84 ->679.84 ->679.84 ->679.84 ->679.84 ->679.84 ->679.03 ->679.84 ->679.84 ->679.84 ->679.84 ->679.84 ->679.84 ->679.84 ->679.84 ->679.03 ->679.03 ->679.03 ->679.03 ->679.03 ->679.03 ->679.03 ->679.03 ->679.03 ->679.03 ->679.03 ->679.84 ->679.84 ->679.84 ->679.84 ->679.84 ->679.84 ->679.84 ->679.84 ->679.84 ->679.84 ->679.84 ->679.84 ->679.84 ->679.84 ->679.84 ->679.84 ->679.84 ->679.84 ->679.84 ->679.84 ->679.84 ->679.84 ->679.84 ->679.84 ->679.84 ->679.84 ->679.84 ->679.84 ->679.84 ->679.84 ->679.84 ->679.84 ->679.84 ->679.84 ->679.84 ->679.84 ->679.84 ->679.84 ->679.84 ->679.84 ->679.84 ->679.84 ->679.84 ->679.84 ->679.84 ->679.84 ->679.84 ->679.84 ->679.84 ->679.84 ->679.84 ->679.84 ->679.84 ->679.84 ->679.84 ->679.84 ->679.84 ->679.84 ->679.84 ->679.84 ->679.84 ->679.84 ->679.84 ->679.84 ->679.84 ->679.84 ->679.84 ->679.84 ->679.84 ->679.84 ->681.95 ->681.95 ->681.95 ->681.95 ->681.95 ->681.95 ->681.95 ->681.95 ->681.95 ->681.95 ->681.95 ->681.95 ->681.95 ->678.99 ->678.99 ->678.99 ->678.99 ->678.99 ->678.99 ->678.99 ->678.99 ->678.99 ->670.84 ->670.84 ->670.84 ->670.84 ->670.84 ->670.84 ->670.84 ->670.84 ->670.84 ->670.84 ->670.84 ->670.84 ->670.84 ->670.84 ->670.84 ->670.84 ->670.84 ->670.84 ->670.84 ->670.84 ->670.84 ->670.84 ->670.84 ->669.23 ->669.23 ->669.23 ->669.23 ->669.23 ->670.84 ->670.84 ->670.84 ->670.84 ->670.84 ->670.84 ->670.84 ->670.84 ->670.84 ->669.23 ->669.23 ->669.23 ->669.23 ->669.23 ->669.23 ->669.23 ->669.23 ->669.23 ->669.23 ->669.23 ->669.23 ->669.23 ->669.23 ->669.23 ->669.23 ->669.23 ->669.23 ->669.23 ->669.23 ->669.23 ->669.23 ->669.23 ->669.23 ->669.23 ->665.98 ->665.98 ->665.98 ->664.37 ->665.98 ->664.37 ->665.98 ->665.98 ->665.98 ->665.98 ->665.98 ->665.98 ->665.98 ->665.98 ->664.37 ->665.98 ->665.98 ->665.98 ->664.37 ->665.98 ->666.75 ->666.75 ->665.98 ->665.98 ->664.37 ->665.98 ->665.98 ->665.98 ->665.98 ->
printing the worst solution as a metric for diversity in the population:
22 
12 32 4 9 26 11 52 24 59 30 
43 19 38 3 33 48 21 47 36 18 
41 15 44 6 5 34 20 8 46 49 
1 23 51 7 31 37 45 17 53 58 
39 16 54 55 42 0 27 14 2 40 
25 35 29 50 56 13 28 10 57 
best solution found has path length 664.37
22 ->12 ->32 ->4 ->9 ->26 ->11 ->52 ->24 ->59 ->30 ->43 ->19 ->38 ->3 ->33 ->48 ->21 ->47 ->36 ->18 ->41 ->15 ->20 ->44 ->6 ->5 ->34 ->8 ->46 ->49 ->1 ->23 ->51 ->7 ->31 ->37 ->45 ->17 ->53 ->58 ->39 ->16 ->54 ->55 ->42 ->0 ->27 ->14 ->2 ->40 ->25 ->35 ->29 ->50 ->56 ->13 ->28 ->10 ->57 ->
