printing nodes:
0) 39.4 - 84.0
1) 79.8 - 78.3
2) 19.8 - 91.2
3) 76.8 - 33.5
4) 55.4 - 27.8
5) 62.9 - 47.7
6) 51.3 - 36.5
7) 91.6 - 95.2
8) 71.7 - 63.6
9) 60.7 - 14.2
10) 24.3 - 1.6
11) 80.4 - 13.7
12) 40.1 - 15.7
13) 10.9 - 13.0
14) 21.8 - 99.9
15) 83.9 - 51.3
16) 29.6 - 61.3
17) 52.4 - 63.8
18) 97.3 - 49.4
19) 77.1 - 29.3
20) 77.0 - 52.7
21) 89.2 - 40.0
22) 35.2 - 28.3
23) 91.9 - 80.8
24) 94.9 - 7.0
25) 8.6 - 52.6
26) 66.3 - 19.2
27) 34.9 - 89.0
28) 2.0 - 6.4
29) 6.3 - 45.8
30) 97.1 - 23.8
31) 85.1 - 90.2
32) 54.0 - 26.7
33) 76.0 - 37.5
34) 66.8 - 51.3
35) 3.9 - 53.2
36) 93.2 - 43.8
37) 72.1 - 93.1
38) 73.9 - 28.4
39) 35.4 - 64.0
40) 16.6 - 68.8
41) 88.0 - 44.0
42) 33.0 - 82.9
43) 89.3 - 22.9
44) 68.7 - 35.0
45) 58.9 - 95.6
46) 85.9 - 65.7
47) 92.4 - 44.0
-----------
operation on population will be launched on 16 blocks with dim (32, 2)
operation on offspring will be launched on 32 blocks with dim (32, 2)
Iterated 500 times, elapsed time is 1416.48 ms, for 2.83 ms/it
summary of iterations:
1962.22 ->1938.04 ->1902.24 ->1836.71 ->1788.05 ->1807.70 ->1776.84 ->1735.75 ->1718.10 ->1693.78 ->1729.29 ->1645.58 ->1692.79 ->1617.09 ->1639.45 ->1631.45 ->1613.61 ->1569.96 ->1521.94 ->1558.41 ->1577.66 ->1543.14 ->1519.85 ->1523.87 ->1488.42 ->1467.75 ->1475.92 ->1450.27 ->1450.76 ->1434.18 ->1490.54 ->1474.62 ->1445.79 ->1484.57 ->1491.37 ->1418.34 ->1465.93 ->1430.09 ->1437.77 ->1441.01 ->1459.18 ->1437.91 ->1365.73 ->1352.73 ->1375.84 ->1376.26 ->1386.23 ->1368.61 ->1364.39 ->1325.21 ->1345.20 ->1359.54 ->1343.77 ->1338.41 ->1380.03 ->1369.73 ->1352.88 ->1352.93 ->1323.09 ->1311.37 ->1311.37 ->1311.90 ->1293.38 ->1322.90 ->1322.42 ->1343.36 ->1315.09 ->1349.90 ->1315.90 ->1316.39 ->1358.10 ->1317.32 ->1278.08 ->1265.28 ->1217.52 ->1218.23 ->1261.83 ->1275.67 ->1265.31 ->1261.15 ->1280.34 ->1287.95 ->1313.91 ->1283.30 ->1293.91 ->1231.84 ->1222.69 ->1273.60 ->1305.60 ->1313.84 ->1304.47 ->1287.47 ->1290.22 ->1280.06 ->1275.89 ->1256.91 ->1235.77 ->1295.62 ->1252.63 ->1270.36 ->1268.51 ->1254.28 ->1287.73 ->1293.28 ->1241.12 ->1181.90 ->1183.54 ->1195.20 ->1208.91 ->1222.40 ->1206.96 ->1238.10 ->1260.13 ->1292.83 ->1206.44 ->1266.32 ->1276.38 ->1293.35 ->1299.50 ->1248.59 ->1241.02 ->1212.46 ->1278.70 ->1291.72 ->1286.40 ->1284.03 ->1198.48 ->1267.39 ->1297.13 ->1280.81 ->1277.64 ->1288.80 ->1280.53 ->1276.19 ->1281.58 ->1282.87 ->1292.32 ->1277.27 ->1269.40 ->1229.47 ->1202.37 ->1202.37 ->1313.18 ->1303.90 ->1241.17 ->1248.94 ->1271.13 ->1240.52 ->1187.24 ->1302.20 ->1267.70 ->1288.21 ->1246.42 ->1228.31 ->1220.28 ->1220.28 ->1228.09 ->1216.88 ->1222.23 ->1236.83 ->1219.46 ->1207.60 ->1206.92 ->1226.62 ->1212.35 ->1245.58 ->1237.98 ->1235.78 ->1284.28 ->1287.74 ->1222.42 ->1206.99 ->1268.22 ->1238.10 ->1253.57 ->1261.52 ->1282.67 ->1273.29 ->1240.44 ->1243.87 ->1243.65 ->1270.55 ->1251.63 ->1269.48 ->1207.67 ->1212.56 ->1179.73 ->1236.03 ->1234.46 ->1223.60 ->1216.16 ->1229.82 ->1251.79 ->1205.30 ->1221.32 ->1221.32 ->1260.59 ->1261.17 ->1230.23 ->1272.36 ->1216.88 ->1251.57 ->1280.44 ->1280.44 ->1290.66 ->1279.21 ->1271.31 ->1265.92 ->1263.47 ->1268.17 ->1243.36 ->1284.82 ->1280.31 ->1269.97 ->1212.05 ->1246.01 ->1239.74 ->1228.14 ->1226.81 ->1211.81 ->1234.08 ->1185.85 ->1216.57 ->1233.30 ->1217.35 ->1218.27 ->1191.01 ->1190.43 ->1215.91 ->1167.68 ->1208.11 ->1185.38 ->1187.26 ->1209.79 ->1210.12 ->1210.59 ->1222.18 ->1223.21 ->1220.55 ->1235.96 ->1090.40 ->1125.17 ->1173.03 ->1166.71 ->1195.97 ->1176.93 ->1215.06 ->1111.33 ->1159.45 ->1157.68 ->1164.37 ->1180.03 ->1098.92 ->1219.78 ->1171.26 ->1174.24 ->1166.94 ->1153.52 ->1110.14 ->1168.92 ->1169.83 ->1214.72 ->1145.68 ->1141.11 ->1143.44 ->1167.25 ->1150.33 ->1212.22 ->1207.73 ->1225.57 ->1201.65 ->1231.69 ->1180.48 ->1180.69 ->1206.40 ->1185.69 ->1170.24 ->1130.62 ->1126.85 ->1139.40 ->1124.34 ->1046.36 ->1103.84 ->1139.07 ->1173.58 ->1142.20 ->1190.59 ->1165.91 ->1149.35 ->1191.38 ->1170.27 ->1107.16 ->1134.44 ->1147.83 ->1196.05 ->1169.87 ->1236.58 ->1226.64 ->1198.90 ->1230.45 ->1192.06 ->1219.42 ->1193.48 ->1204.50 ->1209.72 ->1235.96 ->1194.77 ->1181.66 ->1125.18 ->1188.27 ->1192.52 ->1184.42 ->1210.08 ->1151.98 ->1178.20 ->1193.89 ->1236.64 ->1239.49 ->1181.21 ->1181.21 ->1219.50 ->1201.91 ->1237.54 ->1237.49 ->1244.39 ->1254.20 ->1235.72 ->1236.22 ->1255.19 ->1280.70 ->1253.40 ->1273.38 ->1273.54 ->1266.47 ->1266.47 ->1272.86 ->1277.37 ->1294.43 ->1258.53 ->1287.13 ->1261.87 ->1286.24 ->1247.45 ->1274.36 ->1291.03 ->1279.16 ->1299.91 ->1282.47 ->1273.33 ->1234.22 ->1243.77 ->1249.68 ->1242.15 ->1285.53 ->1209.76 ->1238.38 ->1213.38 ->1281.64 ->1226.60 ->1271.99 ->1272.97 ->1266.56 ->1202.45 ->1248.74 ->1256.82 ->1285.92 ->1271.53 ->1270.92 ->1250.20 ->1241.84 ->1259.25 ->1278.47 ->1242.87 ->1149.95 ->1222.21 ->1250.41 ->1245.91 ->1235.84 ->1203.12 ->1215.72 ->1212.05 ->1184.62 ->1215.54 ->1230.11 ->1240.27 ->1211.61 ->1182.25 ->1197.75 ->1252.37 ->1210.07 ->1210.07 ->1202.02 ->1178.57 ->1264.01 ->1265.16 ->1200.26 ->1276.07 ->1265.20 ->1266.62 ->1275.06 ->1278.89 ->1275.34 ->1301.90 ->1250.44 ->1280.14 ->1295.42 ->1276.60 ->1195.16 ->1269.53 ->1220.59 ->1273.85 ->1228.22 ->1264.63 ->1217.92 ->1252.50 ->1234.54 ->1277.41 ->1212.63 ->1278.04 ->1229.42 ->1253.35 ->1312.88 ->1281.96 ->1286.09 ->1238.00 ->1207.65 ->1293.33 ->1264.54 ->1303.44 ->1298.56 ->1135.33 ->1136.72 ->1264.37 ->1264.37 ->1258.49 ->1250.89 ->1262.87 ->1304.02 ->1284.37 ->1296.97 ->1290.80 ->1275.44 ->1263.12 ->1267.07 ->1235.06 ->1202.54 ->1206.25 ->1188.03 ->1246.24 ->1188.03 ->1242.24 ->1301.32 ->1242.02 ->1206.41 ->1250.77 ->1229.77 ->1214.56 ->1306.23 ->1281.47 ->1293.91 ->1309.69 ->1246.12 ->1277.34 ->1266.84 ->1270.58 ->1270.74 ->1270.74 ->1260.33 ->1276.09 ->1246.30 ->1246.30 ->1230.55 ->1243.31 ->1235.25 ->1253.31 ->1230.31 ->1272.30 ->1264.14 ->1210.64 ->1214.76 ->1243.21 ->1284.72 ->1211.12 ->1258.05 ->1256.85 ->1256.39 ->1291.05 ->1303.68 ->1297.61 ->1286.63 ->1183.88 ->1261.58 ->1284.98 ->1279.87 ->1216.57 ->1230.09 ->1244.48 ->1238.72 ->1246.25 ->1257.82 ->
printing the worst solution as a metric for diversity in the population:
11 
26 36 20 38 4 21 47 8 10 30 
9 24 12 28 16 6 29 25 42 0 
2 14 45 37 23 7 31 1 44 19 
39 35 22 41 34 17 27 13 32 40 
5 46 15 3 33 18 43 
best solution found has path length 1046.36
21 ->46 ->23 ->31 ->7 ->37 ->1 ->34 ->17 ->22 ->10 ->32 ->38 ->41 ->8 ->15 ->45 ->14 ->2 ->27 ->42 ->0 ->39 ->16 ->25 ->40 ->35 ->29 ->28 ->13 ->6 ->12 ->26 ->19 ->11 ->47 ->5 ->4 ->44 ->33 ->36 ->20 ->18 ->30 ->9 ->24 ->43 ->3 ->
