printing nodes:
0) 39.4 - 84.0
1) 79.8 - 78.3
2) 19.8 - 91.2
3) 76.8 - 33.5
4) 55.4 - 27.8
5) 62.9 - 47.7
6) 51.3 - 36.5
7) 91.6 - 95.2
8) 71.7 - 63.6
9) 60.7 - 14.2
10) 24.3 - 1.6
11) 80.4 - 13.7
12) 40.1 - 15.7
13) 10.9 - 13.0
14) 21.8 - 99.9
15) 83.9 - 51.3
16) 29.6 - 61.3
17) 52.4 - 63.8
18) 97.3 - 49.4
19) 77.1 - 29.3
20) 77.0 - 52.7
21) 89.2 - 40.0
22) 35.2 - 28.3
23) 91.9 - 80.8
24) 94.9 - 7.0
25) 8.6 - 52.6
26) 66.3 - 19.2
27) 34.9 - 89.0
28) 2.0 - 6.4
29) 6.3 - 45.8
30) 97.1 - 23.8
31) 85.1 - 90.2
32) 54.0 - 26.7
33) 76.0 - 37.5
34) 66.8 - 51.3
35) 3.9 - 53.2
36) 93.2 - 43.8
37) 72.1 - 93.1
38) 73.9 - 28.4
39) 35.4 - 64.0
40) 16.6 - 68.8
41) 88.0 - 44.0
42) 33.0 - 82.9
43) 89.3 - 22.9
44) 68.7 - 35.0
45) 58.9 - 95.6
46) 85.9 - 65.7
47) 92.4 - 44.0
-----------
initializing population
operation on population will be launched on 16 blocks with dim (32, 2)
operation on offspring will be launched on 32 blocks with dim (32, 2)
running main loop
Iterated 500 times, elapsed time is 1457.33 ms, for 2.91 ms/it
summary of iterations:
1962.22 ->
1925.36 ->1921.11 ->1895.91 ->1839.88 ->1808.30 ->1830.18 ->1801.08 ->1700.82 ->1677.13 ->1671.81 ->
1642.43 ->1633.90 ->1578.55 ->1600.89 ->1544.59 ->1541.60 ->1450.77 ->1551.22 ->1519.10 ->1496.03 ->
1443.81 ->1513.31 ->1504.31 ->1524.40 ->1484.78 ->1497.06 ->1512.14 ->1523.61 ->1500.69 ->1434.74 ->
1457.29 ->1451.53 ->1445.59 ->1462.42 ->1389.82 ->1448.83 ->1447.64 ->1447.64 ->1432.86 ->1438.81 ->
1401.78 ->1414.69 ->1300.85 ->1339.47 ->1326.21 ->1349.63 ->1373.85 ->1410.46 ->1392.48 ->1355.83 ->
1349.70 ->1328.26 ->1358.40 ->1359.01 ->1366.72 ->1303.73 ->1379.92 ->1325.73 ->1327.02 ->1306.42 ->
1354.92 ->1348.78 ->1334.79 ->1323.44 ->1305.15 ->1297.70 ->1329.27 ->1314.84 ->1328.10 ->1305.28 ->
1248.41 ->1325.50 ->1285.61 ->1251.22 ->1310.80 ->1355.04 ->1272.29 ->1269.70 ->1301.15 ->1272.01 ->
1222.57 ->1272.30 ->1301.12 ->1270.43 ->1313.31 ->1325.28 ->1337.97 ->1325.48 ->1319.26 ->1317.86 ->
1301.82 ->1301.23 ->1224.07 ->1301.49 ->1331.79 ->1306.83 ->1259.67 ->1273.60 ->1256.22 ->1242.55 ->
1270.68 ->1213.60 ->1255.92 ->1227.26 ->1271.67 ->1260.50 ->1273.15 ->1273.37 ->1282.81 ->1303.90 ->
1249.99 ->1258.69 ->1266.15 ->1292.17 ->1250.69 ->1244.76 ->1207.43 ->1272.89 ->1291.50 ->1258.50 ->
1205.47 ->1240.90 ->1279.97 ->1265.75 ->1264.02 ->1258.53 ->1229.75 ->1237.99 ->1216.37 ->1243.37 ->
1272.20 ->1236.68 ->1249.59 ->1291.34 ->1245.12 ->1292.63 ->1272.98 ->1277.28 ->1292.21 ->1278.00 ->
1269.10 ->1306.79 ->1327.06 ->1301.60 ->1284.86 ->1278.03 ->1201.96 ->1293.16 ->1290.66 ->1272.29 ->
1298.02 ->1222.07 ->1301.80 ->1305.86 ->1291.76 ->1311.63 ->1297.18 ->1296.33 ->1274.11 ->1301.08 ->
1263.56 ->1305.41 ->1299.02 ->1313.20 ->1332.73 ->1311.30 ->1221.78 ->1281.70 ->1314.59 ->1326.52 ->
1298.03 ->1300.91 ->1294.85 ->1295.40 ->1303.14 ->1317.50 ->1270.79 ->1260.49 ->1262.86 ->1302.45 ->
1320.33 ->1281.24 ->1185.69 ->1159.25 ->1150.36 ->1179.06 ->1179.06 ->1205.84 ->1243.05 ->1213.62 ->
1250.50 ->1264.19 ->1275.25 ->1309.47 ->1286.41 ->1266.35 ->1287.92 ->1294.89 ->1269.42 ->1222.93 ->
1279.88 ->1281.71 ->1273.01 ->1267.89 ->1209.30 ->1206.75 ->1215.53 ->1253.84 ->1237.50 ->1239.83 ->
1216.97 ->1188.75 ->1196.86 ->1265.45 ->1238.42 ->1267.53 ->1228.76 ->1213.42 ->1250.69 ->1291.66 ->
1275.84 ->1302.80 ->1236.62 ->1273.36 ->1238.78 ->1238.78 ->1217.36 ->1241.30 ->1230.64 ->1202.63 ->
1216.25 ->1253.70 ->1203.96 ->1159.51 ->1223.23 ->1263.25 ->1245.94 ->1236.12 ->1243.94 ->1238.31 ->
1262.30 ->1235.63 ->1226.71 ->1253.47 ->1265.83 ->1245.63 ->1253.12 ->1255.08 ->1162.91 ->1168.40 ->
1138.41 ->1132.42 ->1153.13 ->1153.13 ->1139.94 ->1148.91 ->1170.91 ->1123.51 ->1077.95 ->1083.00 ->
1089.46 ->1147.05 ->1237.43 ->1243.23 ->1220.89 ->1211.71 ->1251.50 ->1243.16 ->1225.80 ->1214.34 ->
1253.60 ->1217.84 ->1226.43 ->1217.59 ->1208.08 ->1208.08 ->1219.76 ->1156.87 ->1175.14 ->1220.49 ->
1221.55 ->1221.32 ->1176.61 ->1181.17 ->1195.14 ->1195.14 ->1148.93 ->1232.01 ->1238.49 ->1260.39 ->
1160.99 ->1188.61 ->1188.61 ->1221.91 ->1217.48 ->1256.48 ->1269.21 ->1255.46 ->1210.86 ->1236.94 ->
1248.78 ->1248.68 ->1280.79 ->1240.66 ->1265.38 ->1191.00 ->1251.48 ->1281.57 ->1236.71 ->1293.82 ->
1282.61 ->1280.30 ->1222.19 ->1215.89 ->1220.83 ->1231.81 ->1233.42 ->1240.19 ->1096.39 ->1215.53 ->
1240.47 ->1253.41 ->1243.10 ->1182.32 ->1244.69 ->1254.78 ->1206.28 ->1176.55 ->1121.83 ->1172.39 ->
1209.22 ->1209.54 ->1232.70 ->1230.50 ->1267.22 ->1181.14 ->1275.66 ->1286.29 ->1247.92 ->1255.69 ->
1272.83 ->1256.91 ->1251.31 ->1218.23 ->1253.94 ->1288.10 ->1311.29 ->1272.77 ->1245.87 ->1269.18 ->
1264.70 ->1251.17 ->1251.17 ->1275.70 ->1233.41 ->1206.10 ->1243.98 ->1235.93 ->1213.36 ->1226.65 ->
1283.42 ->1259.92 ->1186.25 ->1186.25 ->1168.21 ->1201.62 ->1226.50 ->1267.81 ->1258.08 ->1236.55 ->
1243.45 ->1258.68 ->1251.66 ->1254.88 ->1274.53 ->1254.51 ->1225.46 ->1258.41 ->1240.23 ->1272.06 ->
1235.52 ->1246.15 ->1161.85 ->1222.77 ->1218.56 ->1199.26 ->1264.73 ->1199.21 ->1183.00 ->1172.16 ->
1252.45 ->1173.94 ->1206.79 ->1242.42 ->1196.96 ->1212.26 ->1157.34 ->1196.11 ->1230.68 ->1232.47 ->
1227.43 ->1226.31 ->1194.11 ->1147.84 ->1174.45 ->1160.23 ->1194.02 ->1182.98 ->1195.05 ->1203.10 ->
1203.13 ->1207.50 ->1136.39 ->1162.69 ->1153.36 ->1166.99 ->1190.25 ->1193.50 ->1193.50 ->1203.52 ->
1198.23 ->1177.94 ->1153.81 ->1174.65 ->1220.59 ->1207.26 ->1203.31 ->1211.01 ->1235.06 ->1177.03 ->
1222.99 ->1219.18 ->1139.49 ->1126.71 ->1138.27 ->1193.08 ->1175.85 ->1241.09 ->1195.51 ->1130.29 ->
1219.05 ->1198.37 ->1200.31 ->1208.69 ->1185.19 ->1219.83 ->1202.93 ->1246.62 ->1230.15 ->1245.14 ->
1256.45 ->1247.30 ->1231.45 ->1203.88 ->1247.48 ->1208.55 ->1176.09 ->1182.96 ->1188.54 ->1201.54 ->
1165.93 ->1248.96 ->1202.73 ->1242.80 ->1257.76 ->1217.89 ->1258.26 ->1205.16 ->1238.42 ->1244.30 ->
1258.81 ->1267.95 ->1225.20 ->1215.47 ->1218.14 ->1225.23 ->1237.40 ->1187.91 ->1208.29 ->1198.04 ->
1235.12 ->1252.83 ->1280.19 ->1268.69 ->1240.25 ->1239.10 ->1231.65 ->1221.98 ->1248.91 ->1240.39 ->
1215.66 ->1211.71 ->1211.71 ->1210.26 ->1163.97 ->1200.17 ->1217.28 ->1230.32 ->1249.83 ->
printing the worst solution as a metric for diversity in the population:
16 26 33 12 3 21 45 7 37 1 40 17 18 6 24 30 43 32 5 31 23 15 47 34 8 38 44 20 27 42 19 11 9 4 46 36 41 39 0 35 29 10 13 22 28 25 14 2 
best solution found has path length 1077.95
26 ->9 ->32 ->46 ->18 ->19 ->20 ->31 ->7 ->37 ->45 ->8 ->34 ->24 ->43 ->15 ->41 ->30 ->11 ->38 ->3 ->47 ->36 ->33 ->21 ->5 ->17 ->0 ->23 ->1 ->44 ->6 ->12 ->22 ->39 ->42 ->40 ->27 ->2 ->14 ->16 ->25 ->35 ->29 ->10 ->13 ->28 ->4 ->
