printing nodes:
0) 39.4 - 84.0
1) 79.8 - 78.3
2) 19.8 - 91.2
3) 76.8 - 33.5
4) 55.4 - 27.8
5) 62.9 - 47.7
6) 51.3 - 36.5
7) 91.6 - 95.2
8) 71.7 - 63.6
9) 60.7 - 14.2
10) 24.3 - 1.6
11) 80.4 - 13.7
12) 40.1 - 15.7
13) 10.9 - 13.0
14) 21.8 - 99.9
15) 83.9 - 51.3
-----------
initializing population
operation on population will be launched on 8 blocks with dim (32, 4)
operation on offspring will be launched on 32 blocks with dim (32, 4)
running main loop
Iterated 500 times, elapsed time is 816.39 ms, for 1.63 ms/it
summary of iterations:
537.34 ->
504.72 ->503.94 ->452.13 ->452.13 ->452.13 ->452.13 ->440.57 ->420.67 ->422.77 ->425.28 ->
420.71 ->409.86 ->409.86 ->412.91 ->408.44 ->410.69 ->407.76 ->405.07 ->405.07 ->393.57 ->
400.70 ->400.44 ->403.60 ->398.81 ->392.02 ->401.40 ->393.26 ->393.26 ->392.57 ->387.91 ->
387.91 ->387.18 ->392.02 ->387.18 ->387.91 ->387.12 ->387.12 ->387.12 ->387.18 ->387.12 ->
387.12 ->387.12 ->387.12 ->387.12 ->387.12 ->387.12 ->387.12 ->387.12 ->387.12 ->387.12 ->
387.12 ->387.12 ->387.12 ->387.12 ->387.12 ->387.12 ->387.12 ->387.12 ->387.12 ->387.12 ->
387.12 ->387.12 ->387.12 ->387.12 ->387.12 ->387.12 ->387.12 ->387.12 ->387.12 ->387.12 ->
387.12 ->387.12 ->387.12 ->387.12 ->387.12 ->387.12 ->387.12 ->387.12 ->387.12 ->387.12 ->
387.12 ->387.12 ->387.12 ->387.12 ->387.12 ->387.12 ->387.12 ->387.12 ->387.12 ->387.12 ->
387.12 ->387.12 ->387.12 ->387.12 ->387.12 ->387.12 ->387.12 ->387.12 ->387.12 ->387.12 ->
387.12 ->387.12 ->387.12 ->387.12 ->387.12 ->387.12 ->387.12 ->387.12 ->387.12 ->387.12 ->
387.12 ->387.12 ->387.12 ->387.12 ->387.12 ->387.12 ->387.12 ->387.12 ->387.12 ->387.12 ->
387.12 ->387.12 ->387.12 ->387.12 ->387.12 ->387.12 ->387.12 ->387.12 ->387.12 ->387.12 ->
387.12 ->387.12 ->387.12 ->387.12 ->387.12 ->387.12 ->387.12 ->387.12 ->387.12 ->387.12 ->
387.12 ->387.12 ->387.12 ->387.12 ->387.12 ->387.12 ->387.12 ->387.12 ->387.12 ->387.12 ->
387.12 ->387.12 ->387.12 ->387.12 ->387.12 ->387.12 ->387.12 ->387.12 ->387.12 ->387.12 ->
387.12 ->387.12 ->387.12 ->387.12 ->387.12 ->387.12 ->387.12 ->387.12 ->387.12 ->387.12 ->
387.12 ->387.12 ->387.12 ->387.12 ->387.12 ->387.12 ->387.12 ->387.12 ->387.12 ->387.12 ->
387.12 ->387.12 ->387.12 ->387.12 ->387.12 ->387.12 ->387.12 ->387.12 ->387.12 ->387.12 ->
387.12 ->387.12 ->387.12 ->387.12 ->387.12 ->387.12 ->387.12 ->387.12 ->387.12 ->387.12 ->
387.12 ->387.12 ->387.12 ->387.12 ->387.12 ->387.12 ->387.12 ->387.12 ->387.12 ->387.12 ->
387.12 ->387.12 ->387.12 ->387.12 ->387.12 ->387.12 ->387.12 ->387.12 ->387.12 ->387.12 ->
387.12 ->387.12 ->387.12 ->387.12 ->387.12 ->387.12 ->387.12 ->387.12 ->387.12 ->387.12 ->
387.12 ->387.12 ->387.12 ->387.12 ->387.12 ->387.12 ->387.12 ->387.12 ->387.12 ->387.12 ->
387.12 ->387.12 ->387.12 ->387.12 ->387.12 ->387.12 ->387.12 ->387.12 ->387.12 ->387.12 ->
387.12 ->387.12 ->387.12 ->387.12 ->387.12 ->387.12 ->387.12 ->387.12 ->387.12 ->387.12 ->
387.12 ->387.12 ->387.12 ->387.12 ->387.12 ->387.12 ->387.12 ->387.12 ->387.12 ->387.12 ->
387.12 ->387.12 ->387.12 ->387.12 ->387.12 ->387.12 ->387.12 ->387.12 ->387.12 ->387.12 ->
387.12 ->387.12 ->387.12 ->387.12 ->387.12 ->387.12 ->387.12 ->387.12 ->387.12 ->387.12 ->
387.12 ->387.12 ->387.12 ->387.12 ->387.12 ->387.12 ->387.12 ->387.12 ->387.12 ->387.12 ->
387.12 ->387.12 ->387.12 ->387.12 ->387.12 ->387.12 ->387.12 ->387.12 ->387.12 ->387.12 ->
387.12 ->387.12 ->387.12 ->387.12 ->387.12 ->387.12 ->387.12 ->387.12 ->387.12 ->387.12 ->
387.12 ->387.12 ->387.12 ->387.12 ->387.12 ->387.12 ->387.12 ->387.12 ->387.12 ->387.12 ->
387.12 ->387.12 ->387.12 ->387.12 ->387.12 ->387.12 ->387.12 ->387.12 ->387.12 ->387.12 ->
387.12 ->387.12 ->387.12 ->387.12 ->387.12 ->387.12 ->387.12 ->387.12 ->387.12 ->387.12 ->
387.12 ->387.12 ->387.12 ->387.12 ->387.12 ->387.12 ->387.12 ->387.12 ->387.12 ->387.12 ->
387.12 ->387.12 ->387.12 ->387.12 ->387.12 ->387.12 ->387.12 ->387.12 ->387.12 ->387.12 ->
387.12 ->387.12 ->387.12 ->387.12 ->387.12 ->387.12 ->387.12 ->387.12 ->387.12 ->387.12 ->
387.12 ->387.12 ->387.12 ->387.12 ->387.12 ->387.12 ->387.12 ->387.12 ->387.12 ->387.12 ->
387.12 ->387.12 ->387.12 ->387.12 ->387.12 ->387.12 ->387.12 ->387.12 ->387.12 ->387.12 ->
387.12 ->387.12 ->387.12 ->387.12 ->387.12 ->387.12 ->387.12 ->387.12 ->387.12 ->387.12 ->
387.12 ->387.12 ->387.12 ->387.12 ->387.12 ->387.12 ->387.12 ->387.12 ->387.12 ->387.12 ->
387.12 ->387.12 ->387.12 ->387.12 ->387.12 ->387.12 ->387.12 ->387.12 ->387.12 ->387.12 ->
387.12 ->387.12 ->387.12 ->387.12 ->387.12 ->387.12 ->387.12 ->387.12 ->387.12 ->387.12 ->
387.12 ->387.12 ->387.12 ->387.12 ->387.12 ->387.12 ->387.12 ->387.12 ->387.12 ->387.12 ->
387.12 ->387.12 ->387.12 ->387.12 ->387.12 ->387.12 ->387.12 ->387.12 ->387.12 ->387.12 ->
387.12 ->387.12 ->387.12 ->387.12 ->387.12 ->387.12 ->387.12 ->387.12 ->387.12 ->387.12 ->
387.12 ->387.12 ->387.12 ->387.12 ->387.12 ->387.12 ->387.12 ->387.12 ->387.12 ->387.12 ->
387.12 ->387.12 ->387.12 ->387.12 ->387.12 ->387.12 ->387.12 ->387.12 ->387.12 ->387.12 ->
387.12 ->387.12 ->387.12 ->387.12 ->387.12 ->387.12 ->387.12 ->387.12 ->387.12 ->
printing the worst solution as a metric for diversity in the population:
4 9 11 3 5 15 8 1 7 0 14 2 13 10 12 6 
best solution found has path length 387.12
6 ->4 ->9 ->11 ->3 ->5 ->15 ->8 ->1 ->7 ->0 ->14 ->2 ->13 ->10 ->12 ->
