printing nodes:
0) 39.4 - 84.0
1) 79.8 - 78.3
2) 19.8 - 91.2
3) 76.8 - 33.5
4) 55.4 - 27.8
5) 62.9 - 47.7
6) 51.3 - 36.5
7) 91.6 - 95.2
8) 71.7 - 63.6
9) 60.7 - 14.2
10) 24.3 - 1.6
11) 80.4 - 13.7
12) 40.1 - 15.7
13) 10.9 - 13.0
14) 21.8 - 99.9
15) 83.9 - 51.3
16) 29.6 - 61.3
17) 52.4 - 63.8
18) 97.3 - 49.4
19) 77.1 - 29.3
20) 77.0 - 52.7
21) 89.2 - 40.0
22) 35.2 - 28.3
23) 91.9 - 80.8
24) 94.9 - 7.0
25) 8.6 - 52.6
26) 66.3 - 19.2
27) 34.9 - 89.0
28) 2.0 - 6.4
29) 6.3 - 45.8
30) 97.1 - 23.8
31) 85.1 - 90.2
-----------
initializing population
operation on population will be launched on 16 blocks with dim (32, 2)
operation on offspring will be launched on 64 blocks with dim (32, 2)
running main loop
Iterated 500 times, elapsed time is 1394.30 ms, for 2.79 ms/it
summary of iterations:
1323.66 ->
1215.91 ->1178.76 ->1130.69 ->1099.70 ->1025.09 ->1063.12 ->1043.10 ->953.41 ->1012.27 ->954.07 ->
967.82 ->940.50 ->923.99 ->885.82 ->885.82 ->878.51 ->861.01 ->840.61 ->841.50 ->843.73 ->
831.34 ->775.21 ->807.72 ->827.39 ->836.07 ->798.50 ->767.88 ->776.12 ->784.23 ->793.56 ->
754.41 ->752.90 ->762.46 ->766.96 ->762.55 ->767.35 ->743.76 ->751.17 ->748.58 ->727.59 ->
710.06 ->702.26 ->696.44 ->714.49 ->688.33 ->679.01 ->685.22 ->700.52 ->692.75 ->692.75 ->
693.27 ->702.26 ->673.59 ->673.59 ->637.49 ->637.47 ->672.17 ->637.47 ->637.47 ->655.49 ->
669.69 ->665.59 ->663.62 ->653.37 ->626.53 ->624.82 ->610.04 ->637.67 ->603.86 ->603.86 ->
588.57 ->615.41 ->630.62 ->628.30 ->578.78 ->606.63 ->612.84 ->593.64 ->603.94 ->598.19 ->
585.38 ->589.37 ->589.37 ->567.64 ->568.45 ->563.67 ->579.41 ->579.41 ->602.87 ->600.46 ->
596.87 ->589.85 ->589.85 ->588.40 ->588.82 ->583.89 ->575.78 ->591.14 ->584.93 ->582.37 ->
580.71 ->578.09 ->581.97 ->586.23 ->585.81 ->584.49 ->562.46 ->562.15 ->558.58 ->558.83 ->
558.83 ->569.54 ->570.32 ->590.76 ->567.74 ->567.74 ->583.33 ->575.85 ->582.07 ->575.31 ->
565.35 ->571.16 ->571.16 ->574.73 ->578.14 ->568.76 ->578.40 ->572.88 ->581.37 ->572.50 ->
566.60 ->566.60 ->566.60 ->582.67 ->578.78 ->579.59 ->574.45 ->582.90 ->566.41 ->566.34 ->
567.43 ->564.18 ->558.73 ->558.73 ->559.99 ->559.98 ->561.64 ->562.96 ->563.25 ->563.25 ->
561.24 ->569.00 ->557.96 ->558.56 ->553.77 ->546.57 ->547.83 ->551.06 ->546.57 ->552.32 ->
549.81 ->552.32 ->546.57 ->546.57 ->551.06 ->551.07 ->546.57 ->547.83 ->546.57 ->546.57 ->
545.32 ->546.57 ->545.32 ->545.32 ->545.32 ->545.32 ->545.32 ->545.32 ->545.32 ->545.32 ->
545.32 ->545.32 ->545.32 ->545.32 ->545.32 ->545.32 ->545.32 ->545.32 ->545.32 ->545.32 ->
545.32 ->545.32 ->545.32 ->545.32 ->545.32 ->545.32 ->545.32 ->545.32 ->545.32 ->545.32 ->
545.32 ->545.32 ->545.32 ->545.32 ->545.32 ->545.32 ->545.32 ->545.32 ->545.32 ->545.32 ->
545.32 ->545.32 ->545.32 ->545.32 ->545.32 ->545.32 ->545.32 ->545.32 ->545.32 ->545.32 ->
545.32 ->545.32 ->545.32 ->545.32 ->545.32 ->545.32 ->545.32 ->545.32 ->545.32 ->545.32 ->
545.32 ->545.32 ->545.32 ->545.32 ->545.32 ->545.32 ->545.32 ->545.32 ->545.32 ->545.32 ->
545.32 ->545.32 ->545.32 ->545.32 ->545.32 ->545.32 ->545.32 ->545.32 ->545.32 ->545.32 ->
545.32 ->545.32 ->545.32 ->545.32 ->545.32 ->545.32 ->545.32 ->545.32 ->545.32 ->545.32 ->
545.32 ->545.32 ->545.32 ->545.32 ->545.32 ->545.32 ->545.32 ->545.32 ->545.32 ->545.32 ->
545.32 ->545.32 ->545.32 ->545.32 ->545.32 ->545.32 ->545.32 ->545.32 ->545.32 ->545.32 ->
545.32 ->545.32 ->545.32 ->545.32 ->545.32 ->545.32 ->545.32 ->545.32 ->545.32 ->545.32 ->
545.32 ->545.32 ->545.32 ->545.32 ->545.32 ->545.32 ->545.32 ->545.32 ->545.32 ->545.32 ->
545.32 ->545.32 ->545.32 ->545.32 ->545.32 ->545.32 ->545.32 ->545.32 ->545.32 ->545.32 ->
545.32 ->545.32 ->545.32 ->545.32 ->545.32 ->545.32 ->545.32 ->545.32 ->545.32 ->545.32 ->
545.32 ->545.32 ->545.32 ->545.32 ->545.32 ->545.32 ->545.32 ->545.32 ->545.32 ->545.32 ->
545.32 ->545.32 ->545.32 ->545.32 ->545.32 ->545.32 ->545.32 ->545.32 ->545.32 ->545.32 ->
545.32 ->545.32 ->545.32 ->545.32 ->545.32 ->545.32 ->545.32 ->545.32 ->545.32 ->545.32 ->
545.32 ->545.32 ->545.32 ->545.32 ->545.32 ->545.32 ->545.32 ->545.32 ->545.32 ->545.32 ->
545.32 ->545.32 ->545.32 ->545.32 ->545.32 ->545.32 ->545.32 ->545.32 ->545.32 ->545.32 ->
545.32 ->545.32 ->545.32 ->545.32 ->545.32 ->545.32 ->545.32 ->545.32 ->545.32 ->545.32 ->
545.32 ->545.32 ->545.32 ->545.32 ->545.32 ->545.32 ->545.32 ->545.32 ->545.32 ->545.32 ->
545.32 ->545.32 ->545.32 ->545.32 ->545.32 ->545.32 ->545.32 ->545.32 ->545.32 ->545.32 ->
545.32 ->545.32 ->545.32 ->545.32 ->545.32 ->545.32 ->545.32 ->545.32 ->545.32 ->545.32 ->
545.32 ->545.32 ->545.32 ->545.32 ->545.32 ->545.32 ->545.32 ->545.32 ->545.32 ->545.32 ->
545.32 ->545.32 ->545.32 ->545.32 ->545.32 ->545.32 ->545.32 ->545.32 ->545.32 ->545.32 ->
545.32 ->545.32 ->545.32 ->545.32 ->545.32 ->545.32 ->545.32 ->545.32 ->545.32 ->545.32 ->
545.32 ->545.32 ->545.32 ->545.32 ->545.32 ->545.32 ->545.32 ->545.32 ->545.32 ->545.32 ->
545.32 ->545.32 ->545.32 ->545.32 ->545.32 ->545.32 ->545.32 ->545.32 ->545.32 ->545.32 ->
545.32 ->545.32 ->545.32 ->545.32 ->545.32 ->545.32 ->545.32 ->545.32 ->545.32 ->545.32 ->
545.32 ->545.32 ->545.32 ->545.32 ->545.32 ->545.32 ->545.32 ->545.32 ->545.32 ->545.32 ->
545.32 ->545.32 ->545.32 ->545.32 ->545.32 ->545.32 ->545.32 ->545.32 ->545.32 ->545.32 ->
545.32 ->545.32 ->545.32 ->545.32 ->545.32 ->545.32 ->545.32 ->545.32 ->545.32 ->
printing the worst solution as a metric for diversity in the population:
16 17 5 6 22 25 29 13 28 10 12 4 9 26 3 19 11 24 30 21 18 15 20 8 1 23 7 31 0 27 14 2 
best solution found has path length 545.32
16 ->17 ->5 ->6 ->22 ->25 ->29 ->13 ->28 ->10 ->12 ->4 ->9 ->26 ->3 ->19 ->11 ->24 ->30 ->21 ->18 ->15 ->20 ->8 ->1 ->23 ->7 ->31 ->0 ->27 ->14 ->2 ->
