printing nodes:
0) 39.4 - 84.0
1) 79.8 - 78.3
2) 19.8 - 91.2
3) 76.8 - 33.5
4) 55.4 - 27.8
5) 62.9 - 47.7
6) 51.3 - 36.5
7) 91.6 - 95.2
8) 71.7 - 63.6
9) 60.7 - 14.2
10) 24.3 - 1.6
11) 80.4 - 13.7
12) 40.1 - 15.7
13) 10.9 - 13.0
14) 21.8 - 99.9
15) 83.9 - 51.3
16) 29.6 - 61.3
17) 52.4 - 63.8
18) 97.3 - 49.4
19) 77.1 - 29.3
20) 77.0 - 52.7
21) 89.2 - 40.0
22) 35.2 - 28.3
23) 91.9 - 80.8
24) 94.9 - 7.0
25) 8.6 - 52.6
26) 66.3 - 19.2
27) 34.9 - 89.0
28) 2.0 - 6.4
29) 6.3 - 45.8
30) 97.1 - 23.8
31) 85.1 - 90.2
32) 54.0 - 26.7
33) 76.0 - 37.5
34) 66.8 - 51.3
35) 3.9 - 53.2
36) 93.2 - 43.8
37) 72.1 - 93.1
38) 73.9 - 28.4
39) 35.4 - 64.0
40) 16.6 - 68.8
41) 88.0 - 44.0
42) 33.0 - 82.9
43) 89.3 - 22.9
44) 68.7 - 35.0
45) 58.9 - 95.6
46) 85.9 - 65.7
47) 92.4 - 44.0
-----------
operation on population will be launched on 16 blocks with dim (32, 2)
operation on offspring will be launched on 32 blocks with dim (32, 2)
Iterated 500 times, elapsed time is 1541.20 ms, for 3.08 ms/it
summary of iterations:
1962.22 ->1935.41 ->1854.10 ->1862.79 ->1848.60 ->1815.02 ->1736.24 ->1725.68 ->1761.11 ->1674.72 ->1697.29 ->1689.28 ->1728.06 ->1586.62 ->1607.82 ->1647.39 ->1607.80 ->1509.84 ->1575.03 ->1597.60 ->1602.32 ->1529.94 ->1486.59 ->1487.07 ->1476.04 ->1486.32 ->1397.30 ->1519.90 ->1376.52 ->1495.93 ->1473.48 ->1499.34 ->1437.89 ->1449.80 ->1463.64 ->1472.46 ->1436.73 ->1389.54 ->1374.16 ->1371.95 ->1377.53 ->1355.44 ->1444.42 ->1429.58 ->1412.27 ->1383.26 ->1392.81 ->1387.14 ->1357.42 ->1399.98 ->1363.19 ->1379.19 ->1417.60 ->1391.55 ->1389.87 ->1359.48 ->1386.10 ->1355.82 ->1346.06 ->1322.92 ->1275.58 ->1270.01 ->1299.29 ->1331.16 ->1315.32 ->1324.60 ->1322.16 ->1313.16 ->1330.10 ->1342.84 ->1315.24 ->1299.53 ->1300.28 ->1266.61 ->1238.43 ->1259.23 ->1246.94 ->1236.61 ->1267.09 ->1267.09 ->1313.07 ->1343.77 ->1305.08 ->1304.71 ->1278.94 ->1279.72 ->1253.70 ->1277.41 ->1332.58 ->1310.57 ->1237.21 ->1243.38 ->1328.31 ->1296.39 ->1290.63 ->1345.76 ->1321.91 ->1295.20 ->1273.42 ->1282.37 ->1289.62 ->1252.61 ->1302.37 ->1232.24 ->1286.03 ->1312.19 ->1287.78 ->1271.21 ->1261.37 ->1276.76 ->1285.95 ->1290.50 ->1259.16 ->1246.85 ->1272.77 ->1283.69 ->1287.03 ->1283.13 ->1309.09 ->1303.77 ->1268.84 ->1309.67 ->1297.10 ->1318.08 ->1307.79 ->1347.67 ->1312.22 ->1305.30 ->1256.74 ->1294.12 ->1278.31 ->1269.46 ->1280.63 ->1285.23 ->1288.14 ->1260.86 ->1269.65 ->1255.81 ->1273.43 ->1274.25 ->1281.35 ->1313.76 ->1214.73 ->1201.08 ->1265.68 ->1270.66 ->1262.86 ->1221.12 ->1237.17 ->1271.29 ->1268.58 ->1273.99 ->1170.72 ->1190.90 ->1259.17 ->1261.27 ->1258.52 ->1177.69 ->1259.94 ->1272.33 ->1248.30 ->1258.02 ->1258.02 ->1239.79 ->1262.64 ->1194.31 ->1192.88 ->1172.24 ->1247.18 ->1291.18 ->1291.25 ->1289.35 ->1266.96 ->1299.35 ->1306.57 ->1282.21 ->1293.81 ->1261.76 ->1270.21 ->1269.39 ->1269.72 ->1258.26 ->1213.37 ->1204.78 ->1232.16 ->1269.25 ->1302.68 ->1266.65 ->1246.85 ->1259.33 ->1280.71 ->1275.52 ->1261.02 ->1248.49 ->1255.76 ->1276.84 ->1300.88 ->1299.20 ->1272.56 ->1254.11 ->1225.52 ->1310.97 ->1268.47 ->1248.25 ->1222.96 ->1222.96 ->1292.00 ->1298.76 ->1258.50 ->1238.35 ->1286.31 ->1284.27 ->1181.37 ->1181.37 ->1239.93 ->1269.37 ->1225.49 ->1235.19 ->1257.93 ->1239.14 ->1265.27 ->1211.86 ->1156.34 ->1265.02 ->1283.57 ->1265.36 ->1254.09 ->1247.04 ->1268.70 ->1240.67 ->1258.99 ->1259.51 ->1254.34 ->1197.96 ->1208.58 ->1215.44 ->1260.88 ->1278.84 ->1229.36 ->1296.61 ->1255.32 ->1243.12 ->1238.75 ->1303.05 ->1313.28 ->1236.83 ->1262.16 ->1215.47 ->1305.66 ->1259.04 ->1311.90 ->1292.41 ->1317.42 ->1292.06 ->1313.11 ->1277.19 ->1300.83 ->1302.32 ->1303.85 ->1272.73 ->1291.44 ->1285.56 ->1271.65 ->1303.64 ->1281.85 ->1241.01 ->1245.97 ->1274.10 ->1236.33 ->1257.29 ->1216.31 ->1244.35 ->1249.39 ->1255.21 ->1279.40 ->1250.99 ->1250.99 ->1272.20 ->1293.93 ->1318.36 ->1302.94 ->1310.75 ->1272.30 ->1295.54 ->1298.67 ->1221.21 ->1237.10 ->1269.64 ->1272.03 ->1251.55 ->1237.32 ->1260.52 ->1278.21 ->1220.04 ->1274.67 ->1255.63 ->1270.91 ->1263.82 ->1269.19 ->1252.60 ->1227.60 ->1243.93 ->1277.44 ->1246.39 ->1256.86 ->1241.75 ->1246.99 ->1271.71 ->1273.03 ->1292.26 ->1228.95 ->1238.73 ->1237.52 ->1221.24 ->1226.35 ->1238.63 ->1242.13 ->1243.01 ->1306.43 ->1281.70 ->1277.12 ->1329.22 ->1264.59 ->1300.83 ->1247.34 ->1278.01 ->1257.14 ->1280.49 ->1283.79 ->1275.17 ->1281.14 ->1282.97 ->1228.89 ->1255.02 ->1277.21 ->1246.64 ->1197.51 ->1274.78 ->1274.78 ->1277.03 ->1234.36 ->1281.18 ->1259.55 ->1241.32 ->1251.92 ->1249.79 ->1224.83 ->1159.00 ->1271.53 ->1207.98 ->1268.39 ->1247.41 ->1090.20 ->1043.42 ->1040.35 ->1186.96 ->1140.57 ->1130.75 ->1200.10 ->1245.81 ->1205.58 ->1219.11 ->1222.72 ->1226.38 ->1237.19 ->1267.15 ->1268.93 ->1256.03 ->1203.96 ->1143.74 ->1254.04 ->1227.10 ->1261.80 ->1227.23 ->1254.99 ->1246.70 ->1267.93 ->1266.23 ->1261.48 ->1243.75 ->1238.48 ->1251.04 ->1244.64 ->1283.82 ->1276.30 ->1277.61 ->1246.37 ->1262.67 ->1270.16 ->1279.37 ->1264.08 ->1233.59 ->1247.95 ->1231.67 ->1245.44 ->1243.68 ->1250.76 ->1261.63 ->1199.71 ->1228.27 ->1220.58 ->1234.48 ->1242.13 ->1248.12 ->1235.33 ->1194.22 ->1212.69 ->1179.12 ->1213.70 ->1211.64 ->1179.12 ->1225.50 ->1190.19 ->1234.11 ->1247.87 ->1202.05 ->1171.58 ->1231.56 ->1237.56 ->1224.07 ->1240.63 ->1237.07 ->1212.77 ->1267.54 ->1244.31 ->1274.53 ->1200.48 ->1271.66 ->1243.25 ->1212.84 ->1215.76 ->1215.32 ->1199.86 ->1190.71 ->1184.63 ->1180.76 ->1182.25 ->1137.40 ->1235.06 ->1217.94 ->1217.28 ->1238.58 ->1278.29 ->1262.65 ->1249.84 ->1220.26 ->1270.58 ->1270.10 ->1275.93 ->1282.17 ->1236.38 ->1221.14 ->1221.87 ->1227.81 ->1236.60 ->1224.16 ->1242.49 ->1132.34 ->1193.57 ->1207.90 ->1129.44 ->1119.65 ->1191.53 ->1179.30 ->1141.95 ->1241.36 ->1197.92 ->1167.89 ->1187.54 ->1195.45 ->1236.11 ->1241.84 ->1212.06 ->1233.55 ->1205.62 ->1188.50 ->1185.13 ->1206.00 ->1194.36 ->1181.37 ->1206.59 ->1217.31 ->1167.52 ->1165.36 ->1193.96 ->1165.37 ->1174.43 ->1188.80 ->1201.04 ->1219.96 ->1224.43 ->1207.70 ->1279.01 ->1260.45 ->1245.25 ->1174.55 ->1240.10 ->1226.75 ->1243.68 ->1227.34 ->
printing the worst solution as a metric for diversity in the population:
32 
38 19 21 11 7 45 47 18 30 26 
5 12 10 14 23 37 8 1 34 6 
22 28 13 29 35 25 40 39 42 9 
46 20 15 2 17 31 41 27 0 16 
44 33 36 43 24 3 4 
best solution found has path length 1040.35
43 ->11 ->15 ->5 ->20 ->38 ->26 ->44 ->33 ->9 ->10 ->28 ->13 ->12 ->22 ->32 ->24 ->21 ->46 ->8 ->37 ->34 ->6 ->4 ->17 ->40 ->0 ->39 ->16 ->14 ->2 ->42 ->27 ->25 ->29 ->35 ->45 ->7 ->23 ->1 ->31 ->18 ->41 ->36 ->47 ->3 ->19 ->30 ->
