printing nodes:
0) 39.4 - 84.0
1) 79.8 - 78.3
2) 19.8 - 91.2
3) 76.8 - 33.5
4) 55.4 - 27.8
5) 62.9 - 47.7
6) 51.3 - 36.5
7) 91.6 - 95.2
8) 71.7 - 63.6
9) 60.7 - 14.2
10) 24.3 - 1.6
11) 80.4 - 13.7
12) 40.1 - 15.7
13) 10.9 - 13.0
14) 21.8 - 99.9
15) 83.9 - 51.3
16) 29.6 - 61.3
17) 52.4 - 63.8
18) 97.3 - 49.4
19) 77.1 - 29.3
20) 77.0 - 52.7
21) 89.2 - 40.0
22) 35.2 - 28.3
23) 91.9 - 80.8
24) 94.9 - 7.0
25) 8.6 - 52.6
26) 66.3 - 19.2
27) 34.9 - 89.0
28) 2.0 - 6.4
29) 6.3 - 45.8
30) 97.1 - 23.8
31) 85.1 - 90.2
32) 54.0 - 26.7
33) 76.0 - 37.5
34) 66.8 - 51.3
35) 3.9 - 53.2
36) 93.2 - 43.8
37) 72.1 - 93.1
38) 73.9 - 28.4
39) 35.4 - 64.0
40) 16.6 - 68.8
41) 88.0 - 44.0
42) 33.0 - 82.9
43) 89.3 - 22.9
44) 68.7 - 35.0
45) 58.9 - 95.6
46) 85.9 - 65.7
47) 92.4 - 44.0
-----------
initializing population
operation on population will be launched on 16 blocks with dim (32, 2)
operation on offspring will be launched on 32 blocks with dim (32, 2)
running main loop
Iterated 500 times, elapsed time is 1451.19 ms, for 2.90 ms/it
summary of iterations:
1962.22 ->
2017.42 ->1964.81 ->1911.33 ->1863.59 ->1820.64 ->1806.81 ->1710.86 ->1672.36 ->1708.68 ->1720.20 ->
1680.93 ->1655.96 ->1592.97 ->1582.45 ->1569.58 ->1578.16 ->1522.33 ->1574.32 ->1560.42 ->1550.45 ->
1508.20 ->1512.61 ->1514.78 ->1510.17 ->1487.88 ->1434.39 ->1447.72 ->1439.49 ->1445.45 ->1480.56 ->
1513.51 ->1469.29 ->1435.32 ->1417.23 ->1414.38 ->1404.93 ->1369.43 ->1366.34 ->1389.68 ->1407.41 ->
1440.87 ->1356.90 ->1341.66 ->1290.40 ->1326.01 ->1376.90 ->1362.29 ->1395.20 ->1391.87 ->1391.45 ->
1331.63 ->1301.49 ->1326.28 ->1330.14 ->1394.76 ->1389.94 ->1398.96 ->1390.30 ->1356.53 ->1337.74 ->
1336.73 ->1368.18 ->1388.55 ->1315.45 ->1291.60 ->1291.60 ->1343.19 ->1305.06 ->1294.30 ->1289.94 ->
1299.77 ->1327.02 ->1325.69 ->1300.05 ->1273.76 ->1326.78 ->1322.88 ->1276.43 ->1300.12 ->1316.44 ->
1306.52 ->1296.16 ->1300.87 ->1313.79 ->1302.72 ->1301.08 ->1272.96 ->1276.74 ->1231.51 ->1312.14 ->
1332.37 ->1320.61 ->1276.92 ->1231.21 ->1240.34 ->1253.99 ->1253.99 ->1285.30 ->1320.14 ->1311.84 ->
1302.07 ->1254.64 ->1250.37 ->1259.50 ->1208.87 ->1222.27 ->1222.27 ->1290.57 ->1300.89 ->1278.40 ->
1274.02 ->1289.28 ->1257.70 ->1260.98 ->1236.66 ->1236.61 ->1188.91 ->1298.99 ->1304.91 ->1212.11 ->
1221.09 ->1217.09 ->1219.56 ->1238.21 ->1224.89 ->1214.34 ->1227.63 ->1245.19 ->1259.73 ->1231.40 ->
1240.02 ->1255.26 ->1252.57 ->1264.52 ->1260.50 ->1229.72 ->1283.95 ->1246.69 ->1244.46 ->1285.36 ->
1255.26 ->1248.56 ->1229.70 ->1229.70 ->1225.77 ->1282.65 ->1253.21 ->1220.71 ->1203.27 ->1203.51 ->
1166.06 ->1210.79 ->1241.58 ->1250.03 ->1219.31 ->1273.70 ->1274.92 ->1236.25 ->1193.81 ->1193.81 ->
1189.50 ->1206.82 ->1206.30 ->1223.16 ->1215.35 ->1227.18 ->1237.17 ->1237.19 ->1256.14 ->1269.31 ->
1206.65 ->1216.34 ->1236.19 ->1241.70 ->1218.61 ->1263.59 ->1196.61 ->1202.54 ->1250.22 ->1250.22 ->
1238.94 ->1263.25 ->1229.43 ->1244.49 ->1235.70 ->1267.90 ->1259.24 ->1262.12 ->1253.08 ->1224.53 ->
1251.05 ->1218.11 ->1282.12 ->1284.02 ->1283.40 ->1252.85 ->1286.33 ->1267.95 ->1288.27 ->1254.73 ->
1286.84 ->1263.48 ->1286.07 ->1286.42 ->1303.95 ->1246.30 ->1295.53 ->1246.91 ->1197.48 ->1225.44 ->
1238.55 ->1259.66 ->1246.93 ->1263.41 ->1257.43 ->1273.68 ->1223.54 ->1237.68 ->1232.17 ->1240.89 ->
1233.41 ->1264.26 ->1251.30 ->1208.56 ->1206.10 ->1241.38 ->1225.60 ->1262.44 ->1217.50 ->1241.62 ->
1216.98 ->1193.32 ->1220.43 ->1197.63 ->1182.40 ->1201.80 ->1210.05 ->1211.19 ->1175.31 ->1209.50 ->
1176.52 ->1179.25 ->1144.02 ->1167.14 ->1211.05 ->1230.55 ->1206.41 ->1105.39 ->1105.39 ->1106.44 ->
1101.36 ->1191.99 ->1201.23 ->1159.95 ->1098.01 ->1108.30 ->1111.17 ->1108.89 ->1152.34 ->1161.15 ->
1143.43 ->1119.25 ->1170.98 ->1164.48 ->1159.53 ->1186.47 ->1156.08 ->1210.75 ->1219.10 ->1191.06 ->
1103.74 ->1116.56 ->1145.84 ->1137.27 ->1160.07 ->1177.96 ->1169.93 ->1171.51 ->1159.47 ->1176.69 ->
1176.45 ->1052.07 ->1076.77 ->1144.15 ->1084.27 ->1079.16 ->1194.52 ->1209.37 ->1126.28 ->1189.08 ->
1113.84 ->1199.94 ->1091.85 ->1219.22 ->1239.19 ->1165.19 ->1176.92 ->1141.37 ->1163.49 ->1164.45 ->
1158.01 ->1198.17 ->1107.24 ->1107.24 ->1198.81 ->1135.35 ->1163.39 ->1194.60 ->1194.60 ->1163.50 ->
1169.58 ->1177.14 ->1225.40 ->1204.83 ->1148.56 ->1132.54 ->1147.52 ->1169.89 ->1185.87 ->1171.89 ->
1099.48 ->1067.52 ->1134.22 ->1144.98 ->1125.53 ->1184.58 ->1196.05 ->1189.32 ->1187.68 ->1149.85 ->
1171.55 ->1172.66 ->1183.68 ->1143.01 ->1139.04 ->1138.70 ->1155.27 ->1154.51 ->1115.11 ->1137.28 ->
1101.19 ->1130.74 ->1169.42 ->1105.96 ->1148.79 ->1177.02 ->1184.58 ->1137.31 ->1181.78 ->1154.08 ->
1180.14 ->1163.27 ->1162.43 ->1114.22 ->1107.25 ->1094.50 ->1116.64 ->1116.64 ->1121.44 ->1152.00 ->
1150.75 ->1118.11 ->1114.89 ->1114.08 ->1117.91 ->1083.72 ->1145.18 ->1123.25 ->1128.34 ->1162.19 ->
1129.49 ->1117.14 ->1095.83 ->1113.67 ->1122.49 ->1101.09 ->1124.14 ->1069.81 ->1074.43 ->1107.87 ->
1118.01 ->1006.26 ->1093.63 ->1085.35 ->1095.52 ->1066.00 ->1043.36 ->1055.87 ->1072.99 ->1104.58 ->
1080.64 ->1067.10 ->1070.25 ->1106.35 ->1010.29 ->1069.51 ->1084.30 ->1069.31 ->1059.76 ->1031.82 ->
1056.28 ->1085.04 ->1011.86 ->1044.29 ->1046.34 ->1067.59 ->1080.02 ->1053.09 ->1042.33 ->1059.91 ->
1031.68 ->1030.96 ->998.67 ->1013.36 ->996.99 ->1002.48 ->965.21 ->975.68 ->987.19 ->1026.62 ->
1024.34 ->1015.15 ->1015.15 ->995.20 ->991.99 ->966.16 ->974.41 ->983.98 ->982.73 ->947.55 ->
979.77 ->958.60 ->972.70 ->935.90 ->926.49 ->928.72 ->945.09 ->933.65 ->946.80 ->917.24 ->
907.02 ->932.45 ->944.13 ->952.39 ->938.18 ->930.61 ->893.02 ->917.22 ->889.95 ->917.22 ->
862.43 ->902.20 ->899.22 ->907.94 ->872.81 ->886.74 ->902.63 ->911.79 ->881.76 ->861.59 ->
859.13 ->835.52 ->844.24 ->862.51 ->844.08 ->843.33 ->838.55 ->838.55 ->838.55 ->859.58 ->
859.58 ->870.90 ->880.71 ->898.05 ->859.75 ->880.80 ->871.24 ->885.82 ->884.39 ->876.14 ->
873.74 ->890.41 ->898.16 ->877.94 ->844.66 ->842.43 ->840.93 ->825.34 ->847.50 ->842.31 ->
838.78 ->866.63 ->833.43 ->828.06 ->813.11 ->820.92 ->852.93 ->833.12 ->845.43 ->
printing the worst solution as a metric for diversity in the population:
12 22 9 6 34 33 11 4 3 38 32 5 43 26 19 24 41 46 15 18 47 30 21 20 36 44 8 7 31 1 23 37 0 17 45 39 2 14 27 42 40 16 25 35 29 13 28 10 
best solution found has path length 813.11
12 ->9 ->4 ->22 ->26 ->38 ->32 ->19 ->11 ->24 ->43 ->30 ->3 ->33 ->44 ->41 ->34 ->5 ->6 ->46 ->21 ->36 ->18 ->20 ->47 ->15 ->8 ->1 ->23 ->7 ->31 ->37 ->45 ->17 ->39 ->27 ->0 ->14 ->2 ->42 ->16 ->40 ->25 ->35 ->29 ->13 ->28 ->10 ->
