==10148== NVPROF is profiling process 10148, command: ./a.out
==10148== Warning: Unified Memory Profiling is not supported on the underlying platform. System requirements for unified memory can be found at: http://docs.nvidia.com/cuda/cuda-c-programming-guide/index.html#um-requirements
==10148== Profiling application: ./a.out
==10148== Profiling result:
            Type  Time(%)      Time     Calls       Avg       Min       Max  Name
 GPU activities:   45.13%  413.44ms       500  826.88us  611.00us  1.1222ms  naive_generation(int*, int*, unsigned int*)
                   16.54%  151.56ms         1  151.56ms  151.56ms  151.56ms  generate_seed_pseudo(__int64, __int64, __int64, curandOrdering, curandStateXORWOW*, unsigned int*)
                    8.38%  76.745ms      1000  76.744us  52.240us  97.606us  swap_with_positions(int*, int*, int*, int, int)
                    7.57%  69.309ms      1001  69.239us  31.824us  152.97us  void gen_sequenced<curandStateXORWOW, unsigned int, int, __operator_&__(unsigned int curand_noargs<curandStateXORWOW>(curandStateXORWOW*, int)), rng_config<curandStateXORWOW>>(curandStateXORWOW*, unsigned int*, unsigned long, unsigned long, int)
                    6.09%  55.791ms       500  111.58us  90.002us  210.06us  evaluate_kernel(int*, int, float const *, float*, int*)
                    3.35%  30.677ms      2000  15.338us  5.4690us  25.834us  void thrust::cuda_cub::cub::DeviceRadixSortDownsweepKernel<thrust::cuda_cub::cub::DeviceRadixSortPolicy<float, int, int>::Policy700, bool=0, bool=0, float, int, int>(thrust::cuda_cub::cub::DeviceRadixSortPolicy<float, int, int>::Policy700 const *, thrust::cuda_cub::cub::DeviceRadixSortDownsweepKernel<thrust::cuda_cub::cub::DeviceRadixSortPolicy<float, int, int>::Policy700, bool=0, bool=0, float, int, int>*, bool=0 const *, thrust::cuda_cub::cub::DeviceRadixSortDownsweepKernel<thrust::cuda_cub::cub::DeviceRadixSortPolicy<float, int, int>::Policy700, bool=0, bool=0, float, int, int>**, bool=0*, thrust::cuda_cub::cub::DeviceRadixSortDownsweepKernel<thrust::cuda_cub::cub::DeviceRadixSortPolicy<float, int, int>::Policy700, bool=0, bool=0, float, int, int>**, int, int, thrust::cuda_cub::cub::GridEvenShare<thrust::cuda_cub::cub::DeviceRadixSortDownsweepKernel<thrust::cuda_cub::cub::DeviceRadixSortPolicy<float, int, int>::Policy700, bool=0, bool=0, float, int, int>**>)
                    2.93%  26.865ms      3500  7.6750us  6.0410us  12.239us  void thrust::cuda_cub::cub::RadixSortScanBinsKernel<thrust::cuda_cub::cub::DeviceRadixSortPolicy<float, int, int>::Policy700, int>(int*, int)
                    2.84%  26.019ms      1500  17.346us  11.406us  27.657us  void thrust::cuda_cub::cub::DeviceRadixSortDownsweepKernel<thrust::cuda_cub::cub::DeviceRadixSortPolicy<float, int, int>::Policy700, bool=1, bool=0, float, int, int>(thrust::cuda_cub::cub::DeviceRadixSortPolicy<float, int, int>::Policy700 const *, thrust::cuda_cub::cub::DeviceRadixSortDownsweepKernel<thrust::cuda_cub::cub::DeviceRadixSortPolicy<float, int, int>::Policy700, bool=1, bool=0, float, int, int>*, bool=1 const *, thrust::cuda_cub::cub::DeviceRadixSortDownsweepKernel<thrust::cuda_cub::cub::DeviceRadixSortPolicy<float, int, int>::Policy700, bool=1, bool=0, float, int, int>**, bool=0*, thrust::cuda_cub::cub::DeviceRadixSortDownsweepKernel<thrust::cuda_cub::cub::DeviceRadixSortPolicy<float, int, int>::Policy700, bool=1, bool=0, float, int, int>**, int, int, thrust::cuda_cub::cub::GridEvenShare<thrust::cuda_cub::cub::DeviceRadixSortDownsweepKernel<thrust::cuda_cub::cub::DeviceRadixSortPolicy<float, int, int>::Policy700, bool=1, bool=0, float, int, int>**>)
                    2.18%  19.988ms       500  39.975us  33.803us  44.897us  void thrust::cuda_cub::cub::DeviceRadixSortSingleTileKernel<thrust::cuda_cub::cub::DeviceRadixSortPolicy<unsigned int, int, int>::Policy700, bool=0, unsigned int, int, int>(int const *, thrust::cuda_cub::cub::DeviceRadixSortSingleTileKernel<thrust::cuda_cub::cub::DeviceRadixSortPolicy<unsigned int, int, int>::Policy700, bool=0, unsigned int, int, int>*, thrust::cuda_cub::cub::DeviceRadixSortPolicy<unsigned int, int, int>::Policy700 const *, thrust::cuda_cub::cub::DeviceRadixSortSingleTileKernel<thrust::cuda_cub::cub::DeviceRadixSortPolicy<unsigned int, int, int>::Policy700, bool=0, unsigned int, int, int>**, bool=0, int, int)
                    1.97%  18.077ms      2000  9.0380us  6.7710us  13.854us  void thrust::cuda_cub::cub::DeviceRadixSortUpsweepKernel<thrust::cuda_cub::cub::DeviceRadixSortPolicy<float, int, int>::Policy700, bool=0, bool=0, float, int>(thrust::cuda_cub::cub::DeviceRadixSortPolicy<float, int, int>::Policy700 const *, bool=0*, thrust::cuda_cub::cub::DeviceRadixSortPolicy<float, int, int>::Policy700 const *, int, int, thrust::cuda_cub::cub::GridEvenShare<thrust::cuda_cub::cub::DeviceRadixSortPolicy<float, int, int>::Policy700 const *>)
                    1.18%  10.838ms      1500  7.2250us  4.8440us  12.500us  void thrust::cuda_cub::cub::DeviceRadixSortUpsweepKernel<thrust::cuda_cub::cub::DeviceRadixSortPolicy<float, int, int>::Policy700, bool=1, bool=0, float, int>(thrust::cuda_cub::cub::DeviceRadixSortPolicy<float, int, int>::Policy700 const *, bool=1*, thrust::cuda_cub::cub::DeviceRadixSortPolicy<float, int, int>::Policy700 const *, int, int, thrust::cuda_cub::cub::GridEvenShare<thrust::cuda_cub::cub::DeviceRadixSortPolicy<float, int, int>::Policy700 const *>)
                    0.69%  6.3190ms       500  12.638us  10.520us  15.417us  [CUDA memcpy DtoD]
                    0.35%  3.1877ms      1000  3.1870us  1.9790us  5.3120us  void thrust::cuda_cub::core::_kernel_agent<thrust::cuda_cub::__parallel_for::ParallelForAgent<thrust::cuda_cub::__transform::unary_transform_f<int*, int*, thrust::cuda_cub::__transform::no_stencil_tag, thrust::identity<int>, thrust::cuda_cub::__transform::always_true_predicate>, long>, thrust::cuda_cub::__transform::unary_transform_f<int*, int*, thrust::cuda_cub::__transform::no_stencil_tag, thrust::identity<int>, thrust::cuda_cub::__transform::always_true_predicate>, long>(int*, thrust::cuda_cub::__transform::no_stencil_tag)
                    0.24%  2.1662ms       500  4.3320us  3.2290us  5.6250us  void thrust::cuda_cub::core::_kernel_agent<thrust::cuda_cub::__parallel_for::ParallelForAgent<thrust::cuda_cub::__transform::unary_transform_f<float*, float*, thrust::cuda_cub::__transform::no_stencil_tag, thrust::identity<float>, thrust::cuda_cub::__transform::always_true_predicate>, long>, thrust::cuda_cub::__transform::unary_transform_f<float*, float*, thrust::cuda_cub::__transform::no_stencil_tag, thrust::identity<float>, thrust::cuda_cub::__transform::always_true_predicate>, long>(float*, thrust::cuda_cub::__transform::no_stencil_tag)
                    0.18%  1.6906ms       500  3.3810us  2.7600us  5.2620us  swap_best(int*, float*, int, int*, float*)
                    0.17%  1.5682ms         1  1.5682ms  1.5682ms  1.5682ms  init_pop_s(int*, int, int, unsigned int*)
                    0.17%  1.5262ms       500  3.0520us  2.5000us  4.0100us  void thrust::cuda_cub::core::_kernel_agent<thrust::cuda_cub::__parallel_for::ParallelForAgent<thrust::cuda_cub::__transform::unary_transform_f<unsigned int*, unsigned int*, thrust::cuda_cub::__transform::no_stencil_tag, thrust::identity<unsigned int>, thrust::cuda_cub::__transform::always_true_predicate>, long>, thrust::cuda_cub::__transform::unary_transform_f<unsigned int*, unsigned int*, thrust::cuda_cub::__transform::no_stencil_tag, thrust::identity<unsigned int>, thrust::cuda_cub::__transform::always_true_predicate>, long>(unsigned int*, thrust::cuda_cub::__transform::no_stencil_tag)
                    0.04%  401.32us       503     797ns     677ns  2.5530us  [CUDA memcpy DtoH]
                    0.00%  8.5950us         2  4.2970us  2.2920us  6.3030us  [CUDA memcpy HtoD]
      API calls:   73.53%  4.27243s      1012  4.2218ms  11.562us  4.23249s  cudaMalloc
                   13.62%  791.28ms     16503  47.947us  28.542us  1.0453ms  cudaLaunchKernel
                    4.81%  279.55ms      1014  275.69us  1.8220us  154.11ms  cudaFree
                    2.91%  168.81ms         1  168.81ms  168.81ms  168.81ms  cudaDeviceReset
                    1.58%  91.745ms      2001  45.849us  7.0840us  1.6044ms  cudaDeviceSynchronize
                    1.58%  91.666ms      1005  91.210us  41.145us  704.84us  cudaMemcpy
                    0.87%  50.376ms      4000  12.594us  9.0630us  146.67us  cudaFuncGetAttributes
                    0.35%  20.067ms       503  39.894us  29.219us  364.27us  cudaGetDeviceProperties
                    0.24%  13.927ms      6000  2.3210us  1.5620us  856.41us  cudaOccupancyMaxActiveBlocksPerMultiprocessorWithFlags
                    0.23%  13.426ms     15000     895ns     520ns  96.093us  cudaPeekAtLastError
                    0.11%  6.4068ms      3001  2.1340us  1.3540us  49.427us  cudaGetDevice
                    0.11%  6.2717ms      3000  2.0900us  1.2500us  51.354us  cudaDeviceGetAttribute
                    0.06%  3.6090ms      4004     901ns     521ns  24.427us  cudaGetLastError
                    0.00%  246.40us       191  1.2900us     625ns  32.083us  cuDeviceGetAttribute
                    0.00%  113.91us         2  56.953us  28.855us  85.052us  cudaEventRecord
                    0.00%  87.239us         1  87.239us  87.239us  87.239us  cudaThreadSynchronize
                    0.00%  70.417us         2  35.208us  9.3230us  61.094us  cudaEventCreate
                    0.00%  40.469us         1  40.469us  40.469us  40.469us  cudaEventSynchronize
                    0.00%  17.865us         2  8.9320us  8.6460us  9.2190us  cuDeviceTotalMem
                    0.00%  9.6360us         2  4.8180us  2.7610us  6.8750us  cudaEventDestroy
                    0.00%  8.5930us         4  2.1480us  1.3020us  3.8020us  cuDeviceGetCount
                    0.00%  6.8750us         1  6.8750us  6.8750us  6.8750us  cudaEventElapsedTime
                    0.00%  4.4790us         3  1.4930us  1.1980us  1.9270us  cuDeviceGet
                    0.00%  4.4790us         1  4.4790us  4.4790us  4.4790us  cuInit
                    0.00%  4.1670us         2  2.0830us  1.9790us  2.1880us  cuDeviceGetName
                    0.00%  2.2400us         1  2.2400us  2.2400us  2.2400us  cuDriverGetVersion
                    0.00%  2.1360us         2  1.0680us  1.0420us  1.0940us  cuDeviceGetUuid
