printing nodes:
0) 39.4 - 84.0
1) 79.8 - 78.3
2) 19.8 - 91.2
3) 76.8 - 33.5
4) 55.4 - 27.8
5) 62.9 - 47.7
6) 51.3 - 36.5
7) 91.6 - 95.2
8) 71.7 - 63.6
9) 60.7 - 14.2
10) 24.3 - 1.6
11) 80.4 - 13.7
12) 40.1 - 15.7
13) 10.9 - 13.0
14) 21.8 - 99.9
15) 83.9 - 51.3
-----------
operation on population will be launched on 8 blocks with dim (32, 4)
operation on offspring will be launched on 32 blocks with dim (32, 4)
Iterated 500 times, elapsed time is 1044.06 ms, for 2.09 ms/it
summary of iterations:
537.34 ->510.31 ->511.89 ->471.34 ->463.88 ->462.17 ->456.46 ->442.36 ->421.44 ->445.39 ->434.53 ->414.43 ->419.53 ->391.62 ->407.39 ->408.14 ->392.22 ->395.13 ->400.56 ->387.12 ->391.62 ->400.95 ->391.62 ->392.02 ->401.32 ->399.90 ->390.55 ->390.55 ->390.55 ->396.70 ->396.94 ->392.57 ->390.69 ->393.26 ->387.91 ->387.91 ->392.63 ->392.63 ->387.91 ->387.91 ->387.12 ->387.12 ->387.12 ->387.12 ->387.12 ->387.12 ->387.12 ->387.12 ->387.12 ->387.12 ->387.12 ->387.12 ->387.12 ->387.12 ->387.12 ->387.12 ->387.12 ->387.12 ->387.12 ->387.12 ->387.12 ->387.12 ->387.12 ->387.12 ->387.12 ->387.12 ->387.12 ->387.12 ->387.12 ->387.12 ->387.12 ->387.12 ->387.12 ->387.12 ->387.12 ->387.12 ->387.12 ->387.12 ->387.12 ->387.12 ->387.12 ->387.12 ->387.12 ->387.12 ->387.12 ->387.12 ->387.12 ->387.12 ->387.12 ->387.12 ->387.12 ->387.12 ->387.12 ->387.12 ->387.12 ->387.12 ->387.12 ->387.12 ->387.12 ->387.12 ->387.12 ->387.12 ->387.12 ->387.12 ->387.12 ->387.12 ->387.12 ->387.12 ->387.12 ->387.12 ->387.12 ->387.12 ->387.12 ->387.12 ->387.12 ->387.12 ->387.12 ->387.12 ->387.12 ->387.12 ->387.12 ->387.12 ->387.12 ->387.12 ->387.12 ->387.12 ->387.12 ->387.12 ->387.12 ->387.12 ->387.12 ->387.12 ->387.12 ->387.12 ->387.12 ->387.12 ->387.12 ->387.12 ->387.12 ->387.12 ->387.12 ->387.12 ->387.12 ->387.12 ->387.12 ->387.12 ->387.12 ->387.12 ->387.12 ->387.12 ->387.12 ->387.12 ->387.12 ->387.12 ->387.12 ->387.12 ->387.12 ->387.12 ->387.12 ->387.12 ->387.12 ->387.12 ->387.12 ->387.12 ->387.12 ->387.12 ->387.12 ->387.12 ->387.12 ->387.12 ->387.12 ->387.12 ->387.12 ->387.12 ->387.12 ->387.12 ->387.12 ->387.12 ->387.12 ->387.12 ->387.12 ->387.12 ->387.12 ->387.12 ->387.12 ->387.12 ->387.12 ->387.12 ->387.12 ->387.12 ->387.12 ->387.12 ->387.12 ->387.12 ->387.12 ->387.12 ->387.12 ->387.12 ->387.12 ->387.12 ->387.12 ->387.12 ->387.12 ->387.12 ->387.12 ->387.12 ->387.12 ->387.12 ->387.12 ->387.12 ->387.12 ->387.12 ->387.12 ->387.12 ->387.12 ->387.12 ->387.12 ->387.12 ->387.12 ->387.12 ->387.12 ->387.12 ->387.12 ->387.12 ->387.12 ->387.12 ->387.12 ->387.12 ->387.12 ->387.12 ->387.12 ->387.12 ->387.12 ->387.12 ->387.12 ->387.12 ->387.12 ->387.12 ->387.12 ->387.12 ->387.12 ->387.12 ->387.12 ->387.12 ->387.12 ->387.12 ->387.12 ->387.12 ->387.12 ->387.12 ->387.12 ->387.12 ->387.12 ->387.12 ->387.12 ->387.12 ->387.12 ->387.12 ->387.12 ->387.12 ->387.12 ->387.12 ->387.12 ->387.12 ->387.12 ->387.12 ->387.12 ->387.12 ->387.12 ->387.12 ->387.12 ->387.12 ->387.12 ->387.12 ->387.12 ->387.12 ->387.12 ->387.12 ->387.12 ->387.12 ->387.12 ->387.12 ->387.12 ->387.12 ->387.12 ->387.12 ->387.12 ->387.12 ->387.12 ->387.12 ->387.12 ->387.12 ->387.12 ->387.12 ->387.12 ->387.12 ->387.12 ->387.12 ->387.12 ->387.12 ->387.12 ->387.12 ->387.12 ->387.12 ->387.12 ->387.12 ->387.12 ->387.12 ->387.12 ->387.12 ->387.12 ->387.12 ->387.12 ->387.12 ->387.12 ->387.12 ->387.12 ->387.12 ->387.12 ->387.12 ->387.12 ->387.12 ->387.12 ->387.12 ->387.12 ->387.12 ->387.12 ->387.12 ->387.12 ->387.12 ->387.12 ->387.12 ->387.12 ->387.12 ->387.12 ->387.12 ->387.12 ->387.12 ->387.12 ->387.12 ->387.12 ->387.12 ->387.12 ->387.12 ->387.12 ->387.12 ->387.12 ->387.12 ->387.12 ->387.12 ->387.12 ->387.12 ->387.12 ->387.12 ->387.12 ->387.12 ->387.12 ->387.12 ->387.12 ->387.12 ->387.12 ->387.12 ->387.12 ->387.12 ->387.12 ->387.12 ->387.12 ->387.12 ->387.12 ->387.12 ->387.12 ->387.12 ->387.12 ->387.12 ->387.12 ->387.12 ->387.12 ->387.12 ->387.12 ->387.12 ->387.12 ->387.12 ->387.12 ->387.12 ->387.12 ->387.12 ->387.12 ->387.12 ->387.12 ->387.12 ->387.12 ->387.12 ->387.12 ->387.12 ->387.12 ->387.12 ->387.12 ->387.12 ->387.12 ->387.12 ->387.12 ->387.12 ->387.12 ->387.12 ->387.12 ->387.12 ->387.12 ->387.12 ->387.12 ->387.12 ->387.12 ->387.12 ->387.12 ->387.12 ->387.12 ->387.12 ->387.12 ->387.12 ->387.12 ->387.12 ->387.12 ->387.12 ->387.12 ->387.12 ->387.12 ->387.12 ->387.12 ->387.12 ->387.12 ->387.12 ->387.12 ->387.12 ->387.12 ->387.12 ->387.12 ->387.12 ->387.12 ->387.12 ->387.12 ->387.12 ->387.12 ->387.12 ->387.12 ->387.12 ->387.12 ->387.12 ->387.12 ->387.12 ->387.12 ->387.12 ->387.12 ->387.12 ->387.12 ->387.12 ->387.12 ->387.12 ->387.12 ->387.12 ->387.12 ->387.12 ->387.12 ->387.12 ->387.12 ->387.12 ->387.12 ->387.12 ->387.12 ->387.12 ->387.12 ->387.12 ->387.12 ->387.12 ->387.12 ->387.12 ->387.12 ->387.12 ->387.12 ->387.12 ->387.12 ->387.12 ->387.12 ->387.12 ->387.12 ->387.12 ->387.12 ->387.12 ->387.12 ->387.12 ->387.12 ->387.12 ->387.12 ->387.12 ->387.12 ->387.12 ->387.12 ->387.12 ->387.12 ->387.12 ->387.12 ->387.12 ->
printing the worst solution as a metric for diversity in the population:
5 
3 11 9 4 6 12 10 13 2 14 
0 7 1 8 15 
best solution found has path length 387.12
13 ->10 ->12 ->6 ->4 ->9 ->11 ->3 ->5 ->15 ->8 ->1 ->7 ->0 ->14 ->2 ->
