==8375== NVPROF is profiling process 8375, command: ./a.out
==8375== Warning: Unified Memory Profiling is not supported on the underlying platform. System requirements for unified memory can be found at: http://docs.nvidia.com/cuda/cuda-c-programming-guide/index.html#um-requirements
==8375== Profiling application: ./a.out
==8375== Profiling result:
            Type  Time(%)      Time     Calls       Avg       Min       Max  Name
 GPU activities:   68.10%  3.26886s       500  6.5377ms  3.6709ms  11.335ms  naive_generation(int*, int*, unsigned int*)
                   11.45%  549.60ms       500  1.0992ms  566.26us  3.2345ms  constant_evaluate_kernel(int*, int, float*, int*)
                    8.86%  425.22ms      1000  425.22us  372.19us  501.31us  swap_with_positions(int*, int*, int*, int, int)
                    6.87%  329.68ms         1  329.68ms  329.68ms  329.68ms  generate_seed_pseudo(__int64, __int64, __int64, curandOrdering, curandStateXORWOW*, unsigned int*)
                    1.45%  69.380ms         1  69.380ms  69.380ms  69.380ms  init_pop_s(int*, int, int, unsigned int*)
                    0.89%  42.921ms      1001  42.878us  22.188us  261.05us  void gen_sequenced<curandStateXORWOW, unsigned int, int, __operator_&__(unsigned int curand_noargs<curandStateXORWOW>(curandStateXORWOW*, int)), rng_config<curandStateXORWOW>>(curandStateXORWOW*, unsigned int*, unsigned long, unsigned long, int)
                    0.58%  27.880ms       500  55.760us  53.438us  66.667us  [CUDA memcpy DtoD]
                    0.40%  19.011ms      2000  9.5050us  3.1250us  18.855us  void thrust::cuda_cub::cub::DeviceRadixSortDownsweepKernel<thrust::cuda_cub::cub::DeviceRadixSortPolicy<float, int, int>::Policy700, bool=0, bool=0, float, int, int>(thrust::cuda_cub::cub::DeviceRadixSortPolicy<float, int, int>::Policy700 const *, thrust::cuda_cub::cub::DeviceRadixSortDownsweepKernel<thrust::cuda_cub::cub::DeviceRadixSortPolicy<float, int, int>::Policy700, bool=0, bool=0, float, int, int>*, bool=0 const *, thrust::cuda_cub::cub::DeviceRadixSortDownsweepKernel<thrust::cuda_cub::cub::DeviceRadixSortPolicy<float, int, int>::Policy700, bool=0, bool=0, float, int, int>**, bool=0*, thrust::cuda_cub::cub::DeviceRadixSortDownsweepKernel<thrust::cuda_cub::cub::DeviceRadixSortPolicy<float, int, int>::Policy700, bool=0, bool=0, float, int, int>**, int, int, thrust::cuda_cub::cub::GridEvenShare<thrust::cuda_cub::cub::DeviceRadixSortDownsweepKernel<thrust::cuda_cub::cub::DeviceRadixSortPolicy<float, int, int>::Policy700, bool=0, bool=0, float, int, int>**>)
                    0.34%  16.534ms      1500  11.022us  7.4470us  18.074us  void thrust::cuda_cub::cub::DeviceRadixSortDownsweepKernel<thrust::cuda_cub::cub::DeviceRadixSortPolicy<float, int, int>::Policy700, bool=1, bool=0, float, int, int>(thrust::cuda_cub::cub::DeviceRadixSortPolicy<float, int, int>::Policy700 const *, thrust::cuda_cub::cub::DeviceRadixSortDownsweepKernel<thrust::cuda_cub::cub::DeviceRadixSortPolicy<float, int, int>::Policy700, bool=1, bool=0, float, int, int>*, bool=1 const *, thrust::cuda_cub::cub::DeviceRadixSortDownsweepKernel<thrust::cuda_cub::cub::DeviceRadixSortPolicy<float, int, int>::Policy700, bool=1, bool=0, float, int, int>**, bool=0*, thrust::cuda_cub::cub::DeviceRadixSortDownsweepKernel<thrust::cuda_cub::cub::DeviceRadixSortPolicy<float, int, int>::Policy700, bool=1, bool=0, float, int, int>**, int, int, thrust::cuda_cub::cub::GridEvenShare<thrust::cuda_cub::cub::DeviceRadixSortDownsweepKernel<thrust::cuda_cub::cub::DeviceRadixSortPolicy<float, int, int>::Policy700, bool=1, bool=0, float, int, int>**>)
                    0.32%  15.463ms      3500  4.4180us  4.0100us  7.4480us  void thrust::cuda_cub::cub::RadixSortScanBinsKernel<thrust::cuda_cub::cub::DeviceRadixSortPolicy<float, int, int>::Policy700, int>(int*, int)
                    0.26%  12.454ms       500  24.908us  24.062us  31.771us  void thrust::cuda_cub::cub::DeviceRadixSortSingleTileKernel<thrust::cuda_cub::cub::DeviceRadixSortPolicy<unsigned int, int, int>::Policy700, bool=0, unsigned int, int, int>(int const *, thrust::cuda_cub::cub::DeviceRadixSortSingleTileKernel<thrust::cuda_cub::cub::DeviceRadixSortPolicy<unsigned int, int, int>::Policy700, bool=0, unsigned int, int, int>*, thrust::cuda_cub::cub::DeviceRadixSortPolicy<unsigned int, int, int>::Policy700 const *, thrust::cuda_cub::cub::DeviceRadixSortSingleTileKernel<thrust::cuda_cub::cub::DeviceRadixSortPolicy<unsigned int, int, int>::Policy700, bool=0, unsigned int, int, int>**, bool=0, int, int)
                    0.22%  10.751ms      2000  5.3750us  4.3230us  9.4270us  void thrust::cuda_cub::cub::DeviceRadixSortUpsweepKernel<thrust::cuda_cub::cub::DeviceRadixSortPolicy<float, int, int>::Policy700, bool=0, bool=0, float, int>(thrust::cuda_cub::cub::DeviceRadixSortPolicy<float, int, int>::Policy700 const *, bool=0*, thrust::cuda_cub::cub::DeviceRadixSortPolicy<float, int, int>::Policy700 const *, int, int, thrust::cuda_cub::cub::GridEvenShare<thrust::cuda_cub::cub::DeviceRadixSortPolicy<float, int, int>::Policy700 const *>)
                    0.14%  6.8416ms      1500  4.5610us  3.2290us  8.4900us  void thrust::cuda_cub::cub::DeviceRadixSortUpsweepKernel<thrust::cuda_cub::cub::DeviceRadixSortPolicy<float, int, int>::Policy700, bool=1, bool=0, float, int>(thrust::cuda_cub::cub::DeviceRadixSortPolicy<float, int, int>::Policy700 const *, bool=1*, thrust::cuda_cub::cub::DeviceRadixSortPolicy<float, int, int>::Policy700 const *, int, int, thrust::cuda_cub::cub::GridEvenShare<thrust::cuda_cub::cub::DeviceRadixSortPolicy<float, int, int>::Policy700 const *>)
                    0.04%  1.8404ms      1000  1.8400us  1.3020us  3.2820us  void thrust::cuda_cub::core::_kernel_agent<thrust::cuda_cub::__parallel_for::ParallelForAgent<thrust::cuda_cub::__transform::unary_transform_f<int*, int*, thrust::cuda_cub::__transform::no_stencil_tag, thrust::identity<int>, thrust::cuda_cub::__transform::always_true_predicate>, long>, thrust::cuda_cub::__transform::unary_transform_f<int*, int*, thrust::cuda_cub::__transform::no_stencil_tag, thrust::identity<int>, thrust::cuda_cub::__transform::always_true_predicate>, long>(int*, thrust::cuda_cub::__transform::no_stencil_tag)
                    0.03%  1.2611ms       500  2.5220us  2.1350us  3.7500us  swap_best(int*, float*, int, int*, float*)
                    0.02%  1.1826ms       500  2.3650us  1.8750us  3.3330us  void thrust::cuda_cub::core::_kernel_agent<thrust::cuda_cub::__parallel_for::ParallelForAgent<thrust::cuda_cub::__transform::unary_transform_f<float*, float*, thrust::cuda_cub::__transform::no_stencil_tag, thrust::identity<float>, thrust::cuda_cub::__transform::always_true_predicate>, long>, thrust::cuda_cub::__transform::unary_transform_f<float*, float*, thrust::cuda_cub::__transform::no_stencil_tag, thrust::identity<float>, thrust::cuda_cub::__transform::always_true_predicate>, long>(float*, thrust::cuda_cub::__transform::no_stencil_tag)
                    0.02%  1.1742ms       500  2.3480us  2.1870us  3.5420us  void thrust::cuda_cub::core::_kernel_agent<thrust::cuda_cub::__parallel_for::ParallelForAgent<thrust::cuda_cub::__transform::unary_transform_f<unsigned int*, unsigned int*, thrust::cuda_cub::__transform::no_stencil_tag, thrust::identity<unsigned int>, thrust::cuda_cub::__transform::always_true_predicate>, long>, thrust::cuda_cub::__transform::unary_transform_f<unsigned int*, unsigned int*, thrust::cuda_cub::__transform::no_stencil_tag, thrust::identity<unsigned int>, thrust::cuda_cub::__transform::always_true_predicate>, long>(unsigned int*, thrust::cuda_cub::__transform::no_stencil_tag)
                    0.01%  260.53us       503     517ns     468ns  2.0830us  [CUDA memcpy DtoH]
                    0.00%  68.386us         2  34.193us  5.7810us  62.605us  [CUDA memcpy HtoD]
      API calls:   42.16%  4.24149s         1  4.24149s  4.24149s  4.24149s  cudaMemcpyToSymbol
                   29.32%  2.94989s      2001  1.4742ms  9.8960us  70.069ms  cudaDeviceSynchronize
                   15.63%  1.57200s     16503  95.255us  33.802us  1.9935ms  cudaLaunchKernel
                    4.79%  482.12ms      1014  475.46us  1.8750us  332.57ms  cudaFree
                    2.79%  280.53ms      1004  279.41us  51.458us  661.09us  cudaMemcpy
                    1.93%  193.99ms         1  193.99ms  193.99ms  193.99ms  cudaDeviceReset
                    1.09%  110.09ms      4000  27.522us  9.7910us  153.96us  cudaFuncGetAttributes
                    0.75%  75.614ms      1011  74.790us  11.146us  15.680ms  cudaMalloc
                    0.47%  47.412ms       503  94.258us  40.782us  221.61us  cudaGetDeviceProperties
                    0.43%  43.186ms      6000  7.1970us  1.7180us  1.8667ms  cudaOccupancyMaxActiveBlocksPerMultiprocessorWithFlags
                    0.26%  26.364ms     15000  1.7570us     573ns  196.51us  cudaPeekAtLastError
                    0.15%  14.678ms      3001  4.8900us  1.6140us  107.03us  cudaGetDevice
                    0.14%  14.485ms      3000  4.8280us  1.5100us  116.82us  cudaDeviceGetAttribute
                    0.08%  7.9400ms      4004  1.9830us     677ns  50.990us  cudaGetLastError
                    0.00%  360.37us         1  360.37us  360.37us  360.37us  cudaEventSynchronize
                    0.00%  236.77us       191  1.2390us     625ns  31.093us  cuDeviceGetAttribute
                    0.00%  129.53us         2  64.765us  57.917us  71.614us  cudaEventRecord
                    0.00%  49.636us         1  49.636us  49.636us  49.636us  cudaThreadSynchronize
                    0.00%  23.854us         2  11.927us  5.7810us  18.073us  cudaEventCreate
                    0.00%  16.042us         2  8.0210us  7.2400us  8.8020us  cuDeviceTotalMem
                    0.00%  12.500us         1  12.500us  12.500us  12.500us  cudaEventElapsedTime
                    0.00%  9.7920us         2  4.8960us  2.8650us  6.9270us  cudaEventDestroy
                    0.00%  8.5420us         4  2.1350us  1.4060us  3.1250us  cuDeviceGetCount
                    0.00%  4.6350us         1  4.6350us  4.6350us  4.6350us  cuInit
                    0.00%  4.3750us         3  1.4580us  1.1980us  1.8230us  cuDeviceGet
                    0.00%  3.6460us         2  1.8230us  1.7710us  1.8750us  cuDeviceGetName
                    0.00%  2.0830us         2  1.0410us  1.0410us  1.0420us  cuDeviceGetUuid
                    0.00%  1.8220us         1  1.8220us  1.8220us  1.8220us  cuDriverGetVersion
