printing nodes:
0) 39.4 - 84.0
1) 79.8 - 78.3
2) 19.8 - 91.2
3) 76.8 - 33.5
4) 55.4 - 27.8
5) 62.9 - 47.7
6) 51.3 - 36.5
7) 91.6 - 95.2
8) 71.7 - 63.6
9) 60.7 - 14.2
10) 24.3 - 1.6
11) 80.4 - 13.7
12) 40.1 - 15.7
13) 10.9 - 13.0
14) 21.8 - 99.9
15) 83.9 - 51.3
16) 29.6 - 61.3
17) 52.4 - 63.8
18) 97.3 - 49.4
19) 77.1 - 29.3
20) 77.0 - 52.7
21) 89.2 - 40.0
22) 35.2 - 28.3
23) 91.9 - 80.8
24) 94.9 - 7.0
25) 8.6 - 52.6
26) 66.3 - 19.2
27) 34.9 - 89.0
28) 2.0 - 6.4
29) 6.3 - 45.8
30) 97.1 - 23.8
31) 85.1 - 90.2
32) 54.0 - 26.7
33) 76.0 - 37.5
34) 66.8 - 51.3
35) 3.9 - 53.2
36) 93.2 - 43.8
37) 72.1 - 93.1
38) 73.9 - 28.4
39) 35.4 - 64.0
40) 16.6 - 68.8
41) 88.0 - 44.0
42) 33.0 - 82.9
43) 89.3 - 22.9
44) 68.7 - 35.0
45) 58.9 - 95.6
46) 85.9 - 65.7
47) 92.4 - 44.0
48) 81.5 - 39.8
49) 91.1 - 68.4
50) 21.6 - 48.2
51) 92.0 - 95.0
52) 88.1 - 14.8
53) 43.2 - 64.1
54) 28.1 - 62.0
55) 30.7 - 78.6
56) 22.6 - 44.7
57) 27.6 - 18.8
58) 41.7 - 55.6
59) 90.7 - 17.0
60) 12.6 - 10.3
61) 76.0 - 49.5
62) 93.5 - 98.5
63) 38.3 - 68.4
64) 36.9 - 75.0
65) 23.2 - 29.4
66) 24.4 - 58.4
67) 73.2 - 15.2
68) 79.3 - 12.5
69) 74.5 - 16.4
70) 95.0 - 7.5
71) 52.2 - 5.3
72) 24.0 - 17.6
73) 73.3 - 79.8
74) 96.7 - 65.7
75) 76.0 - 63.9
76) 13.5 - 9.3
77) 7.8 - 52.0
78) 20.5 - 7.0
79) 82.0 - 46.1
80) 75.6 - 57.3
81) 15.8 - 5.2
82) 20.4 - 100.0
83) 12.5 - 89.0
84) 5.4 - 99.8
85) 7.2 - 87.1
86) 92.3 - 0.4
87) 18.0 - 59.4
88) 39.2 - 16.3
89) 82.0 - 91.3
90) 55.2 - 35.9
91) 45.3 - 57.9
92) 10.0 - 68.7
93) 75.7 - 53.1
94) 99.2 - 30.4
95) 87.8 - 57.7
-----------
initializing population
operation on population will be launched on 8 blocks with dim (32, 4)
operation on offspring will be launched on 32 blocks with dim (32, 4)
running main loop
Iterated 500 times, elapsed time is 5441.61 ms, for 10.88 ms/it
summary of iterations:
4478.61 ->
4273.40 ->4175.36 ->4164.29 ->4034.84 ->3969.91 ->3843.82 ->3834.55 ->3758.88 ->3647.28 ->3658.29 ->
3618.30 ->3504.73 ->3455.09 ->3381.44 ->3388.51 ->3414.88 ->3325.10 ->3171.03 ->3186.00 ->3168.36 ->
3115.41 ->3122.90 ->3126.14 ->3067.50 ->2987.35 ->2951.98 ->2891.63 ->2882.84 ->2870.99 ->2819.59 ->
2804.85 ->2816.77 ->2736.54 ->2745.27 ->2663.53 ->2671.00 ->2622.34 ->2669.35 ->2601.35 ->2625.52 ->
2587.62 ->2556.69 ->2548.84 ->2534.87 ->2526.17 ->2481.28 ->2429.05 ->2427.84 ->2459.72 ->2450.92 ->
2461.80 ->2457.02 ->2409.80 ->2397.79 ->2353.46 ->2383.35 ->2361.53 ->2321.43 ->2364.40 ->2334.87 ->
2341.23 ->2343.83 ->2314.19 ->2291.67 ->2268.83 ->2283.08 ->2254.52 ->2217.05 ->2218.27 ->2237.45 ->
2194.29 ->2205.13 ->2197.40 ->2214.66 ->2194.66 ->2197.33 ->2181.84 ->2177.82 ->2153.05 ->2112.92 ->
2187.55 ->2194.52 ->2180.21 ->2144.31 ->2145.94 ->2150.94 ->2139.71 ->2149.09 ->2139.26 ->2139.67 ->
2105.04 ->2117.82 ->2100.91 ->2092.34 ->2087.87 ->2033.83 ->2080.68 ->2099.56 ->2067.95 ->2051.54 ->
2039.77 ->1999.33 ->2010.54 ->1985.28 ->1998.83 ->2013.42 ->1917.41 ->1934.88 ->1924.52 ->1947.70 ->
1944.56 ->1924.46 ->1917.34 ->1933.92 ->1881.31 ->1891.09 ->1887.02 ->1854.91 ->1848.25 ->1813.18 ->
1831.22 ->1763.50 ->1763.50 ->1702.95 ->1702.09 ->1731.65 ->1731.65 ->1737.46 ->1733.58 ->1724.60 ->
1706.86 ->1714.65 ->1696.45 ->1670.85 ->1689.15 ->1679.08 ->1597.99 ->1600.08 ->1613.91 ->1611.00 ->
1605.49 ->1593.01 ->1554.85 ->1532.94 ->1563.25 ->1575.17 ->1584.45 ->1565.52 ->1569.35 ->1525.09 ->
1493.60 ->1484.04 ->1494.97 ->1503.04 ->1464.45 ->1463.72 ->1467.32 ->1463.59 ->1424.35 ->1398.24 ->
1403.72 ->1367.41 ->1347.91 ->1366.82 ->1367.41 ->1377.59 ->1379.87 ->1356.75 ->1323.29 ->1326.09 ->
1364.93 ->1360.71 ->1336.31 ->1337.96 ->1336.41 ->1308.34 ->1291.82 ->1308.34 ->1304.75 ->1317.47 ->
1296.67 ->1288.67 ->1289.96 ->1289.03 ->1285.81 ->1284.28 ->1263.06 ->1263.33 ->1267.48 ->1250.26 ->
1232.91 ->1234.40 ->1231.26 ->1231.09 ->1211.04 ->1211.82 ->1241.37 ->1244.27 ->1235.68 ->1241.60 ->
1232.80 ->1220.59 ->1220.59 ->1219.93 ->1197.33 ->1197.33 ->1197.33 ->1188.69 ->1194.25 ->1187.76 ->
1186.01 ->1176.36 ->1176.36 ->1164.23 ->1178.96 ->1171.96 ->1162.98 ->1170.12 ->1149.45 ->1148.56 ->
1149.45 ->1141.71 ->1138.98 ->1141.71 ->1143.54 ->1147.57 ->1143.28 ->1120.06 ->1117.78 ->1125.69 ->
1114.39 ->1126.91 ->1112.78 ->1088.42 ->1085.89 ->1085.89 ->1090.51 ->1095.15 ->1093.73 ->1087.37 ->
1087.37 ->1078.30 ->1073.05 ->1076.82 ->1075.70 ->1060.83 ->1059.27 ->1044.37 ->1057.63 ->1049.74 ->
1048.01 ->1026.70 ->1026.66 ->1030.38 ->1029.42 ->1015.41 ->1025.38 ->1018.43 ->1007.17 ->990.04 ->
982.12 ->1002.72 ->1002.71 ->982.85 ->993.72 ->973.29 ->988.77 ->988.49 ->987.56 ->981.16 ->
982.35 ->968.34 ->960.13 ->961.74 ->952.63 ->952.63 ->958.82 ->961.74 ->954.35 ->953.81 ->
947.64 ->947.64 ->943.30 ->937.63 ->936.37 ->937.04 ->931.47 ->931.47 ->921.85 ->921.89 ->
923.79 ->921.31 ->921.31 ->918.39 ->919.28 ->917.96 ->918.28 ->912.86 ->912.04 ->911.97 ->
910.08 ->910.08 ->909.29 ->908.44 ->909.25 ->903.55 ->904.64 ->904.17 ->901.39 ->901.39 ->
895.90 ->895.69 ->895.69 ->895.52 ->893.80 ->886.99 ->886.99 ->885.54 ->885.57 ->881.12 ->
880.25 ->879.97 ->878.29 ->876.11 ->873.96 ->871.62 ->870.25 ->870.05 ->870.05 ->867.89 ->
867.69 ->867.89 ->866.78 ->866.71 ->866.51 ->865.97 ->866.37 ->864.65 ->866.01 ->865.33 ->
865.29 ->865.59 ->864.65 ->864.85 ->864.89 ->864.85 ->864.63 ->862.42 ->862.42 ->862.42 ->
862.42 ->862.28 ->862.42 ->862.28 ->862.28 ->861.06 ->861.06 ->860.93 ->859.70 ->859.53 ->
859.70 ->859.70 ->859.53 ->859.70 ->859.70 ->859.57 ->859.53 ->859.53 ->859.53 ->859.53 ->
859.53 ->859.36 ->859.15 ->859.15 ->859.15 ->859.15 ->859.15 ->859.15 ->859.15 ->859.53 ->
859.53 ->859.53 ->859.53 ->857.61 ->847.83 ->857.61 ->857.61 ->857.61 ->847.83 ->847.83 ->
847.83 ->847.83 ->847.83 ->847.83 ->847.83 ->847.83 ->847.83 ->847.83 ->847.83 ->847.47 ->
847.47 ->847.83 ->847.83 ->847.83 ->847.83 ->847.83 ->847.83 ->847.83 ->846.68 ->842.98 ->
842.98 ->842.98 ->842.98 ->842.98 ->840.35 ->838.30 ->838.30 ->838.30 ->835.68 ->835.68 ->
835.68 ->833.94 ->833.94 ->833.94 ->833.94 ->833.94 ->833.94 ->833.94 ->833.94 ->833.94 ->
833.94 ->833.94 ->833.94 ->833.94 ->833.94 ->833.94 ->833.94 ->833.94 ->833.94 ->833.94 ->
833.94 ->833.94 ->833.94 ->833.94 ->833.94 ->833.94 ->833.94 ->833.94 ->833.94 ->833.94 ->
833.94 ->833.94 ->833.94 ->833.94 ->833.94 ->833.94 ->833.94 ->833.94 ->833.94 ->833.94 ->
833.94 ->833.94 ->833.94 ->833.94 ->833.94 ->833.94 ->833.94 ->833.94 ->833.94 ->833.94 ->
833.94 ->833.94 ->833.94 ->833.94 ->833.94 ->833.04 ->833.04 ->833.04 ->833.04 ->833.04 ->
833.04 ->833.04 ->833.04 ->833.04 ->833.04 ->833.04 ->833.04 ->833.04 ->833.04 ->833.04 ->
833.04 ->833.04 ->833.04 ->833.04 ->833.04 ->833.04 ->833.04 ->833.04 ->833.04 ->
printing the worst solution as a metric for diversity in the population:
29 35 77 25 87 40 92 85 83 84 82 14 2 42 55 64 0 27 45 37 89 31 7 62 51 23 74 49 1 73 75 8 17 53 63 39 16 54 66 58 91 5 34 61 20 93 80 46 95 15 18 36 47 21 41 79 48 33 3 44 38 19 94 30 43 59 52 70 24 86 11 68 69 67 26 90 6 4 32 9 71 12 88 10 81 28 13 60 76 78 72 57 22 65 56 50 
best solution found has path length 833.04
29 ->35 ->77 ->25 ->87 ->40 ->92 ->85 ->83 ->84 ->82 ->14 ->2 ->42 ->55 ->64 ->0 ->27 ->45 ->37 ->89 ->31 ->7 ->62 ->51 ->23 ->74 ->49 ->1 ->73 ->75 ->8 ->17 ->53 ->63 ->39 ->16 ->54 ->66 ->58 ->91 ->5 ->34 ->61 ->20 ->93 ->80 ->46 ->95 ->15 ->18 ->36 ->47 ->21 ->41 ->79 ->48 ->33 ->3 ->44 ->38 ->19 ->94 ->30 ->43 ->59 ->52 ->70 ->24 ->86 ->11 ->68 ->69 ->67 ->26 ->90 ->6 ->4 ->32 ->9 ->71 ->12 ->88 ->10 ->81 ->28 ->13 ->60 ->76 ->78 ->72 ->57 ->22 ->65 ->56 ->50 ->
