==11237== NVPROF is profiling process 11237, command: ./a.out
==11237== Warning: Unified Memory Profiling is not supported on the underlying platform. System requirements for unified memory can be found at: http://docs.nvidia.com/cuda/cuda-c-programming-guide/index.html#um-requirements
==11237== Profiling application: ./a.out
==11237== Profiling result:
            Type  Time(%)      Time     Calls       Avg       Min       Max  Name
 GPU activities:   40.31%  337.40ms       500  674.80us  443.97us  903.77us  shared_generation(int*, int*, unsigned int*)
                   19.17%  160.48ms         1  160.48ms  160.48ms  160.48ms  generate_seed_pseudo(__int64, __int64, __int64, curandOrdering, curandStateXORWOW*, unsigned int*)
                    8.96%  74.992ms      1000  74.992us  51.772us  96.721us  swap_with_positions(int*, int*, int*, int, int)
                    8.17%  68.404ms      1001  68.335us  29.270us  112.14us  void gen_sequenced<curandStateXORWOW, unsigned int, int, __operator_&__(unsigned int curand_noargs<curandStateXORWOW>(curandStateXORWOW*, int)), rng_config<curandStateXORWOW>>(curandStateXORWOW*, unsigned int*, unsigned long, unsigned long, int)
                    6.02%  50.358ms       500  100.72us  77.658us  118.13us  constant_evaluate_kernel(int*, int, float*, int*)
                    3.58%  29.983ms      2000  14.991us  5.1040us  25.990us  void thrust::cuda_cub::cub::DeviceRadixSortDownsweepKernel<thrust::cuda_cub::cub::DeviceRadixSortPolicy<float, int, int>::Policy700, bool=0, bool=0, float, int, int>(thrust::cuda_cub::cub::DeviceRadixSortPolicy<float, int, int>::Policy700 const *, thrust::cuda_cub::cub::DeviceRadixSortDownsweepKernel<thrust::cuda_cub::cub::DeviceRadixSortPolicy<float, int, int>::Policy700, bool=0, bool=0, float, int, int>*, bool=0 const *, thrust::cuda_cub::cub::DeviceRadixSortDownsweepKernel<thrust::cuda_cub::cub::DeviceRadixSortPolicy<float, int, int>::Policy700, bool=0, bool=0, float, int, int>**, bool=0*, thrust::cuda_cub::cub::DeviceRadixSortDownsweepKernel<thrust::cuda_cub::cub::DeviceRadixSortPolicy<float, int, int>::Policy700, bool=0, bool=0, float, int, int>**, int, int, thrust::cuda_cub::cub::GridEvenShare<thrust::cuda_cub::cub::DeviceRadixSortDownsweepKernel<thrust::cuda_cub::cub::DeviceRadixSortPolicy<float, int, int>::Policy700, bool=0, bool=0, float, int, int>**>)
                    3.14%  26.244ms      3500  7.4980us  5.4160us  10.365us  void thrust::cuda_cub::cub::RadixSortScanBinsKernel<thrust::cuda_cub::cub::DeviceRadixSortPolicy<float, int, int>::Policy700, int>(int*, int)
                    3.01%  25.202ms      1500  16.801us  11.354us  23.803us  void thrust::cuda_cub::cub::DeviceRadixSortDownsweepKernel<thrust::cuda_cub::cub::DeviceRadixSortPolicy<float, int, int>::Policy700, bool=1, bool=0, float, int, int>(thrust::cuda_cub::cub::DeviceRadixSortPolicy<float, int, int>::Policy700 const *, thrust::cuda_cub::cub::DeviceRadixSortDownsweepKernel<thrust::cuda_cub::cub::DeviceRadixSortPolicy<float, int, int>::Policy700, bool=1, bool=0, float, int, int>*, bool=1 const *, thrust::cuda_cub::cub::DeviceRadixSortDownsweepKernel<thrust::cuda_cub::cub::DeviceRadixSortPolicy<float, int, int>::Policy700, bool=1, bool=0, float, int, int>**, bool=0*, thrust::cuda_cub::cub::DeviceRadixSortDownsweepKernel<thrust::cuda_cub::cub::DeviceRadixSortPolicy<float, int, int>::Policy700, bool=1, bool=0, float, int, int>**, int, int, thrust::cuda_cub::cub::GridEvenShare<thrust::cuda_cub::cub::DeviceRadixSortDownsweepKernel<thrust::cuda_cub::cub::DeviceRadixSortPolicy<float, int, int>::Policy700, bool=1, bool=0, float, int, int>**>)
                    2.39%  19.968ms       500  39.936us  31.042us  55.627us  void thrust::cuda_cub::cub::DeviceRadixSortSingleTileKernel<thrust::cuda_cub::cub::DeviceRadixSortPolicy<unsigned int, int, int>::Policy700, bool=0, unsigned int, int, int>(int const *, thrust::cuda_cub::cub::DeviceRadixSortSingleTileKernel<thrust::cuda_cub::cub::DeviceRadixSortPolicy<unsigned int, int, int>::Policy700, bool=0, unsigned int, int, int>*, thrust::cuda_cub::cub::DeviceRadixSortPolicy<unsigned int, int, int>::Policy700 const *, thrust::cuda_cub::cub::DeviceRadixSortSingleTileKernel<thrust::cuda_cub::cub::DeviceRadixSortPolicy<unsigned int, int, int>::Policy700, bool=0, unsigned int, int, int>**, bool=0, int, int)
                    2.08%  17.446ms      2000  8.7230us  5.8850us  12.240us  void thrust::cuda_cub::cub::DeviceRadixSortUpsweepKernel<thrust::cuda_cub::cub::DeviceRadixSortPolicy<float, int, int>::Policy700, bool=0, bool=0, float, int>(thrust::cuda_cub::cub::DeviceRadixSortPolicy<float, int, int>::Policy700 const *, bool=0*, thrust::cuda_cub::cub::DeviceRadixSortPolicy<float, int, int>::Policy700 const *, int, int, thrust::cuda_cub::cub::GridEvenShare<thrust::cuda_cub::cub::DeviceRadixSortPolicy<float, int, int>::Policy700 const *>)
                    1.27%  10.601ms      1500  7.0670us  4.4270us  10.469us  void thrust::cuda_cub::cub::DeviceRadixSortUpsweepKernel<thrust::cuda_cub::cub::DeviceRadixSortPolicy<float, int, int>::Policy700, bool=1, bool=0, float, int>(thrust::cuda_cub::cub::DeviceRadixSortPolicy<float, int, int>::Policy700 const *, bool=1*, thrust::cuda_cub::cub::DeviceRadixSortPolicy<float, int, int>::Policy700 const *, int, int, thrust::cuda_cub::cub::GridEvenShare<thrust::cuda_cub::cub::DeviceRadixSortPolicy<float, int, int>::Policy700 const *>)
                    0.73%  6.0729ms       500  12.145us  9.3230us  14.792us  [CUDA memcpy DtoD]
                    0.40%  3.3255ms      1000  3.3250us  1.7190us  4.9490us  void thrust::cuda_cub::core::_kernel_agent<thrust::cuda_cub::__parallel_for::ParallelForAgent<thrust::cuda_cub::__transform::unary_transform_f<int*, int*, thrust::cuda_cub::__transform::no_stencil_tag, thrust::identity<int>, thrust::cuda_cub::__transform::always_true_predicate>, long>, thrust::cuda_cub::__transform::unary_transform_f<int*, int*, thrust::cuda_cub::__transform::no_stencil_tag, thrust::identity<int>, thrust::cuda_cub::__transform::always_true_predicate>, long>(int*, thrust::cuda_cub::__transform::no_stencil_tag)
                    0.24%  1.9718ms       500  3.9430us  2.5010us  4.7920us  void thrust::cuda_cub::core::_kernel_agent<thrust::cuda_cub::__parallel_for::ParallelForAgent<thrust::cuda_cub::__transform::unary_transform_f<float*, float*, thrust::cuda_cub::__transform::no_stencil_tag, thrust::identity<float>, thrust::cuda_cub::__transform::always_true_predicate>, long>, thrust::cuda_cub::__transform::unary_transform_f<float*, float*, thrust::cuda_cub::__transform::no_stencil_tag, thrust::identity<float>, thrust::cuda_cub::__transform::always_true_predicate>, long>(float*, thrust::cuda_cub::__transform::no_stencil_tag)
                    0.21%  1.7638ms       500  3.5270us  2.7080us  4.2710us  void thrust::cuda_cub::core::_kernel_agent<thrust::cuda_cub::__parallel_for::ParallelForAgent<thrust::cuda_cub::__transform::unary_transform_f<unsigned int*, unsigned int*, thrust::cuda_cub::__transform::no_stencil_tag, thrust::identity<unsigned int>, thrust::cuda_cub::__transform::always_true_predicate>, long>, thrust::cuda_cub::__transform::unary_transform_f<unsigned int*, unsigned int*, thrust::cuda_cub::__transform::no_stencil_tag, thrust::identity<unsigned int>, thrust::cuda_cub::__transform::always_true_predicate>, long>(unsigned int*, thrust::cuda_cub::__transform::no_stencil_tag)
                    0.18%  1.5264ms       500  3.0520us  2.2920us  4.7400us  swap_best(int*, float*, int, int*, float*)
                    0.10%  877.00us         1  877.00us  877.00us  877.00us  init_pop_s(int*, int, int, unsigned int*)
                    0.05%  397.45us       503     790ns     625ns  2.3430us  [CUDA memcpy DtoH]
                    0.00%  10.104us         2  5.0520us  4.4270us  5.6770us  [CUDA memcpy HtoD]
      API calls:   74.61%  4.39008s         1  4.39008s  4.39008s  4.39008s  cudaMemcpyToSymbol
                   12.78%  751.83ms     16503  45.557us  29.792us  955.37us  cudaLaunchKernel
                    4.96%  291.78ms      1014  287.76us  1.5630us  163.92ms  cudaFree
                    3.16%  185.69ms         1  185.69ms  185.69ms  185.69ms  cudaDeviceReset
                    1.43%  84.034ms      1004  83.699us  46.042us  915.73us  cudaMemcpy
                    0.78%  46.108ms      4000  11.526us  8.6460us  116.35us  cudaFuncGetAttributes
                    0.66%  39.008ms      1011  38.583us  11.145us  15.985ms  cudaMalloc
                    0.61%  36.013ms      2001  17.997us  6.5110us  959.64us  cudaDeviceSynchronize
                    0.32%  18.818ms       503  37.412us  29.583us  141.30us  cudaGetDeviceProperties
                    0.23%  13.335ms      6000  2.2220us  1.4590us  863.65us  cudaOccupancyMaxActiveBlocksPerMultiprocessorWithFlags
                    0.21%  12.253ms     15000     816ns     469ns  111.09us  cudaPeekAtLastError
                    0.09%  5.5758ms      3001  1.8570us  1.3020us  83.958us  cudaGetDevice
                    0.09%  5.3618ms      3000  1.7870us  1.1980us  81.875us  cudaDeviceGetAttribute
                    0.06%  3.3683ms      4004     841ns     572ns  27.084us  cudaGetLastError
                    0.00%  247.02us       191  1.2930us     625ns  34.688us  cuDeviceGetAttribute
                    0.00%  89.792us         2  44.896us  28.958us  60.834us  cudaEventRecord
                    0.00%  42.083us         1  42.083us  42.083us  42.083us  cudaEventSynchronize
                    0.00%  25.573us         1  25.573us  25.573us  25.573us  cudaThreadSynchronize
                    0.00%  21.771us         2  10.885us  5.0520us  16.719us  cudaEventCreate
                    0.00%  18.698us         2  9.3490us  9.3230us  9.3750us  cuDeviceTotalMem
                    0.00%  8.6990us         2  4.3490us  2.8650us  5.8340us  cudaEventDestroy
                    0.00%  8.3340us         4  2.0830us  1.3020us  3.0730us  cuDeviceGetCount
                    0.00%  6.3540us         1  6.3540us  6.3540us  6.3540us  cudaEventElapsedTime
                    0.00%  5.6240us         3  1.8740us  1.3020us  2.8640us  cuDeviceGet
                    0.00%  5.0520us         1  5.0520us  5.0520us  5.0520us  cuInit
                    0.00%  4.3220us         2  2.1610us  1.9790us  2.3430us  cuDeviceGetName
                    0.00%  2.0310us         2  1.0150us     886ns  1.1450us  cuDeviceGetUuid
                    0.00%  1.9790us         1  1.9790us  1.9790us  1.9790us  cuDriverGetVersion
