printing nodes:
0) 39.4 - 84.0
1) 79.8 - 78.3
2) 19.8 - 91.2
3) 76.8 - 33.5
4) 55.4 - 27.8
5) 62.9 - 47.7
6) 51.3 - 36.5
7) 91.6 - 95.2
8) 71.7 - 63.6
9) 60.7 - 14.2
10) 24.3 - 1.6
11) 80.4 - 13.7
12) 40.1 - 15.7
13) 10.9 - 13.0
14) 21.8 - 99.9
15) 83.9 - 51.3
-----------
initializing population
operation on population will be launched on 16 blocks with dim (32, 2)
operation on offspring will be launched on 64 blocks with dim (32, 2)
running main loop
Iterated 500 times, elapsed time is 826.47 ms, for 1.65 ms/it
summary of iterations:
537.34 ->
537.34 ->524.49 ->487.11 ->461.79 ->460.20 ->464.27 ->463.04 ->432.65 ->427.48 ->443.66 ->
401.55 ->420.70 ->442.78 ->433.02 ->422.15 ->420.51 ->420.51 ->420.58 ->415.78 ->415.78 ->
415.78 ->411.21 ->405.03 ->400.96 ->411.21 ->407.01 ->410.55 ->405.97 ->410.55 ->398.88 ->
410.32 ->410.98 ->404.84 ->404.84 ->399.01 ->392.87 ->400.87 ->412.73 ->404.04 ->402.89 ->
404.08 ->408.72 ->408.72 ->410.26 ->417.49 ->419.20 ->413.09 ->407.27 ->404.91 ->404.91 ->
404.91 ->404.91 ->404.91 ->404.91 ->413.34 ->404.91 ->395.37 ->395.37 ->395.37 ->403.38 ->
399.20 ->396.70 ->400.98 ->397.30 ->399.20 ->406.28 ->403.56 ->403.85 ->405.97 ->404.30 ->
404.30 ->393.57 ->393.57 ->398.64 ->401.37 ->407.51 ->401.37 ->395.25 ->395.25 ->395.25 ->
395.25 ->395.25 ->392.57 ->399.53 ->396.58 ->395.25 ->395.25 ->392.97 ->394.43 ->387.12 ->
392.87 ->398.71 ->392.57 ->392.63 ->398.77 ->399.20 ->399.20 ->399.20 ->399.20 ->399.20 ->
399.20 ->399.20 ->399.20 ->399.20 ->399.20 ->399.20 ->399.20 ->399.20 ->399.20 ->399.20 ->
399.20 ->399.20 ->399.20 ->399.20 ->399.20 ->399.20 ->399.20 ->399.20 ->399.20 ->399.20 ->
399.20 ->399.20 ->399.20 ->399.20 ->399.20 ->399.20 ->399.20 ->399.20 ->399.20 ->399.20 ->
399.20 ->399.20 ->399.20 ->399.20 ->399.20 ->399.20 ->399.20 ->399.20 ->399.20 ->399.20 ->
399.20 ->399.20 ->399.20 ->399.20 ->399.20 ->399.20 ->399.20 ->399.20 ->399.20 ->399.20 ->
399.20 ->399.20 ->399.20 ->399.20 ->399.20 ->399.20 ->399.20 ->399.20 ->399.20 ->399.20 ->
399.20 ->399.20 ->399.20 ->399.20 ->399.20 ->399.20 ->399.20 ->399.20 ->399.20 ->399.20 ->
399.20 ->399.20 ->399.20 ->399.20 ->399.20 ->399.20 ->399.20 ->399.20 ->399.20 ->399.20 ->
399.20 ->399.20 ->399.20 ->399.20 ->399.20 ->399.20 ->399.20 ->399.20 ->399.20 ->399.20 ->
399.20 ->399.20 ->399.20 ->399.20 ->399.20 ->399.20 ->399.20 ->399.20 ->399.20 ->399.20 ->
399.20 ->399.20 ->399.20 ->399.20 ->399.20 ->399.20 ->399.20 ->399.20 ->399.20 ->399.20 ->
399.20 ->399.20 ->399.20 ->399.20 ->399.20 ->399.20 ->399.20 ->399.20 ->399.20 ->399.20 ->
399.20 ->399.20 ->399.20 ->399.20 ->399.20 ->399.20 ->399.20 ->399.20 ->399.20 ->399.20 ->
399.20 ->399.20 ->399.20 ->399.20 ->399.20 ->399.20 ->399.20 ->399.20 ->399.20 ->399.20 ->
399.20 ->399.20 ->399.20 ->399.20 ->399.20 ->399.20 ->399.20 ->399.20 ->399.20 ->399.20 ->
399.20 ->399.20 ->399.20 ->399.20 ->399.20 ->399.20 ->399.20 ->399.20 ->399.20 ->399.20 ->
399.20 ->399.20 ->399.20 ->399.20 ->399.20 ->399.20 ->399.20 ->399.20 ->399.20 ->399.20 ->
399.20 ->399.20 ->399.20 ->399.20 ->399.20 ->399.20 ->399.20 ->399.20 ->399.20 ->399.20 ->
399.20 ->399.20 ->399.20 ->399.20 ->399.20 ->399.20 ->399.20 ->399.20 ->399.20 ->399.20 ->
399.20 ->399.20 ->399.20 ->399.20 ->399.20 ->399.20 ->399.20 ->399.20 ->399.20 ->399.20 ->
399.20 ->399.20 ->399.20 ->399.20 ->399.20 ->399.20 ->399.20 ->399.20 ->399.20 ->399.20 ->
399.20 ->399.20 ->399.20 ->399.20 ->399.20 ->399.20 ->399.20 ->399.20 ->399.20 ->399.20 ->
399.20 ->399.20 ->399.20 ->399.20 ->399.20 ->399.20 ->399.20 ->399.20 ->399.20 ->399.20 ->
399.20 ->399.20 ->399.20 ->399.20 ->399.20 ->399.20 ->399.20 ->399.20 ->399.20 ->399.20 ->
399.20 ->399.20 ->399.20 ->399.20 ->399.20 ->399.20 ->399.20 ->399.20 ->399.20 ->399.20 ->
399.20 ->399.20 ->399.20 ->399.20 ->399.20 ->399.20 ->399.20 ->399.20 ->399.20 ->399.20 ->
399.20 ->399.20 ->399.20 ->399.20 ->399.20 ->399.20 ->399.20 ->399.20 ->399.20 ->399.20 ->
399.20 ->399.20 ->399.20 ->399.20 ->399.20 ->399.20 ->399.20 ->399.20 ->399.20 ->399.20 ->
399.20 ->399.20 ->399.20 ->399.20 ->399.20 ->399.20 ->399.20 ->399.20 ->399.20 ->399.20 ->
399.20 ->399.20 ->399.20 ->399.20 ->399.20 ->399.20 ->399.20 ->399.20 ->399.20 ->399.20 ->
399.20 ->399.20 ->399.20 ->399.20 ->399.20 ->399.20 ->399.20 ->399.20 ->399.20 ->399.20 ->
399.20 ->399.20 ->399.20 ->399.20 ->399.20 ->399.20 ->399.20 ->399.20 ->399.20 ->399.20 ->
399.20 ->399.20 ->399.20 ->399.20 ->399.20 ->399.20 ->399.20 ->399.20 ->399.20 ->399.20 ->
399.20 ->399.20 ->399.20 ->399.20 ->399.20 ->399.20 ->399.20 ->399.20 ->399.20 ->399.20 ->
399.20 ->399.20 ->399.20 ->399.20 ->399.20 ->399.20 ->399.20 ->399.20 ->399.20 ->399.20 ->
399.20 ->399.20 ->399.20 ->399.20 ->399.20 ->399.20 ->399.20 ->399.20 ->399.20 ->399.20 ->
399.20 ->399.20 ->399.20 ->399.20 ->399.20 ->399.20 ->399.20 ->399.20 ->399.20 ->399.20 ->
399.20 ->399.20 ->399.20 ->399.20 ->399.20 ->399.20 ->399.20 ->399.20 ->399.20 ->399.20 ->
399.20 ->399.20 ->399.20 ->399.20 ->399.20 ->399.20 ->399.20 ->399.20 ->399.20 ->399.20 ->
399.20 ->399.20 ->399.20 ->399.20 ->399.20 ->399.20 ->399.20 ->399.20 ->399.20 ->
printing the worst solution as a metric for diversity in the population:
6 4 12 13 10 9 11 3 5 15 8 1 7 14 2 0 
best solution found has path length 387.12
2 ->14 ->0 ->7 ->1 ->8 ->15 ->5 ->3 ->11 ->9 ->4 ->6 ->12 ->10 ->13 ->
