==12142== NVPROF is profiling process 12142, command: ./a.out
==12142== Warning: Unified Memory Profiling is not supported on the underlying platform. System requirements for unified memory can be found at: http://docs.nvidia.com/cuda/cuda-c-programming-guide/index.html#um-requirements
==12142== Profiling application: ./a.out
==12142== Profiling result:
            Type  Time(%)      Time     Calls       Avg       Min       Max  Name
 GPU activities:   52.60%  816.49ms       500  1.6330ms  923.51us  3.5096ms  naive_generation(int*, int*, unsigned int*)
                   16.44%  255.24ms         1  255.24ms  255.24ms  255.24ms  generate_seed_pseudo(__int64, __int64, __int64, curandOrdering, curandStateXORWOW*, unsigned int*)
                    9.95%  154.52ms      1000  154.52us  111.25us  270.42us  swap_with_positions(int*, int*, int*, int, int)
                    9.10%  141.30ms       500  282.60us  202.92us  617.62us  evaluate_kernel(int*, int, float const *, float*, int*)
                    3.51%  54.516ms      1001  54.461us  22.187us  174.59us  void gen_sequenced<curandStateXORWOW, unsigned int, int, __operator_&__(unsigned int curand_noargs<curandStateXORWOW>(curandStateXORWOW*, int)), rng_config<curandStateXORWOW>>(curandStateXORWOW*, unsigned int*, unsigned long, unsigned long, int)
                    1.53%  23.755ms      2000  11.877us  3.8550us  30.209us  void thrust::cuda_cub::cub::DeviceRadixSortDownsweepKernel<thrust::cuda_cub::cub::DeviceRadixSortPolicy<float, int, int>::Policy700, bool=0, bool=0, float, int, int>(thrust::cuda_cub::cub::DeviceRadixSortPolicy<float, int, int>::Policy700 const *, thrust::cuda_cub::cub::DeviceRadixSortDownsweepKernel<thrust::cuda_cub::cub::DeviceRadixSortPolicy<float, int, int>::Policy700, bool=0, bool=0, float, int, int>*, bool=0 const *, thrust::cuda_cub::cub::DeviceRadixSortDownsweepKernel<thrust::cuda_cub::cub::DeviceRadixSortPolicy<float, int, int>::Policy700, bool=0, bool=0, float, int, int>**, bool=0*, thrust::cuda_cub::cub::DeviceRadixSortDownsweepKernel<thrust::cuda_cub::cub::DeviceRadixSortPolicy<float, int, int>::Policy700, bool=0, bool=0, float, int, int>**, int, int, thrust::cuda_cub::cub::GridEvenShare<thrust::cuda_cub::cub::DeviceRadixSortDownsweepKernel<thrust::cuda_cub::cub::DeviceRadixSortPolicy<float, int, int>::Policy700, bool=0, bool=0, float, int, int>**>)
                    1.31%  20.364ms      3500  5.8180us  4.0100us  11.824us  void thrust::cuda_cub::cub::RadixSortScanBinsKernel<thrust::cuda_cub::cub::DeviceRadixSortPolicy<float, int, int>::Policy700, int>(int*, int)
                    1.29%  20.051ms      1500  13.367us  7.4480us  28.282us  void thrust::cuda_cub::cub::DeviceRadixSortDownsweepKernel<thrust::cuda_cub::cub::DeviceRadixSortPolicy<float, int, int>::Policy700, bool=1, bool=0, float, int, int>(thrust::cuda_cub::cub::DeviceRadixSortPolicy<float, int, int>::Policy700 const *, thrust::cuda_cub::cub::DeviceRadixSortDownsweepKernel<thrust::cuda_cub::cub::DeviceRadixSortPolicy<float, int, int>::Policy700, bool=1, bool=0, float, int, int>*, bool=1 const *, thrust::cuda_cub::cub::DeviceRadixSortDownsweepKernel<thrust::cuda_cub::cub::DeviceRadixSortPolicy<float, int, int>::Policy700, bool=1, bool=0, float, int, int>**, bool=0*, thrust::cuda_cub::cub::DeviceRadixSortDownsweepKernel<thrust::cuda_cub::cub::DeviceRadixSortPolicy<float, int, int>::Policy700, bool=1, bool=0, float, int, int>**, int, int, thrust::cuda_cub::cub::GridEvenShare<thrust::cuda_cub::cub::DeviceRadixSortDownsweepKernel<thrust::cuda_cub::cub::DeviceRadixSortPolicy<float, int, int>::Policy700, bool=1, bool=0, float, int, int>**>)
                    1.02%  15.772ms       500  31.543us  23.959us  52.709us  void thrust::cuda_cub::cub::DeviceRadixSortSingleTileKernel<thrust::cuda_cub::cub::DeviceRadixSortPolicy<unsigned int, int, int>::Policy700, bool=0, unsigned int, int, int>(int const *, thrust::cuda_cub::cub::DeviceRadixSortSingleTileKernel<thrust::cuda_cub::cub::DeviceRadixSortPolicy<unsigned int, int, int>::Policy700, bool=0, unsigned int, int, int>*, thrust::cuda_cub::cub::DeviceRadixSortPolicy<unsigned int, int, int>::Policy700 const *, thrust::cuda_cub::cub::DeviceRadixSortSingleTileKernel<thrust::cuda_cub::cub::DeviceRadixSortPolicy<unsigned int, int, int>::Policy700, bool=0, unsigned int, int, int>**, bool=0, int, int)
                    0.89%  13.810ms      2000  6.9050us  4.3750us  14.479us  void thrust::cuda_cub::cub::DeviceRadixSortUpsweepKernel<thrust::cuda_cub::cub::DeviceRadixSortPolicy<float, int, int>::Policy700, bool=0, bool=0, float, int>(thrust::cuda_cub::cub::DeviceRadixSortPolicy<float, int, int>::Policy700 const *, bool=0*, thrust::cuda_cub::cub::DeviceRadixSortPolicy<float, int, int>::Policy700 const *, int, int, thrust::cuda_cub::cub::GridEvenShare<thrust::cuda_cub::cub::DeviceRadixSortPolicy<float, int, int>::Policy700 const *>)
                    0.73%  11.371ms       500  22.742us  17.084us  35.781us  [CUDA memcpy DtoD]
                    0.57%  8.8701ms         1  8.8701ms  8.8701ms  8.8701ms  init_pop_s(int*, int, int, unsigned int*)
                    0.55%  8.4836ms      1500  5.6550us  3.2290us  12.708us  void thrust::cuda_cub::cub::DeviceRadixSortUpsweepKernel<thrust::cuda_cub::cub::DeviceRadixSortPolicy<float, int, int>::Policy700, bool=1, bool=0, float, int>(thrust::cuda_cub::cub::DeviceRadixSortPolicy<float, int, int>::Policy700 const *, bool=1*, thrust::cuda_cub::cub::DeviceRadixSortPolicy<float, int, int>::Policy700 const *, int, int, thrust::cuda_cub::cub::GridEvenShare<thrust::cuda_cub::cub::DeviceRadixSortPolicy<float, int, int>::Policy700 const *>)
                    0.16%  2.4452ms      1000  2.4450us  1.3020us  6.0420us  void thrust::cuda_cub::core::_kernel_agent<thrust::cuda_cub::__parallel_for::ParallelForAgent<thrust::cuda_cub::__transform::unary_transform_f<int*, int*, thrust::cuda_cub::__transform::no_stencil_tag, thrust::identity<int>, thrust::cuda_cub::__transform::always_true_predicate>, long>, thrust::cuda_cub::__transform::unary_transform_f<int*, int*, thrust::cuda_cub::__transform::no_stencil_tag, thrust::identity<int>, thrust::cuda_cub::__transform::always_true_predicate>, long>(int*, thrust::cuda_cub::__transform::no_stencil_tag)
                    0.12%  1.8320ms       500  3.6630us  2.3440us  6.9800us  swap_best(int*, float*, int, int*, float*)
                    0.11%  1.6767ms       500  3.3530us  2.4480us  5.7810us  void thrust::cuda_cub::core::_kernel_agent<thrust::cuda_cub::__parallel_for::ParallelForAgent<thrust::cuda_cub::__transform::unary_transform_f<float*, float*, thrust::cuda_cub::__transform::no_stencil_tag, thrust::identity<float>, thrust::cuda_cub::__transform::always_true_predicate>, long>, thrust::cuda_cub::__transform::unary_transform_f<float*, float*, thrust::cuda_cub::__transform::no_stencil_tag, thrust::identity<float>, thrust::cuda_cub::__transform::always_true_predicate>, long>(float*, thrust::cuda_cub::__transform::no_stencil_tag)
                    0.09%  1.4482ms       500  2.8960us  2.1870us  4.6870us  void thrust::cuda_cub::core::_kernel_agent<thrust::cuda_cub::__parallel_for::ParallelForAgent<thrust::cuda_cub::__transform::unary_transform_f<unsigned int*, unsigned int*, thrust::cuda_cub::__transform::no_stencil_tag, thrust::identity<unsigned int>, thrust::cuda_cub::__transform::always_true_predicate>, long>, thrust::cuda_cub::__transform::unary_transform_f<unsigned int*, unsigned int*, thrust::cuda_cub::__transform::no_stencil_tag, thrust::identity<unsigned int>, thrust::cuda_cub::__transform::always_true_predicate>, long>(unsigned int*, thrust::cuda_cub::__transform::no_stencil_tag)
                    0.02%  324.90us       503     645ns     468ns  2.8120us  [CUDA memcpy DtoH]
                    0.00%  11.198us         2  5.5990us  2.2910us  8.9070us  [CUDA memcpy HtoD]
      API calls:   66.26%  4.32504s      1012  4.2738ms  11.510us  4.27824s  cudaMalloc
                   11.90%  776.45ms     16503  47.049us  27.865us  861.30us  cudaLaunchKernel
                    9.24%  602.93ms      2001  301.31us  6.4580us  8.9846ms  cudaDeviceSynchronize
                    5.92%  386.64ms      1014  381.30us  1.8230us  257.62ms  cudaFree
                    2.83%  184.84ms         1  184.84ms  184.84ms  184.84ms  cudaDeviceReset
                    1.77%  115.72ms      1005  115.14us  42.917us  463.02us  cudaMemcpy
                    0.93%  60.665ms      4000  15.166us  8.6460us  146.25us  cudaFuncGetAttributes
                    0.37%  24.469ms       503  48.646us  29.323us  214.06us  cudaGetDeviceProperties
                    0.28%  17.958ms      6000  2.9920us  1.5100us  953.85us  cudaOccupancyMaxActiveBlocksPerMultiprocessorWithFlags
                    0.20%  13.113ms     15000     874ns     468ns  30.260us  cudaPeekAtLastError
                    0.11%  7.4031ms      3001  2.4660us  1.3030us  156.77us  cudaGetDevice
                    0.10%  6.6058ms      3000  2.2010us  1.1970us  89.271us  cudaDeviceGetAttribute
                    0.07%  4.4257ms      4004  1.1050us     521ns  160.78us  cudaGetLastError
                    0.00%  245.78us         2  122.89us  47.708us  198.07us  cudaEventRecord
                    0.00%  239.75us       191  1.2550us     625ns  32.917us  cuDeviceGetAttribute
                    0.00%  188.28us         1  188.28us  188.28us  188.28us  cudaThreadSynchronize
                    0.00%  73.750us         1  73.750us  73.750us  73.750us  cudaEventSynchronize
                    0.00%  40.625us         2  20.312us  10.000us  30.625us  cudaEventCreate
                    0.00%  17.916us         2  8.9580us  8.7500us  9.1660us  cuDeviceTotalMem
                    0.00%  9.5310us         2  4.7650us  2.9690us  6.5620us  cudaEventDestroy
                    0.00%  9.0110us         1  9.0110us  9.0110us  9.0110us  cudaEventElapsedTime
                    0.00%  8.1780us         4  2.0440us  1.3540us  3.6980us  cuDeviceGetCount
                    0.00%  4.7920us         3  1.5970us  1.1980us  2.1880us  cuDeviceGet
                    0.00%  4.1660us         1  4.1660us  4.1660us  4.1660us  cuInit
                    0.00%  3.8540us         2  1.9270us  1.7710us  2.0830us  cuDeviceGetName
                    0.00%  2.1350us         1  2.1350us  2.1350us  2.1350us  cuDriverGetVersion
                    0.00%  1.9800us         2     990ns     938ns  1.0420us  cuDeviceGetUuid
