printing nodes:
0) 39.4 - 84.0
1) 79.8 - 78.3
2) 19.8 - 91.2
3) 76.8 - 33.5
4) 55.4 - 27.8
5) 62.9 - 47.7
6) 51.3 - 36.5
7) 91.6 - 95.2
8) 71.7 - 63.6
9) 60.7 - 14.2
10) 24.3 - 1.6
11) 80.4 - 13.7
12) 40.1 - 15.7
13) 10.9 - 13.0
14) 21.8 - 99.9
15) 83.9 - 51.3
16) 29.6 - 61.3
17) 52.4 - 63.8
18) 97.3 - 49.4
19) 77.1 - 29.3
20) 77.0 - 52.7
21) 89.2 - 40.0
22) 35.2 - 28.3
23) 91.9 - 80.8
24) 94.9 - 7.0
25) 8.6 - 52.6
26) 66.3 - 19.2
27) 34.9 - 89.0
28) 2.0 - 6.4
29) 6.3 - 45.8
30) 97.1 - 23.8
31) 85.1 - 90.2
-----------
operation on population will be launched on 8 blocks with dim (32, 4)
operation on offspring will be launched on 32 blocks with dim (32, 4)
Iterated 500 times, elapsed time is 1500.85 ms, for 3.00 ms/it
summary of iterations:
1301.20 ->1270.53 ->1149.81 ->1157.90 ->1127.70 ->1080.96 ->1083.84 ->984.46 ->959.38 ->895.64 ->945.79 ->920.81 ->885.09 ->889.89 ->868.78 ->868.97 ->850.24 ->860.44 ->833.47 ->797.33 ->772.25 ->772.25 ->791.51 ->759.59 ->758.53 ->752.72 ->737.76 ->745.34 ->728.47 ->756.20 ->678.58 ->681.66 ->712.36 ->715.79 ->681.68 ->685.30 ->671.95 ->678.30 ->678.81 ->681.46 ->689.82 ->669.40 ->667.17 ->645.38 ->631.95 ->622.19 ->607.30 ->599.01 ->575.64 ->575.64 ->571.89 ->583.04 ->556.58 ->525.47 ->549.94 ->551.01 ->543.31 ->528.50 ->531.28 ->531.28 ->529.26 ->526.29 ->522.43 ->515.91 ->515.91 ->515.91 ->513.12 ->515.91 ->511.18 ->511.18 ->511.18 ->511.18 ->511.18 ->511.18 ->511.18 ->511.18 ->511.18 ->511.18 ->511.18 ->511.18 ->511.18 ->511.18 ->511.18 ->511.18 ->511.18 ->511.18 ->511.18 ->511.18 ->511.18 ->511.18 ->511.18 ->511.18 ->511.18 ->511.18 ->511.18 ->511.18 ->511.18 ->511.18 ->511.18 ->511.18 ->511.18 ->511.18 ->511.18 ->511.18 ->511.18 ->511.18 ->511.18 ->511.18 ->511.18 ->511.18 ->511.18 ->511.18 ->511.18 ->511.18 ->511.18 ->511.18 ->511.18 ->511.18 ->511.18 ->511.18 ->511.18 ->511.18 ->511.18 ->511.18 ->511.18 ->511.18 ->511.18 ->511.18 ->511.18 ->511.18 ->511.18 ->511.18 ->511.18 ->511.18 ->511.18 ->511.18 ->511.18 ->511.18 ->511.18 ->511.18 ->511.18 ->511.18 ->511.18 ->511.18 ->511.18 ->511.18 ->511.18 ->511.18 ->511.18 ->511.18 ->511.18 ->511.18 ->511.18 ->511.18 ->511.18 ->511.18 ->511.18 ->511.18 ->511.18 ->511.18 ->511.18 ->511.18 ->511.18 ->511.18 ->511.18 ->511.18 ->511.18 ->511.18 ->511.18 ->511.18 ->511.18 ->511.18 ->511.18 ->511.18 ->511.18 ->511.18 ->511.18 ->511.18 ->511.18 ->511.18 ->511.18 ->511.18 ->511.18 ->511.18 ->511.18 ->511.18 ->511.18 ->511.18 ->511.18 ->511.18 ->511.18 ->511.18 ->511.18 ->511.18 ->511.18 ->511.18 ->511.18 ->511.18 ->511.18 ->511.18 ->511.18 ->511.18 ->511.18 ->511.18 ->511.18 ->511.18 ->511.18 ->511.18 ->511.18 ->511.18 ->511.18 ->511.18 ->511.18 ->511.18 ->511.18 ->511.18 ->511.18 ->511.18 ->511.18 ->511.18 ->511.18 ->511.18 ->511.18 ->511.18 ->511.18 ->511.18 ->511.18 ->511.18 ->511.18 ->511.18 ->511.18 ->511.18 ->511.18 ->511.18 ->511.18 ->511.18 ->511.18 ->511.18 ->511.18 ->511.18 ->511.18 ->511.18 ->511.18 ->511.18 ->511.18 ->511.18 ->511.18 ->511.18 ->511.18 ->511.18 ->511.18 ->511.18 ->511.18 ->511.18 ->511.18 ->511.18 ->511.18 ->511.18 ->511.18 ->511.18 ->511.18 ->511.18 ->511.18 ->511.18 ->511.18 ->511.18 ->511.18 ->511.18 ->511.18 ->511.18 ->511.18 ->511.18 ->511.18 ->511.18 ->511.18 ->511.18 ->511.18 ->511.18 ->511.18 ->511.18 ->511.18 ->511.18 ->511.18 ->511.18 ->511.18 ->511.18 ->511.18 ->511.18 ->511.18 ->511.18 ->511.18 ->511.18 ->511.18 ->511.18 ->511.18 ->511.18 ->511.18 ->511.18 ->511.18 ->511.18 ->511.18 ->511.18 ->511.18 ->511.18 ->511.18 ->511.18 ->511.18 ->511.18 ->511.18 ->511.18 ->511.18 ->511.18 ->511.18 ->511.18 ->511.18 ->511.18 ->511.18 ->511.18 ->511.18 ->511.18 ->511.18 ->511.18 ->511.18 ->511.18 ->511.18 ->511.18 ->511.18 ->511.18 ->511.18 ->511.18 ->511.18 ->511.18 ->511.18 ->511.18 ->511.18 ->511.18 ->511.18 ->511.18 ->511.18 ->511.18 ->511.18 ->511.18 ->511.18 ->511.18 ->511.18 ->511.18 ->511.18 ->511.18 ->511.18 ->511.18 ->511.18 ->511.18 ->511.18 ->511.18 ->511.18 ->511.18 ->511.18 ->511.18 ->511.18 ->511.18 ->511.18 ->511.18 ->511.18 ->511.18 ->511.18 ->511.18 ->511.18 ->511.18 ->511.18 ->511.18 ->511.18 ->511.18 ->511.18 ->511.18 ->511.18 ->511.18 ->511.18 ->511.18 ->511.18 ->511.18 ->511.18 ->511.18 ->511.18 ->511.18 ->511.18 ->511.18 ->511.18 ->511.18 ->511.18 ->511.18 ->511.18 ->511.18 ->511.18 ->511.18 ->511.18 ->511.18 ->511.18 ->511.18 ->511.18 ->511.18 ->511.18 ->511.18 ->511.18 ->511.18 ->511.18 ->511.18 ->511.18 ->511.18 ->511.18 ->511.18 ->511.18 ->511.18 ->511.18 ->511.18 ->511.18 ->511.18 ->511.18 ->511.18 ->511.18 ->511.18 ->511.18 ->511.18 ->511.18 ->511.18 ->511.18 ->511.18 ->511.18 ->511.18 ->511.18 ->511.18 ->511.18 ->511.18 ->511.18 ->511.18 ->511.18 ->511.18 ->511.18 ->511.18 ->511.18 ->511.18 ->511.18 ->511.18 ->511.18 ->511.18 ->511.18 ->511.18 ->511.18 ->511.18 ->511.18 ->511.18 ->511.18 ->511.18 ->511.18 ->511.18 ->511.18 ->511.18 ->511.18 ->511.18 ->511.18 ->511.18 ->511.18 ->511.18 ->511.18 ->511.18 ->511.18 ->511.18 ->511.18 ->511.18 ->511.18 ->511.18 ->511.18 ->511.18 ->511.18 ->511.18 ->511.18 ->511.18 ->511.18 ->511.18 ->511.18 ->511.18 ->511.18 ->511.18 ->511.18 ->511.18 ->511.18 ->511.18 ->511.18 ->511.18 ->511.18 ->511.18 ->511.18 ->511.18 ->511.18 ->511.18 ->511.18 ->511.18 ->511.18 ->511.18 ->511.18 ->511.18 ->
printing the worst solution as a metric for diversity in the population:
6 
4 9 26 11 24 30 19 3 21 18 
15 20 23 7 31 1 8 5 17 0 
27 14 2 16 25 29 13 28 10 12 
22 
best solution found has path length 511.18
22 ->6 ->4 ->9 ->26 ->11 ->24 ->30 ->19 ->3 ->21 ->18 ->15 ->20 ->23 ->7 ->31 ->1 ->8 ->5 ->17 ->0 ->27 ->14 ->2 ->16 ->25 ->29 ->13 ->28 ->10 ->12 ->
