==15197== NVPROF is profiling process 15197, command: ./a.out
==15197== Warning: Unified Memory Profiling is not supported on the underlying platform. System requirements for unified memory can be found at: http://docs.nvidia.com/cuda/cuda-c-programming-guide/index.html#um-requirements
==15197== Profiling application: ./a.out
==15197== Profiling result:
            Type  Time(%)      Time     Calls       Avg       Min       Max  Name
 GPU activities:   80.41%  155.92ms         1  155.92ms  155.92ms  155.92ms  generate_seed_pseudo(__int64, __int64, __int64, curandOrdering, curandStateXORWOW*, unsigned int*)
                    8.66%  16.800ms       500  33.600us  25.001us  38.021us  void thrust::cuda_cub::cub::DeviceRadixSortSingleTileKernel<thrust::cuda_cub::cub::DeviceRadixSortPolicy<unsigned int, int, int>::Policy700, bool=0, unsigned int, int, int>(int const *, thrust::cuda_cub::cub::DeviceRadixSortSingleTileKernel<thrust::cuda_cub::cub::DeviceRadixSortPolicy<unsigned int, int, int>::Policy700, bool=0, unsigned int, int, int>*, thrust::cuda_cub::cub::DeviceRadixSortPolicy<unsigned int, int, int>::Policy700 const *, thrust::cuda_cub::cub::DeviceRadixSortSingleTileKernel<thrust::cuda_cub::cub::DeviceRadixSortPolicy<unsigned int, int, int>::Policy700, bool=0, unsigned int, int, int>**, bool=0, int, int)
                    2.52%  4.8865ms      1001  4.8810us  2.8650us  36.460us  void gen_sequenced<curandStateXORWOW, unsigned int, int, __operator_&__(unsigned int curand_noargs<curandStateXORWOW>(curandStateXORWOW*, int)), rng_config<curandStateXORWOW>>(curandStateXORWOW*, unsigned int*, unsigned long, unsigned long, int)
                    2.46%  4.7648ms       500  9.5290us  6.8750us  15.000us  shared_generation(int*, int, int*, unsigned int*)
                    1.50%  2.9053ms       500  5.8100us  4.1660us  8.4890us  swap_with_positions(int*, int*, int*, int, int)
                    1.23%  2.3890ms       500  4.7780us  3.3850us  11.822us  void thrust::cuda_cub::core::_kernel_agent<thrust::cuda_cub::__reduce::ReduceAgent<thrust::zip_iterator<thrust::tuple<thrust::device_ptr<float>, thrust::cuda_cub::counting_iterator_t<long>, thrust::null_type, thrust::null_type, thrust::null_type, thrust::null_type, thrust::null_type, thrust::null_type, thrust::null_type, thrust::null_type>>, thrust::tuple<float, long, thrust::null_type, thrust::null_type, thrust::null_type, thrust::null_type, thrust::null_type, thrust::null_type, thrust::null_type, thrust::null_type>*, thrust::tuple<float, long, thrust::null_type, thrust::null_type, thrust::null_type, thrust::null_type, thrust::null_type, thrust::null_type, thrust::null_type, thrust::null_type>, long, thrust::cuda_cub::__extrema::arg_min_f<float, long, thrust::less<float>>>, thrust::zip_iterator<thrust::tuple<thrust::device_ptr<float>, thrust::cuda_cub::counting_iterator_t<long>, thrust::null_type, thrust::null_type, thrust::null_type, thrust::null_type, thrust::null_type, thrust::null_type, thrust::null_type, thrust::null_type>>, thrust::tuple<float, long, thrust::null_type, thrust::null_type, thrust::null_type, thrust::null_type, thrust::null_type, thrust::null_type, thrust::null_type, thrust::null_type>*, long, thrust::cuda_cub::__extrema::arg_min_f<float, long, thrust::less<float>>>(thrust::device_ptr<float>, long, thrust::cuda_cub::counting_iterator_t<long>, thrust::null_type)
                    0.59%  1.1454ms      1501     763ns     572ns  3.4370us  [CUDA memcpy DtoH]
                    0.56%  1.0916ms       500  2.1830us  1.5620us  3.9060us  void thrust::cuda_cub::core::_kernel_agent<thrust::cuda_cub::__parallel_for::ParallelForAgent<thrust::cuda_cub::__uninitialized_copy::functor<thrust::tuple<float, long, thrust::null_type, thrust::null_type, thrust::null_type, thrust::null_type, thrust::null_type, thrust::null_type, thrust::null_type, thrust::null_type>*, thrust::pointer<thrust::tuple<float, long, thrust::null_type, thrust::null_type, thrust::null_type, thrust::null_type, thrust::null_type, thrust::null_type, thrust::null_type, thrust::null_type>, thrust::cuda_cub::tag, thrust::use_default, thrust::use_default>>, long>, thrust::cuda_cub::__uninitialized_copy::functor<thrust::tuple<float, long, thrust::null_type, thrust::null_type, thrust::null_type, thrust::null_type, thrust::null_type, thrust::null_type, thrust::null_type, thrust::null_type>*, thrust::pointer<thrust::tuple<float, long, thrust::null_type, thrust::null_type, thrust::null_type, thrust::null_type, thrust::null_type, thrust::null_type, thrust::null_type, thrust::null_type>, thrust::cuda_cub::tag, thrust::use_default, thrust::use_default>>, long>(long, thrust::null_type)
                    0.55%  1.0738ms       500  2.1470us  1.5620us  2.8650us  [CUDA memcpy DtoD]
                    0.55%  1.0647ms       500  2.1290us  1.5110us  3.0730us  void thrust::cuda_cub::core::_kernel_agent<thrust::cuda_cub::__parallel_for::ParallelForAgent<thrust::cuda_cub::__transform::unary_transform_f<unsigned int*, unsigned int*, thrust::cuda_cub::__transform::no_stencil_tag, thrust::identity<unsigned int>, thrust::cuda_cub::__transform::always_true_predicate>, long>, thrust::cuda_cub::__transform::unary_transform_f<unsigned int*, unsigned int*, thrust::cuda_cub::__transform::no_stencil_tag, thrust::identity<unsigned int>, thrust::cuda_cub::__transform::always_true_predicate>, long>(unsigned int*, thrust::cuda_cub::__transform::no_stencil_tag)
                    0.55%  1.0583ms       500  2.1160us  1.5100us  2.4490us  void thrust::cuda_cub::core::_kernel_agent<thrust::cuda_cub::__parallel_for::ParallelForAgent<thrust::cuda_cub::__transform::unary_transform_f<int*, int*, thrust::cuda_cub::__transform::no_stencil_tag, thrust::identity<int>, thrust::cuda_cub::__transform::always_true_predicate>, long>, thrust::cuda_cub::__transform::unary_transform_f<int*, int*, thrust::cuda_cub::__transform::no_stencil_tag, thrust::identity<int>, thrust::cuda_cub::__transform::always_true_predicate>, long>(int*, thrust::cuda_cub::__transform::no_stencil_tag)
                    0.39%  751.07us       500  1.5020us  1.0410us  2.2920us  void thrust::cuda_cub::core::_kernel_agent<thrust::cuda_cub::__parallel_for::ParallelForAgent<thrust::cuda_cub::for_each_f<thrust::pointer<thrust::tuple<float, long, thrust::null_type, thrust::null_type, thrust::null_type, thrust::null_type, thrust::null_type, thrust::null_type, thrust::null_type, thrust::null_type>, thrust::cuda_cub::tag, thrust::use_default, thrust::use_default>, thrust::detail::wrapped_function<thrust::detail::allocator_traits_detail::gozer, void>>, long>, thrust::cuda_cub::for_each_f<thrust::pointer<thrust::tuple<float, long, thrust::null_type, thrust::null_type, thrust::null_type, thrust::null_type, thrust::null_type, thrust::null_type, thrust::null_type, thrust::null_type>, thrust::cuda_cub::tag, thrust::use_default, thrust::use_default>, thrust::detail::wrapped_function<thrust::detail::allocator_traits_detail::gozer, void>>, long>(long, thrust::null_type)
                    0.02%  46.357us         1  46.357us  46.357us  46.357us  init_pop_s(int*, int, int, unsigned int*)
                    0.00%  4.0630us         1  4.0630us  4.0630us  4.0630us  [CUDA memcpy HtoD]
      API calls:   76.28%  4.46113s         1  4.46113s  4.46113s  4.46113s  cudaMemcpyToSymbol
                    5.07%  296.22ms      1508  196.44us  2.7080us  158.76ms  cudaFree
                    4.99%  292.09ms         2  146.05ms  2.7610us  292.09ms  cudaEventDestroy
                    4.96%  290.03ms      5003  57.970us  37.188us  846.61us  cudaLaunchKernel
                    2.82%  164.85ms         1  164.85ms  164.85ms  164.85ms  cudaDeviceReset
                    2.23%  130.18ms      1501  86.727us  49.480us  207.24us  cudaMemcpy
                    0.88%  51.736ms      1509  34.284us  11.823us  15.777ms  cudaMalloc
                    0.86%  50.344ms       500  100.69us  64.844us  850.00us  cudaMemcpyAsync
                    0.76%  44.431ms      4000  11.107us  9.2190us  78.959us  cudaFuncGetAttributes
                    0.42%  24.607ms      2501  9.8390us  7.6560us  460.68us  cudaDeviceSynchronize
                    0.32%  18.495ms       503  36.768us  32.031us  117.40us  cudaGetDeviceProperties
                    0.11%  6.3499ms      3501  1.8130us  1.3540us  28.750us  cudaGetDevice
                    0.10%  5.7772ms      3500  1.6500us  1.1460us  27.969us  cudaDeviceGetAttribute
                    0.07%  4.3346ms      5500     788ns     520ns  47.396us  cudaPeekAtLastError
                    0.06%  3.6761ms      4504     816ns     573ns  2.8650us  cudaGetLastError
                    0.06%  3.2369ms       500  6.4730us  5.6770us  36.198us  cudaStreamSynchronize
                    0.00%  276.82us       191  1.4490us     625ns  48.906us  cuDeviceGetAttribute
                    0.00%  178.86us         2  89.427us  24.688us  154.17us  cudaEventRecord
                    0.00%  63.802us         1  63.802us  63.802us  63.802us  cudaThreadSynchronize
                    0.00%  28.073us         2  14.036us  8.0730us  20.000us  cudaEventCreate
                    0.00%  18.438us         2  9.2190us  8.9590us  9.4790us  cuDeviceTotalMem
                    0.00%  8.0730us         4  2.0180us  1.2500us  3.1250us  cuDeviceGetCount
                    0.00%  6.2500us         1  6.2500us  6.2500us  6.2500us  cudaEventSynchronize
                    0.00%  6.1980us         1  6.1980us  6.1980us  6.1980us  cudaEventElapsedTime
                    0.00%  5.0000us         3  1.6660us  1.3020us  2.3440us  cuDeviceGet
                    0.00%  4.5310us         1  4.5310us  4.5310us  4.5310us  cuInit
                    0.00%  3.9580us         2  1.9790us  1.9790us  1.9790us  cuDeviceGetName
                    0.00%  2.2400us         1  2.2400us  2.2400us  2.2400us  cuDriverGetVersion
                    0.00%  2.0830us         2  1.0410us     937ns  1.1460us  cuDeviceGetUuid
