printing nodes:
0) 39.4 - 84.0
1) 79.8 - 78.3
2) 19.8 - 91.2
3) 76.8 - 33.5
4) 55.4 - 27.8
5) 62.9 - 47.7
6) 51.3 - 36.5
7) 91.6 - 95.2
8) 71.7 - 63.6
9) 60.7 - 14.2
10) 24.3 - 1.6
11) 80.4 - 13.7
12) 40.1 - 15.7
13) 10.9 - 13.0
14) 21.8 - 99.9
15) 83.9 - 51.3
16) 29.6 - 61.3
17) 52.4 - 63.8
18) 97.3 - 49.4
19) 77.1 - 29.3
20) 77.0 - 52.7
21) 89.2 - 40.0
22) 35.2 - 28.3
23) 91.9 - 80.8
24) 94.9 - 7.0
25) 8.6 - 52.6
26) 66.3 - 19.2
27) 34.9 - 89.0
28) 2.0 - 6.4
29) 6.3 - 45.8
30) 97.1 - 23.8
31) 85.1 - 90.2
32) 54.0 - 26.7
33) 76.0 - 37.5
34) 66.8 - 51.3
35) 3.9 - 53.2
36) 93.2 - 43.8
37) 72.1 - 93.1
38) 73.9 - 28.4
39) 35.4 - 64.0
40) 16.6 - 68.8
41) 88.0 - 44.0
42) 33.0 - 82.9
43) 89.3 - 22.9
44) 68.7 - 35.0
45) 58.9 - 95.6
46) 85.9 - 65.7
47) 92.4 - 44.0
-----------
initializing population
operation on population will be launched on 16 blocks with dim (32, 2)
operation on offspring will be launched on 32 blocks with dim (32, 2)
running main loop
Iterated 500 times, elapsed time is 1683.63 ms, for 3.37 ms/it
summary of iterations:
1914.78 ->
1952.86 ->1913.24 ->1960.20 ->1896.43 ->1846.48 ->1788.08 ->1755.76 ->1700.62 ->1750.71 ->1730.53 ->
1706.76 ->1731.99 ->1600.11 ->1588.65 ->1607.93 ->1559.69 ->1613.47 ->1607.91 ->1510.82 ->1600.22 ->
1592.83 ->1525.05 ->1512.90 ->1540.36 ->1526.01 ->1440.37 ->1442.81 ->1417.41 ->1444.29 ->1535.35 ->
1437.70 ->1456.17 ->1437.46 ->1471.92 ->1459.67 ->1486.42 ->1459.11 ->1469.03 ->1413.63 ->1357.69 ->
1392.16 ->1394.08 ->1437.15 ->1411.24 ->1440.67 ->1364.96 ->1367.46 ->1446.47 ->1437.10 ->1440.61 ->
1398.41 ->1357.73 ->1357.73 ->1342.74 ->1331.57 ->1334.86 ->1316.88 ->1336.93 ->1270.29 ->1340.90 ->
1339.99 ->1327.82 ->1308.69 ->1327.82 ->1363.98 ->1332.75 ->1355.28 ->1370.06 ->1372.09 ->1372.58 ->
1269.68 ->1295.79 ->1400.12 ->1370.42 ->1367.62 ->1289.92 ->1288.34 ->1271.43 ->1264.44 ->1253.90 ->
1274.58 ->1307.07 ->1281.42 ->1219.00 ->1250.04 ->1293.64 ->1302.79 ->1277.73 ->1248.38 ->1305.73 ->
1319.49 ->1311.03 ->1264.47 ->1301.54 ->1291.69 ->1291.40 ->1270.07 ->1352.18 ->1276.68 ->1350.06 ->
1346.06 ->1302.63 ->1302.63 ->1340.41 ->1322.40 ->1321.52 ->1319.26 ->1255.11 ->1292.91 ->1270.62 ->
1280.81 ->1284.86 ->1225.99 ->1254.94 ->1257.60 ->1257.60 ->1300.83 ->1294.19 ->1318.29 ->1311.11 ->
1294.00 ->1283.86 ->1286.63 ->1264.60 ->1335.85 ->1339.81 ->1318.12 ->1349.99 ->1348.35 ->1213.61 ->
1250.38 ->1268.66 ->1289.67 ->1245.40 ->1253.11 ->1317.70 ->1250.61 ->1273.66 ->1297.17 ->1253.68 ->
1320.41 ->1313.41 ->1213.58 ->1213.58 ->1186.97 ->1231.51 ->1245.36 ->1241.93 ->1271.05 ->1278.82 ->
1229.29 ->1234.14 ->1210.30 ->1228.67 ->1228.67 ->1238.06 ->1239.86 ->1292.51 ->1249.12 ->1254.56 ->
1231.19 ->1276.15 ->1295.84 ->1262.53 ->1284.91 ->1302.53 ->1334.96 ->1274.94 ->1317.03 ->1290.29 ->
1257.01 ->1280.63 ->1243.58 ->1197.09 ->1233.92 ->1288.56 ->1311.80 ->1331.68 ->1275.29 ->1284.37 ->
1276.51 ->1298.03 ->1303.94 ->1311.05 ->1308.35 ->1303.44 ->1329.56 ->1326.38 ->1346.98 ->1329.21 ->
1313.26 ->1333.94 ->1311.66 ->1361.99 ->1307.22 ->1302.12 ->1313.99 ->1324.90 ->1326.13 ->1347.74 ->
1330.00 ->1215.42 ->1329.76 ->1363.20 ->1324.56 ->1364.53 ->1310.08 ->1355.26 ->1305.65 ->1348.41 ->
1359.18 ->1315.51 ->1358.90 ->1311.52 ->1270.78 ->1355.37 ->1349.98 ->1326.38 ->1337.28 ->1344.78 ->
1291.28 ->1322.83 ->1321.25 ->1296.89 ->1293.76 ->1270.23 ->1262.19 ->1256.16 ->1302.24 ->1294.58 ->
1270.44 ->1257.38 ->1294.34 ->1288.62 ->1282.29 ->1299.04 ->1299.04 ->1289.03 ->1292.24 ->1306.63 ->
1303.55 ->1278.86 ->1319.67 ->1299.77 ->1261.40 ->1341.22 ->1314.72 ->1235.03 ->1242.54 ->1274.71 ->
1285.51 ->1303.07 ->1292.07 ->1274.50 ->1293.54 ->1309.67 ->1331.66 ->1317.70 ->1325.89 ->1357.73 ->
1356.46 ->1338.90 ->1315.62 ->1329.97 ->1326.66 ->1339.67 ->1290.77 ->1326.65 ->1284.04 ->1311.15 ->
1309.53 ->1312.41 ->1295.53 ->1335.48 ->1350.74 ->1327.47 ->1354.17 ->1357.49 ->1319.94 ->1289.36 ->
1290.21 ->1301.57 ->1335.37 ->1327.84 ->1338.23 ->1303.69 ->1333.61 ->1333.61 ->1350.12 ->1335.51 ->
1310.20 ->1303.12 ->1270.86 ->1225.12 ->1305.55 ->1317.31 ->1345.19 ->1298.43 ->1303.10 ->1335.27 ->
1368.27 ->1379.00 ->1365.56 ->1364.47 ->1362.63 ->1356.59 ->1369.51 ->1388.96 ->1388.96 ->1379.57 ->
1324.09 ->1373.76 ->1373.76 ->1379.27 ->1349.37 ->1327.31 ->1309.28 ->1332.00 ->1343.03 ->1357.32 ->
1362.39 ->1403.44 ->1343.49 ->1372.33 ->1327.41 ->1296.18 ->1344.86 ->1340.24 ->1335.02 ->1330.49 ->
1315.65 ->1354.08 ->1361.87 ->1354.24 ->1271.77 ->1271.77 ->1327.86 ->1344.25 ->1333.86 ->1332.47 ->
1335.55 ->1333.07 ->1360.24 ->1351.27 ->1328.45 ->1328.75 ->1339.51 ->1331.59 ->1325.97 ->1276.13 ->
1268.92 ->1305.99 ->1293.68 ->1301.52 ->1272.42 ->1311.07 ->1285.07 ->1299.16 ->1303.48 ->1284.53 ->
1299.08 ->1319.57 ->1326.95 ->1304.43 ->1311.58 ->1314.72 ->1311.04 ->1314.15 ->1299.78 ->1290.10 ->
1287.20 ->1310.24 ->1351.23 ->1343.17 ->1303.30 ->1299.86 ->1327.80 ->1333.85 ->1329.98 ->1369.80 ->
1296.86 ->1300.61 ->1300.64 ->1308.10 ->1301.66 ->1268.70 ->1287.92 ->1324.38 ->1299.76 ->1276.29 ->
1254.07 ->1348.24 ->1302.17 ->1313.30 ->1317.22 ->1346.87 ->1306.01 ->1256.02 ->1257.55 ->1271.61 ->
1273.94 ->1301.76 ->1325.39 ->1339.63 ->1330.27 ->1337.39 ->1261.95 ->1323.58 ->1220.66 ->1251.38 ->
1325.38 ->1306.96 ->1306.96 ->1322.63 ->1282.92 ->1303.97 ->1277.73 ->1281.44 ->1319.23 ->1327.48 ->
1326.36 ->1317.83 ->1335.74 ->1328.96 ->1278.95 ->1257.74 ->1300.37 ->1218.63 ->1242.80 ->1237.64 ->
1311.02 ->1314.46 ->1318.51 ->1320.59 ->1287.16 ->1310.08 ->1249.71 ->1245.66 ->1299.65 ->1311.03 ->
1290.76 ->1283.36 ->1295.14 ->1322.66 ->1321.76 ->1321.25 ->1342.64 ->1241.53 ->1268.19 ->1288.75 ->
1185.89 ->1229.29 ->1242.93 ->1200.01 ->1262.98 ->1268.60 ->1286.51 ->1296.26 ->1298.06 ->1247.71 ->
1287.84 ->1295.31 ->1332.38 ->1252.00 ->1308.35 ->1332.53 ->1306.70 ->1273.36 ->1298.61 ->1279.04 ->
1236.87 ->1228.60 ->1264.93 ->1339.82 ->1339.85 ->1290.00 ->1357.83 ->1309.34 ->1290.39 ->1287.69 ->
1226.91 ->1234.19 ->1242.67 ->1238.35 ->1227.09 ->1256.19 ->1317.59 ->1338.69 ->1348.16 ->1321.96 ->
1366.07 ->1365.70 ->1349.32 ->1300.72 ->1301.97 ->1320.63 ->1221.17 ->1253.12 ->1291.76 ->
printing the worst solution as a metric for diversity in the population:
19 3 15 31 30 36 21 42 46 7 23 1 8 33 18 45 0 2 17 26 14 16 6 34 22 44 4 12 10 28 13 29 25 32 9 38 47 27 37 39 40 35 43 5 20 41 11 24 
best solution found has path length 1185.89
38 ->21 ->24 ->15 ->2 ->0 ->45 ->42 ->37 ->31 ->7 ->23 ->1 ->5 ->26 ->11 ->30 ->36 ->3 ->6 ->32 ->12 ->10 ->28 ->13 ->29 ->14 ->16 ->39 ->27 ->40 ->25 ->35 ->43 ->41 ->47 ->19 ->4 ->9 ->22 ->17 ->8 ->44 ->18 ->46 ->20 ->34 ->33 ->
