printing nodes:
0) 39.4 - 84.0
1) 79.8 - 78.3
2) 19.8 - 91.2
3) 76.8 - 33.5
4) 55.4 - 27.8
5) 62.9 - 47.7
6) 51.3 - 36.5
7) 91.6 - 95.2
8) 71.7 - 63.6
9) 60.7 - 14.2
10) 24.3 - 1.6
11) 80.4 - 13.7
12) 40.1 - 15.7
13) 10.9 - 13.0
14) 21.8 - 99.9
15) 83.9 - 51.3
16) 29.6 - 61.3
17) 52.4 - 63.8
18) 97.3 - 49.4
19) 77.1 - 29.3
20) 77.0 - 52.7
21) 89.2 - 40.0
22) 35.2 - 28.3
23) 91.9 - 80.8
24) 94.9 - 7.0
25) 8.6 - 52.6
26) 66.3 - 19.2
27) 34.9 - 89.0
28) 2.0 - 6.4
29) 6.3 - 45.8
30) 97.1 - 23.8
31) 85.1 - 90.2
32) 54.0 - 26.7
33) 76.0 - 37.5
34) 66.8 - 51.3
35) 3.9 - 53.2
36) 93.2 - 43.8
37) 72.1 - 93.1
38) 73.9 - 28.4
39) 35.4 - 64.0
40) 16.6 - 68.8
41) 88.0 - 44.0
42) 33.0 - 82.9
43) 89.3 - 22.9
44) 68.7 - 35.0
45) 58.9 - 95.6
46) 85.9 - 65.7
47) 92.4 - 44.0
-----------
initializing population
operation on population will be launched on 16 blocks with dim (32, 2)
operation on offspring will be launched on 32 blocks with dim (32, 2)
running main loop
Iterated 500 times, elapsed time is 1443.29 ms, for 2.89 ms/it
summary of iterations:
1962.22 ->
2032.50 ->1996.99 ->1960.62 ->1947.83 ->1851.31 ->1873.26 ->1768.82 ->1756.22 ->1755.97 ->1746.85 ->
1764.49 ->1723.46 ->1734.45 ->1685.59 ->1652.77 ->1658.69 ->1660.88 ->1601.95 ->1527.33 ->1563.25 ->
1563.20 ->1588.61 ->1448.41 ->1445.39 ->1400.88 ->1526.09 ->1506.23 ->1516.71 ->1503.19 ->1412.72 ->
1394.95 ->1353.67 ->1342.51 ->1425.84 ->1420.55 ->1362.30 ->1403.85 ->1382.79 ->1378.97 ->1396.56 ->
1392.74 ->1392.74 ->1388.36 ->1389.26 ->1431.79 ->1366.84 ->1391.84 ->1404.95 ->1367.53 ->1398.92 ->
1418.93 ->1398.45 ->1390.36 ->1389.66 ->1295.75 ->1331.47 ->1338.21 ->1346.86 ->1363.10 ->1348.72 ->
1327.19 ->1320.70 ->1339.62 ->1350.66 ->1379.48 ->1348.59 ->1393.20 ->1377.42 ->1376.97 ->1358.23 ->
1361.97 ->1369.42 ->1340.66 ->1328.21 ->1316.19 ->1295.01 ->1307.30 ->1317.00 ->1383.50 ->1279.83 ->
1279.83 ->1249.77 ->1381.05 ->1381.18 ->1341.32 ->1367.88 ->1362.02 ->1371.97 ->1369.72 ->1369.72 ->
1376.82 ->1323.43 ->1345.50 ->1369.37 ->1383.24 ->1342.37 ->1350.14 ->1348.49 ->1341.19 ->1331.92 ->
1336.32 ->1285.51 ->1295.66 ->1306.77 ->1276.47 ->1247.94 ->1227.27 ->1241.35 ->1259.30 ->1309.39 ->
1317.91 ->1362.44 ->1310.30 ->1299.09 ->1348.15 ->1324.76 ->1324.76 ->1327.97 ->1316.54 ->1316.54 ->
1258.90 ->1329.86 ->1349.91 ->1318.17 ->1324.27 ->1304.99 ->1263.84 ->1330.83 ->1307.81 ->1283.56 ->
1293.15 ->1307.34 ->1324.96 ->1287.87 ->1298.80 ->1264.71 ->1342.33 ->1332.83 ->1411.36 ->1353.99 ->
1350.08 ->1344.41 ->1287.37 ->1287.37 ->1321.29 ->1279.60 ->1260.34 ->1277.17 ->1294.44 ->1268.21 ->
1324.48 ->1316.75 ->1307.98 ->1306.89 ->1317.62 ->1288.86 ->1330.19 ->1325.13 ->1301.52 ->1266.82 ->
1273.45 ->1242.96 ->1277.03 ->1308.43 ->1281.60 ->1322.64 ->1261.67 ->1338.62 ->1338.33 ->1347.12 ->
1304.49 ->1295.15 ->1328.83 ->1339.73 ->1309.43 ->1296.84 ->1296.01 ->1320.16 ->1198.91 ->1219.22 ->
1332.55 ->1310.79 ->1306.35 ->1309.65 ->1270.11 ->1331.03 ->1263.91 ->1279.56 ->1303.06 ->1286.42 ->
1308.48 ->1323.76 ->1308.40 ->1339.80 ->1343.64 ->1320.28 ->1331.92 ->1331.92 ->1285.65 ->1253.13 ->
1295.46 ->1340.24 ->1310.60 ->1340.28 ->1335.19 ->1306.54 ->1303.76 ->1254.75 ->1270.30 ->1252.77 ->
1254.38 ->1251.67 ->1283.70 ->1312.24 ->1309.88 ->1238.45 ->1329.39 ->1310.44 ->1247.39 ->1328.06 ->
1296.01 ->1334.46 ->1295.86 ->1320.51 ->1336.36 ->1321.49 ->1284.53 ->1293.05 ->1248.09 ->1271.58 ->
1247.51 ->1276.86 ->1282.14 ->1304.32 ->1305.59 ->1306.61 ->1345.55 ->1328.24 ->1320.66 ->1306.89 ->
1328.16 ->1339.93 ->1332.20 ->1260.73 ->1206.86 ->1281.35 ->1198.51 ->1200.24 ->1227.31 ->1276.31 ->
1249.99 ->1312.66 ->1303.22 ->1291.80 ->1306.93 ->1307.90 ->1318.24 ->1314.94 ->1287.92 ->1244.58 ->
1284.17 ->1246.20 ->1256.35 ->1248.51 ->1245.26 ->1302.15 ->1291.06 ->1290.75 ->1280.37 ->1252.72 ->
1229.34 ->1236.80 ->1254.99 ->1237.20 ->1253.38 ->1249.37 ->1237.74 ->1257.51 ->1223.60 ->1251.49 ->
1236.69 ->1236.85 ->1262.83 ->1283.72 ->1249.74 ->1255.43 ->1233.81 ->1248.28 ->1212.39 ->1226.46 ->
1284.11 ->1260.50 ->1259.67 ->1227.93 ->1201.90 ->1239.69 ->1235.53 ->1228.78 ->1218.47 ->1200.66 ->
1266.88 ->1255.83 ->1258.54 ->1265.14 ->1277.52 ->1284.88 ->1297.62 ->1229.13 ->1212.70 ->1181.46 ->
1229.48 ->1211.57 ->1184.15 ->1245.06 ->1237.46 ->1215.67 ->1233.07 ->1235.00 ->1247.77 ->1250.26 ->
1224.02 ->1215.80 ->1246.59 ->1303.38 ->1250.15 ->1206.77 ->1266.25 ->1262.42 ->1248.25 ->1244.59 ->
1276.22 ->1275.93 ->1269.92 ->1243.51 ->1236.24 ->1282.23 ->1267.76 ->1278.45 ->1282.20 ->1323.42 ->
1282.59 ->1283.09 ->1286.53 ->1297.01 ->1291.23 ->1317.33 ->1300.51 ->1287.48 ->1286.33 ->1252.28 ->
1264.21 ->1270.84 ->1294.26 ->1293.88 ->1270.58 ->1303.99 ->1287.58 ->1287.54 ->1286.93 ->1323.83 ->
1312.82 ->1335.87 ->1327.29 ->1333.18 ->1334.51 ->1273.18 ->1333.48 ->1362.37 ->1334.48 ->1322.62 ->
1296.51 ->1324.86 ->1296.05 ->1294.10 ->1301.93 ->1291.24 ->1312.30 ->1290.83 ->1282.74 ->1283.11 ->
1274.45 ->1270.57 ->1269.48 ->1269.48 ->1286.54 ->1283.01 ->1328.02 ->1320.21 ->1293.19 ->1345.36 ->
1322.86 ->1293.75 ->1340.73 ->1300.15 ->1246.64 ->1310.16 ->1310.16 ->1292.40 ->1322.06 ->1322.06 ->
1292.69 ->1280.06 ->1293.69 ->1313.13 ->1308.47 ->1331.61 ->1294.89 ->1308.40 ->1325.46 ->1281.47 ->
1277.54 ->1259.44 ->1241.19 ->1273.71 ->1229.03 ->1207.72 ->1232.70 ->1230.91 ->1226.64 ->1238.31 ->
1229.18 ->1266.93 ->1302.14 ->1289.95 ->1254.17 ->1286.11 ->1290.89 ->1301.85 ->1276.32 ->1282.03 ->
1268.06 ->1253.95 ->1293.00 ->1302.94 ->1312.71 ->1315.73 ->1284.11 ->1305.70 ->1326.72 ->1333.32 ->
1340.36 ->1331.91 ->1290.51 ->1299.97 ->1315.03 ->1313.14 ->1254.83 ->1219.35 ->1276.20 ->1254.68 ->
1219.68 ->1197.57 ->1289.69 ->1254.68 ->1218.48 ->1242.74 ->1246.60 ->1252.33 ->1294.88 ->1252.33 ->
1288.72 ->1309.17 ->1290.81 ->1327.44 ->1321.05 ->1285.22 ->1304.25 ->1258.94 ->1299.12 ->1302.66 ->
1343.78 ->1271.58 ->1267.05 ->1305.75 ->1358.14 ->1342.66 ->1331.37 ->1347.63 ->1351.68 ->1326.02 ->
1353.46 ->1347.66 ->1242.21 ->1264.58 ->1230.36 ->1229.81 ->1278.73 ->1284.11 ->1348.24 ->1371.98 ->
1352.14 ->1334.11 ->1367.07 ->1371.28 ->1366.10 ->1350.53 ->1343.86 ->1273.38 ->1262.12 ->
printing the worst solution as a metric for diversity in the population:
32 22 8 27 0 45 37 31 1 23 19 42 14 17 2 34 21 44 41 47 46 18 15 9 24 11 12 5 4 26 39 7 33 6 3 36 16 20 13 28 10 40 29 25 35 30 43 38 
best solution found has path length 1181.46
34 ->20 ->26 ->15 ->30 ->18 ->41 ->21 ->16 ->5 ->33 ->38 ->19 ->10 ->28 ->13 ->12 ->47 ->46 ->8 ->39 ->27 ->0 ->2 ->14 ->42 ->40 ->45 ->7 ->31 ->23 ->1 ->37 ->17 ->32 ->4 ->22 ->29 ->35 ->25 ->9 ->3 ->36 ->43 ->24 ->44 ->11 ->6 ->
