printing nodes:
0) 39.4 - 84.0
1) 79.8 - 78.3
2) 19.8 - 91.2
3) 76.8 - 33.5
4) 55.4 - 27.8
5) 62.9 - 47.7
6) 51.3 - 36.5
7) 91.6 - 95.2
8) 71.7 - 63.6
9) 60.7 - 14.2
10) 24.3 - 1.6
11) 80.4 - 13.7
12) 40.1 - 15.7
13) 10.9 - 13.0
14) 21.8 - 99.9
15) 83.9 - 51.3
16) 29.6 - 61.3
17) 52.4 - 63.8
18) 97.3 - 49.4
19) 77.1 - 29.3
20) 77.0 - 52.7
21) 89.2 - 40.0
22) 35.2 - 28.3
23) 91.9 - 80.8
24) 94.9 - 7.0
25) 8.6 - 52.6
26) 66.3 - 19.2
27) 34.9 - 89.0
28) 2.0 - 6.4
29) 6.3 - 45.8
30) 97.1 - 23.8
31) 85.1 - 90.2
32) 54.0 - 26.7
33) 76.0 - 37.5
34) 66.8 - 51.3
35) 3.9 - 53.2
36) 93.2 - 43.8
37) 72.1 - 93.1
38) 73.9 - 28.4
39) 35.4 - 64.0
40) 16.6 - 68.8
41) 88.0 - 44.0
42) 33.0 - 82.9
43) 89.3 - 22.9
44) 68.7 - 35.0
45) 58.9 - 95.6
46) 85.9 - 65.7
47) 92.4 - 44.0
-----------
operation on population will be launched on 8 blocks with dim (32, 4)
operation on offspring will be launched on 32 blocks with dim (32, 4)
Iterated 500 times, elapsed time is 2114.37 ms, for 4.23 ms/it
summary of iterations:
1922.50 ->1942.83 ->1785.40 ->1761.72 ->1678.86 ->1709.74 ->1640.16 ->1621.65 ->1569.62 ->1529.91 ->1513.71 ->1469.76 ->1386.28 ->1402.87 ->1362.99 ->1319.28 ->1322.08 ->1324.25 ->1290.64 ->1268.58 ->1247.05 ->1200.96 ->1192.80 ->1165.41 ->1205.87 ->1193.14 ->1174.00 ->1156.81 ->1127.04 ->1119.54 ->1108.16 ->1101.98 ->1076.91 ->982.84 ->996.60 ->1005.80 ->1049.59 ->1040.64 ->1013.21 ->1013.21 ->1020.78 ->1023.77 ->1000.98 ->991.54 ->994.57 ->928.89 ->1003.33 ->943.29 ->966.48 ->960.43 ->978.38 ->958.11 ->982.83 ->950.58 ->937.36 ->963.28 ->924.92 ->878.38 ->932.27 ->909.45 ->879.36 ->903.74 ->903.10 ->899.87 ->876.17 ->852.26 ->845.31 ->857.28 ->853.63 ->894.96 ->872.83 ->861.29 ->849.39 ->839.70 ->841.13 ->840.36 ->853.20 ->843.16 ->843.16 ->830.14 ->818.06 ->819.88 ->814.92 ->808.86 ->813.88 ->809.40 ->810.35 ->799.17 ->802.79 ->801.83 ->766.94 ->795.40 ->781.40 ->781.40 ->776.87 ->775.88 ->775.88 ->757.12 ->744.09 ->750.91 ->732.15 ->736.08 ->740.97 ->728.39 ->729.58 ->722.97 ->726.41 ->713.19 ->713.19 ->706.27 ->707.78 ->699.43 ->700.05 ->695.78 ->660.56 ->649.79 ->674.39 ->678.43 ->670.22 ->669.25 ->677.27 ->675.52 ->675.52 ->653.25 ->660.69 ->651.67 ->649.56 ->646.70 ->645.43 ->641.58 ->630.60 ->632.32 ->633.95 ->626.43 ->624.39 ->621.95 ->621.72 ->613.81 ->613.81 ->615.84 ->618.80 ->617.63 ->616.19 ->606.62 ->606.62 ->606.62 ->607.76 ->607.61 ->598.97 ->596.81 ->595.91 ->588.30 ->594.99 ->591.06 ->590.30 ->585.96 ->586.88 ->583.89 ->582.91 ->583.89 ->582.91 ->582.91 ->582.91 ->582.91 ->582.91 ->582.91 ->582.91 ->582.91 ->582.91 ->582.91 ->582.91 ->582.91 ->582.91 ->582.91 ->582.91 ->582.91 ->582.91 ->582.91 ->582.91 ->582.91 ->582.91 ->582.91 ->582.91 ->582.91 ->582.91 ->582.91 ->582.91 ->582.91 ->582.91 ->582.91 ->582.91 ->582.91 ->582.91 ->582.91 ->582.91 ->582.91 ->582.91 ->582.91 ->582.91 ->582.91 ->582.91 ->582.91 ->582.91 ->582.91 ->582.91 ->582.91 ->582.91 ->582.91 ->582.91 ->582.91 ->582.91 ->582.91 ->582.91 ->582.91 ->582.91 ->582.91 ->582.91 ->582.91 ->582.91 ->582.91 ->582.91 ->582.91 ->582.91 ->582.91 ->582.91 ->582.91 ->582.91 ->582.91 ->582.91 ->582.91 ->582.91 ->582.91 ->582.91 ->582.91 ->582.91 ->582.91 ->582.91 ->582.91 ->582.91 ->582.91 ->582.91 ->582.91 ->582.91 ->582.91 ->582.91 ->582.91 ->582.91 ->582.91 ->582.91 ->582.91 ->582.91 ->582.91 ->582.91 ->582.91 ->582.91 ->582.91 ->582.91 ->582.91 ->582.91 ->582.91 ->582.91 ->582.91 ->582.91 ->582.91 ->582.91 ->582.91 ->582.91 ->582.91 ->582.91 ->582.91 ->582.91 ->582.91 ->582.91 ->582.91 ->582.91 ->582.91 ->582.91 ->582.91 ->582.91 ->582.91 ->582.91 ->582.91 ->582.91 ->582.91 ->582.91 ->582.91 ->582.91 ->582.91 ->582.91 ->582.91 ->582.91 ->582.91 ->582.91 ->582.91 ->582.91 ->582.91 ->582.91 ->582.91 ->582.91 ->582.91 ->582.91 ->582.91 ->582.91 ->582.91 ->582.91 ->582.91 ->582.91 ->582.91 ->582.91 ->582.91 ->582.91 ->582.91 ->582.91 ->582.91 ->582.91 ->582.91 ->582.91 ->582.91 ->582.91 ->582.91 ->582.91 ->582.91 ->582.91 ->582.91 ->582.91 ->582.91 ->582.91 ->582.91 ->582.91 ->582.91 ->582.91 ->582.91 ->582.91 ->582.91 ->582.91 ->582.91 ->582.91 ->582.91 ->582.91 ->582.91 ->582.91 ->582.91 ->582.91 ->582.91 ->582.91 ->582.91 ->582.91 ->582.91 ->582.91 ->582.91 ->582.91 ->582.91 ->582.91 ->582.91 ->582.91 ->582.91 ->582.91 ->582.91 ->582.91 ->582.91 ->582.91 ->582.91 ->582.91 ->582.91 ->582.91 ->582.91 ->582.91 ->582.91 ->582.91 ->582.91 ->582.91 ->582.91 ->582.91 ->582.91 ->582.91 ->582.91 ->582.91 ->582.91 ->582.91 ->582.91 ->582.91 ->582.91 ->582.91 ->582.91 ->582.91 ->582.91 ->582.91 ->582.91 ->582.91 ->582.91 ->582.91 ->582.91 ->582.91 ->582.91 ->582.91 ->582.91 ->582.91 ->582.91 ->582.91 ->582.91 ->582.91 ->582.91 ->582.91 ->582.91 ->582.91 ->582.91 ->582.91 ->582.91 ->582.91 ->582.91 ->582.91 ->582.91 ->582.91 ->582.91 ->582.91 ->582.91 ->582.91 ->582.91 ->582.91 ->582.91 ->582.91 ->582.91 ->582.91 ->582.91 ->582.91 ->582.91 ->582.91 ->582.91 ->582.91 ->582.91 ->582.91 ->582.91 ->582.91 ->582.91 ->582.91 ->582.91 ->582.91 ->582.91 ->582.91 ->582.91 ->582.91 ->582.91 ->582.91 ->582.91 ->582.91 ->582.91 ->582.91 ->582.91 ->582.91 ->582.91 ->582.91 ->582.91 ->582.91 ->582.91 ->582.91 ->582.91 ->582.91 ->582.91 ->582.91 ->582.91 ->582.91 ->582.91 ->582.91 ->582.91 ->582.91 ->582.91 ->582.91 ->582.91 ->582.91 ->582.91 ->582.91 ->582.91 ->582.91 ->582.91 ->582.91 ->582.91 ->582.91 ->582.91 ->582.91 ->582.91 ->582.91 ->582.91 ->582.91 ->582.91 ->582.91 ->582.91 ->582.91 ->582.91 ->582.91 ->582.91 ->582.91 ->582.91 ->582.91 ->582.91 ->582.91 ->582.91 ->582.91 ->582.91 ->582.91 ->582.91 ->
printing the worst solution as a metric for diversity in the population:
8 
17 5 34 20 15 18 36 47 41 21 
33 3 44 38 19 43 30 24 11 26 
9 32 4 6 22 12 10 28 13 29 
35 25 40 16 39 42 2 14 27 0 
45 37 31 7 23 1 46 
best solution found has path length 582.91
8 ->17 ->5 ->34 ->20 ->15 ->18 ->36 ->47 ->41 ->21 ->33 ->3 ->44 ->38 ->19 ->43 ->30 ->24 ->11 ->26 ->9 ->32 ->4 ->6 ->22 ->12 ->10 ->28 ->13 ->29 ->35 ->25 ->40 ->16 ->39 ->42 ->2 ->14 ->27 ->0 ->45 ->37 ->31 ->7 ->23 ->1 ->46 ->
